2025-05-13 16:28:25 - AdminIndex::index() called
2025-05-13 16:28:27 - AdminIndex::index() called
2025-05-13 16:29:14 - AdminIndex::__construct() called
2025-05-13 16:29:14 - Checking authentication...
2025-05-13 16:29:14 - Authentication failed, redirecting to login
2025-05-13 16:29:37 - AdminIndex::__construct() called
2025-05-13 16:29:37 - Checking authentication...
2025-05-13 16:29:37 - Authentication successful, checking user type...
2025-05-13 16:29:37 - Setting authentication guard...
2025-05-13 16:29:37 - Authentication guard set successfully
2025-05-13 16:29:37 - AdminIndex::index() called
2025-05-13 16:29:38 - AdminIndex::__construct() called
2025-05-13 16:29:38 - Checking authentication...
2025-05-13 16:29:38 - Authentication successful, checking user type...
2025-05-13 16:29:38 - Setting authentication guard...
2025-05-13 16:29:38 - Authentication guard set successfully
2025-05-13 16:29:38 - AdminIndex::index() called
2025-05-13 16:29:38 - AdminIndex::__construct() called
2025-05-13 16:29:38 - Checking authentication...
2025-05-13 16:29:38 - Authentication successful, checking user type...
2025-05-13 16:29:38 - Setting authentication guard...
2025-05-13 16:29:38 - Authentication guard set successfully
2025-05-13 16:29:38 - AdminIndex::index() called
2025-05-13 16:29:39 - AdminIndex::__construct() called
2025-05-13 16:29:39 - Checking authentication...
2025-05-13 16:29:39 - Authentication successful, checking user type...
2025-05-13 16:29:39 - Setting authentication guard...
2025-05-13 16:29:39 - Authentication guard set successfully
2025-05-13 16:29:39 - AdminIndex::index() called
2025-05-13 16:29:39 - AdminIndex::__construct() called
2025-05-13 16:29:39 - Checking authentication...
2025-05-13 16:29:39 - Authentication successful, checking user type...
2025-05-13 16:29:39 - Setting authentication guard...
2025-05-13 16:29:39 - Authentication guard set successfully
2025-05-13 16:29:39 - AdminIndex::index() called
2025-05-13 16:29:39 - AdminIndex::__construct() called
2025-05-13 16:29:39 - Checking authentication...
2025-05-13 16:29:39 - Authentication successful, checking user type...
2025-05-13 16:29:39 - Setting authentication guard...
2025-05-13 16:29:39 - Authentication guard set successfully
2025-05-13 16:29:39 - AdminIndex::index() called
2025-05-13 16:29:39 - AdminIndex::__construct() called
2025-05-13 16:29:39 - Checking authentication...
2025-05-13 16:29:39 - Authentication successful, checking user type...
2025-05-13 16:29:39 - Setting authentication guard...
2025-05-13 16:29:39 - Authentication guard set successfully
2025-05-13 16:29:39 - AdminIndex::index() called
2025-05-13 16:30:55 - AdminIndex::__construct() called
2025-05-13 16:30:55 - Checking authentication...
2025-05-13 16:30:55 - Authentication failed, redirecting to login
2025-05-13 16:32:23 - AdminIndex::__construct() called
2025-05-13 16:32:23 - Checking authentication...
2025-05-13 16:32:23 - Authentication successful, checking user type...
2025-05-13 16:32:23 - Setting authentication guard...
2025-05-13 16:32:23 - Authentication guard set successfully
2025-05-13 16:32:23 - AdminIndex::index() called
2025-05-13 16:32:25 - AdminIndex::__construct() called
2025-05-13 16:32:25 - Checking authentication...
2025-05-13 16:32:25 - Authentication successful, checking user type...
2025-05-13 16:32:25 - Setting authentication guard...
2025-05-13 16:32:25 - Authentication guard set successfully
2025-05-13 16:32:25 - AdminIndex::index() called
2025-05-13 16:32:25 - AdminIndex::__construct() called
2025-05-13 16:32:25 - Checking authentication...
2025-05-13 16:32:25 - Authentication successful, checking user type...
2025-05-13 16:32:25 - Setting authentication guard...
2025-05-13 16:32:25 - Authentication guard set successfully
2025-05-13 16:32:25 - AdminIndex::index() called
2025-05-13 16:32:25 - AdminIndex::__construct() called
2025-05-13 16:32:25 - Checking authentication...
2025-05-13 16:32:25 - Authentication successful, checking user type...
2025-05-13 16:32:25 - Setting authentication guard...
2025-05-13 16:32:25 - Authentication guard set successfully
2025-05-13 16:32:25 - AdminIndex::index() called
2025-05-13 16:32:25 - AdminIndex::__construct() called
2025-05-13 16:32:25 - Checking authentication...
2025-05-13 16:32:25 - Authentication successful, checking user type...
2025-05-13 16:32:25 - Setting authentication guard...
2025-05-13 16:32:25 - Authentication guard set successfully
2025-05-13 16:32:25 - AdminIndex::index() called
2025-05-13 16:32:25 - AdminIndex::__construct() called
2025-05-13 16:32:25 - Checking authentication...
2025-05-13 16:32:25 - Authentication successful, checking user type...
2025-05-13 16:32:25 - Setting authentication guard...
2025-05-13 16:32:25 - Authentication guard set successfully
2025-05-13 16:32:25 - AdminIndex::index() called
2025-05-13 16:32:26 - AdminIndex::__construct() called
2025-05-13 16:32:26 - Checking authentication...
2025-05-13 16:32:26 - Authentication successful, checking user type...
2025-05-13 16:32:26 - Setting authentication guard...
2025-05-13 16:32:26 - Authentication guard set successfully
2025-05-13 16:32:26 - AdminIndex::index() called
2025-05-13 16:32:46 - AdminIndex::__construct() called
2025-05-13 16:32:46 - Checking authentication...
2025-05-13 16:32:46 - Authentication failed, redirecting to login
2025-05-13 16:32:46 - Redirecting to: http://localhost:8888/ScanPixels/
2025-05-13 16:34:10 - AdminIndex::__construct() called
2025-05-13 16:34:10 - Checking authentication...
2025-05-13 16:34:10 - Authentication successful, checking user type...
2025-05-13 16:34:10 - Setting authentication guard...
2025-05-13 16:34:10 - Authentication guard set successfully
2025-05-13 16:34:10 - AdminIndex::index() called
2025-05-13 16:34:16 - AdminIndex::__construct() called
2025-05-13 16:34:16 - Checking authentication...
2025-05-13 16:34:16 - Authentication successful, checking user type...
2025-05-13 16:34:16 - Setting authentication guard...
2025-05-13 16:34:16 - Authentication guard set successfully
2025-05-13 16:34:16 - AdminIndex::index() called
