2025-05-13 16:27:10 - URL params from $_GET['altum']: Array
(
    [0] => admin
)

2025-05-13 16:27:10 - Original request: admin
2025-05-13 16:27:10 - Original request query: 
2025-05-13 16:27:10 - Original URL host: localhost
2025-05-13 16:27:10 - Request URL host: localhost:8888
2025-05-13 16:27:10 - Checking path param[0]: admin
2025-05-13 16:27:10 - Original hostname: localhost
2025-05-13 16:27:10 - Request hostname: localhost
2025-05-13 16:27:10 - Path set to: admin
2025-05-13 16:27:10 - Params after path extraction: Array
(
)

2025-05-13 16:27:10 - Final controller set to: AdminIndex
2025-05-13 16:27:22 - URL params from $_GET['altum']: Array
(
    [0] => admin
)

2025-05-13 16:27:22 - Original request: admin
2025-05-13 16:27:22 - Original request query: 
2025-05-13 16:27:22 - Original URL host: localhost
2025-05-13 16:27:22 - Request URL host: localhost:8888
2025-05-13 16:27:22 - Checking path param[0]: admin
2025-05-13 16:27:22 - Original hostname: localhost
2025-05-13 16:27:22 - Request hostname: localhost
2025-05-13 16:27:22 - Path set to: admin
2025-05-13 16:27:22 - Params after path extraction: Array
(
)

2025-05-13 16:27:22 - Final controller set to: AdminIndex
2025-05-13 16:28:25 - URL params from $_GET['altum']: Array
(
    [0] => admin
)

2025-05-13 16:28:25 - Original request: admin
2025-05-13 16:28:25 - Original request query: 
2025-05-13 16:28:25 - Original URL host: localhost
2025-05-13 16:28:25 - Request URL host: localhost:8888
2025-05-13 16:28:25 - Checking path param[0]: admin
2025-05-13 16:28:25 - Original hostname: localhost
2025-05-13 16:28:25 - Request hostname: localhost
2025-05-13 16:28:25 - Path set to: admin
2025-05-13 16:28:25 - Params after path extraction: Array
(
)

2025-05-13 16:28:25 - Final controller set to: AdminIndex
2025-05-13 16:28:27 - URL params from $_GET['altum']: Array
(
    [0] => admin
)

2025-05-13 16:28:27 - Original request: admin
2025-05-13 16:28:27 - Original request query: 
2025-05-13 16:28:27 - Original URL host: localhost
2025-05-13 16:28:27 - Request URL host: localhost:8888
2025-05-13 16:28:27 - Checking path param[0]: admin
2025-05-13 16:28:27 - Original hostname: localhost
2025-05-13 16:28:27 - Request hostname: localhost
2025-05-13 16:28:27 - Path set to: admin
2025-05-13 16:28:27 - Params after path extraction: Array
(
)

2025-05-13 16:28:27 - Final controller set to: AdminIndex
2025-05-13 16:28:31 - URL params from $_GET['altum']: Array
(
    [0] => admin
)

2025-05-13 16:28:31 - Original request: admin
2025-05-13 16:28:31 - Original request query: 
2025-05-13 16:28:31 - Original URL host: localhost
2025-05-13 16:28:31 - Request URL host: localhost:8888
2025-05-13 16:28:31 - Checking path param[0]: admin
2025-05-13 16:28:31 - Original hostname: localhost
2025-05-13 16:28:31 - Request hostname: localhost
2025-05-13 16:28:31 - Path set to: admin
2025-05-13 16:28:31 - Params after path extraction: Array
(
)

2025-05-13 16:28:31 - Final controller set to: AdminIndex
2025-05-13 16:29:14 - URL params from $_GET['altum']: Array
(
    [0] => admin
)

2025-05-13 16:29:14 - Original request: admin
2025-05-13 16:29:14 - Original request query: 
2025-05-13 16:29:14 - Original URL host: localhost
2025-05-13 16:29:14 - Request URL host: localhost:8888
2025-05-13 16:29:14 - Checking path param[0]: admin
2025-05-13 16:29:14 - Original hostname: localhost
2025-05-13 16:29:14 - Request hostname: localhost
2025-05-13 16:29:14 - Path set to: admin
2025-05-13 16:29:14 - Params after path extraction: Array
(
)

2025-05-13 16:29:14 - Final controller set to: AdminIndex
2025-05-13 16:29:37 - URL params from $_GET['altum']: Array
(
    [0] => admin
)

2025-05-13 16:29:37 - Original request: admin
2025-05-13 16:29:37 - Original request query: 
2025-05-13 16:29:37 - Original URL host: localhost
2025-05-13 16:29:37 - Request URL host: localhost:8888
2025-05-13 16:29:37 - Checking path param[0]: admin
2025-05-13 16:29:37 - Original hostname: localhost
2025-05-13 16:29:37 - Request hostname: localhost
2025-05-13 16:29:37 - Path set to: admin
2025-05-13 16:29:37 - Params after path extraction: Array
(
)

2025-05-13 16:29:37 - Final controller set to: AdminIndex
2025-05-13 16:29:38 - URL params from $_GET['altum']: Array
(
    [0] => admin
)

2025-05-13 16:29:38 - Original request: admin
2025-05-13 16:29:38 - Original request query: 
2025-05-13 16:29:38 - Original URL host: localhost
2025-05-13 16:29:38 - Request URL host: localhost:8888
2025-05-13 16:29:38 - Checking path param[0]: admin
2025-05-13 16:29:38 - Original hostname: localhost
2025-05-13 16:29:38 - Request hostname: localhost
2025-05-13 16:29:38 - Path set to: admin
2025-05-13 16:29:38 - Params after path extraction: Array
(
)

2025-05-13 16:29:38 - Final controller set to: AdminIndex
2025-05-13 16:29:38 - URL params from $_GET['altum']: Array
(
    [0] => admin
)

2025-05-13 16:29:38 - Original request: admin
2025-05-13 16:29:38 - Original request query: 
2025-05-13 16:29:38 - Original URL host: localhost
2025-05-13 16:29:38 - Request URL host: localhost:8888
2025-05-13 16:29:38 - Checking path param[0]: admin
2025-05-13 16:29:38 - Original hostname: localhost
2025-05-13 16:29:38 - Request hostname: localhost
2025-05-13 16:29:38 - Path set to: admin
2025-05-13 16:29:38 - Params after path extraction: Array
(
)

2025-05-13 16:29:38 - Final controller set to: AdminIndex
2025-05-13 16:29:39 - URL params from $_GET['altum']: Array
(
    [0] => admin
)

2025-05-13 16:29:39 - Original request: admin
2025-05-13 16:29:39 - Original request query: 
2025-05-13 16:29:39 - Original URL host: localhost
2025-05-13 16:29:39 - Request URL host: localhost:8888
2025-05-13 16:29:39 - Checking path param[0]: admin
2025-05-13 16:29:39 - Original hostname: localhost
2025-05-13 16:29:39 - Request hostname: localhost
2025-05-13 16:29:39 - Path set to: admin
2025-05-13 16:29:39 - Params after path extraction: Array
(
)

2025-05-13 16:29:39 - Final controller set to: AdminIndex
2025-05-13 16:29:39 - URL params from $_GET['altum']: Array
(
    [0] => admin
)

2025-05-13 16:29:39 - Original request: admin
2025-05-13 16:29:39 - Original request query: 
2025-05-13 16:29:39 - Original URL host: localhost
2025-05-13 16:29:39 - Request URL host: localhost:8888
2025-05-13 16:29:39 - Checking path param[0]: admin
2025-05-13 16:29:39 - Original hostname: localhost
2025-05-13 16:29:39 - Request hostname: localhost
2025-05-13 16:29:39 - Path set to: admin
2025-05-13 16:29:39 - Params after path extraction: Array
(
)

2025-05-13 16:29:39 - Final controller set to: AdminIndex
2025-05-13 16:29:39 - URL params from $_GET['altum']: Array
(
    [0] => admin
)

2025-05-13 16:29:39 - Original request: admin
2025-05-13 16:29:39 - Original request query: 
2025-05-13 16:29:39 - Original URL host: localhost
2025-05-13 16:29:39 - Request URL host: localhost:8888
2025-05-13 16:29:39 - Checking path param[0]: admin
2025-05-13 16:29:39 - Original hostname: localhost
2025-05-13 16:29:39 - Request hostname: localhost
2025-05-13 16:29:39 - Path set to: admin
2025-05-13 16:29:39 - Params after path extraction: Array
(
)

2025-05-13 16:29:39 - Final controller set to: AdminIndex
2025-05-13 16:29:39 - URL params from $_GET['altum']: Array
(
    [0] => admin
)

2025-05-13 16:29:39 - Original request: admin
2025-05-13 16:29:39 - Original request query: 
2025-05-13 16:29:39 - Original URL host: localhost
2025-05-13 16:29:39 - Request URL host: localhost:8888
2025-05-13 16:29:39 - Checking path param[0]: admin
2025-05-13 16:29:39 - Original hostname: localhost
2025-05-13 16:29:39 - Request hostname: localhost
2025-05-13 16:29:39 - Path set to: admin
2025-05-13 16:29:39 - Params after path extraction: Array
(
)

2025-05-13 16:29:39 - Final controller set to: AdminIndex
2025-05-13 16:30:55 - URL params from $_GET['altum']: Array
(
    [0] => admin
)

2025-05-13 16:30:55 - Original request: admin
2025-05-13 16:30:55 - Original request query: 
2025-05-13 16:30:55 - Original URL host: localhost
2025-05-13 16:30:55 - Request URL host: localhost:8888
2025-05-13 16:30:55 - Checking path param[0]: admin
2025-05-13 16:30:55 - Original hostname: localhost
2025-05-13 16:30:55 - Request hostname: localhost
2025-05-13 16:30:55 - Path set to: admin
2025-05-13 16:30:55 - Params after path extraction: Array
(
)

2025-05-13 16:30:55 - Final controller set to: AdminIndex
2025-05-13 16:32:23 - URL params from $_GET['altum']: Array
(
    [0] => admin
)

2025-05-13 16:32:23 - Original request: admin
2025-05-13 16:32:23 - Original request query: 
2025-05-13 16:32:23 - Original URL host: localhost
2025-05-13 16:32:23 - Request URL host: localhost:8888
2025-05-13 16:32:23 - Checking path param[0]: admin
2025-05-13 16:32:23 - Original hostname: localhost
2025-05-13 16:32:23 - Request hostname: localhost
2025-05-13 16:32:23 - Path set to: admin
2025-05-13 16:32:23 - Params after path extraction: Array
(
)

2025-05-13 16:32:23 - Final controller set to: AdminIndex
2025-05-13 16:32:25 - URL params from $_GET['altum']: Array
(
    [0] => admin
)

2025-05-13 16:32:25 - Original request: admin
2025-05-13 16:32:25 - Original request query: 
2025-05-13 16:32:25 - Original URL host: localhost
2025-05-13 16:32:25 - Request URL host: localhost:8888
2025-05-13 16:32:25 - Checking path param[0]: admin
2025-05-13 16:32:25 - Original hostname: localhost
2025-05-13 16:32:25 - Request hostname: localhost
2025-05-13 16:32:25 - Path set to: admin
2025-05-13 16:32:25 - Params after path extraction: Array
(
)

2025-05-13 16:32:25 - Final controller set to: AdminIndex
2025-05-13 16:32:25 - URL params from $_GET['altum']: Array
(
    [0] => admin
)

2025-05-13 16:32:25 - Original request: admin
2025-05-13 16:32:25 - Original request query: 
2025-05-13 16:32:25 - Original URL host: localhost
2025-05-13 16:32:25 - Request URL host: localhost:8888
2025-05-13 16:32:25 - Checking path param[0]: admin
2025-05-13 16:32:25 - Original hostname: localhost
2025-05-13 16:32:25 - Request hostname: localhost
2025-05-13 16:32:25 - Path set to: admin
2025-05-13 16:32:25 - Params after path extraction: Array
(
)

2025-05-13 16:32:25 - Final controller set to: AdminIndex
2025-05-13 16:32:25 - URL params from $_GET['altum']: Array
(
    [0] => admin
)

2025-05-13 16:32:25 - Original request: admin
2025-05-13 16:32:25 - Original request query: 
2025-05-13 16:32:25 - Original URL host: localhost
2025-05-13 16:32:25 - Request URL host: localhost:8888
2025-05-13 16:32:25 - Checking path param[0]: admin
2025-05-13 16:32:25 - Original hostname: localhost
2025-05-13 16:32:25 - Request hostname: localhost
2025-05-13 16:32:25 - Path set to: admin
2025-05-13 16:32:25 - Params after path extraction: Array
(
)

2025-05-13 16:32:25 - Final controller set to: AdminIndex
2025-05-13 16:32:25 - URL params from $_GET['altum']: Array
(
    [0] => admin
)

2025-05-13 16:32:25 - Original request: admin
2025-05-13 16:32:25 - Original request query: 
2025-05-13 16:32:25 - Original URL host: localhost
2025-05-13 16:32:25 - Request URL host: localhost:8888
2025-05-13 16:32:25 - Checking path param[0]: admin
2025-05-13 16:32:25 - Original hostname: localhost
2025-05-13 16:32:25 - Request hostname: localhost
2025-05-13 16:32:25 - Path set to: admin
2025-05-13 16:32:25 - Params after path extraction: Array
(
)

2025-05-13 16:32:25 - Final controller set to: AdminIndex
2025-05-13 16:32:25 - URL params from $_GET['altum']: Array
(
    [0] => admin
)

2025-05-13 16:32:25 - Original request: admin
2025-05-13 16:32:25 - Original request query: 
2025-05-13 16:32:25 - Original URL host: localhost
2025-05-13 16:32:25 - Request URL host: localhost:8888
2025-05-13 16:32:25 - Checking path param[0]: admin
2025-05-13 16:32:25 - Original hostname: localhost
2025-05-13 16:32:25 - Request hostname: localhost
2025-05-13 16:32:25 - Path set to: admin
2025-05-13 16:32:25 - Params after path extraction: Array
(
)

2025-05-13 16:32:25 - Final controller set to: AdminIndex
2025-05-13 16:32:26 - URL params from $_GET['altum']: Array
(
    [0] => admin
)

2025-05-13 16:32:26 - Original request: admin
2025-05-13 16:32:26 - Original request query: 
2025-05-13 16:32:26 - Original URL host: localhost
2025-05-13 16:32:26 - Request URL host: localhost:8888
2025-05-13 16:32:26 - Checking path param[0]: admin
2025-05-13 16:32:26 - Original hostname: localhost
2025-05-13 16:32:26 - Request hostname: localhost
2025-05-13 16:32:26 - Path set to: admin
2025-05-13 16:32:26 - Params after path extraction: Array
(
)

2025-05-13 16:32:26 - Final controller set to: AdminIndex
2025-05-13 16:32:46 - URL params from $_GET['altum']: Array
(
    [0] => admin
)

2025-05-13 16:32:46 - Original request: admin
2025-05-13 16:32:46 - Original request query: 
2025-05-13 16:32:46 - Original URL host: localhost
2025-05-13 16:32:46 - Request URL host: localhost:8888
2025-05-13 16:32:46 - Checking path param[0]: admin
2025-05-13 16:32:46 - Original hostname: localhost
2025-05-13 16:32:46 - Request hostname: localhost
2025-05-13 16:32:46 - Path set to: admin
2025-05-13 16:32:46 - Params after path extraction: Array
(
)

2025-05-13 16:32:46 - Final controller set to: AdminIndex
2025-05-13 16:33:53 - URL params from $_GET['altum']: Array
(
    [0] => login
)

2025-05-13 16:33:53 - Original request: login
2025-05-13 16:33:53 - Original request query: 
2025-05-13 16:33:53 - Original URL host: localhost
2025-05-13 16:33:53 - Request URL host: localhost:8888
2025-05-13 16:33:53 - Checking path param[0]: login
2025-05-13 16:33:53 - Original hostname: localhost
2025-05-13 16:33:53 - Request hostname: localhost
2025-05-13 16:33:53 - Checking controller param[0]: login
2025-05-13 16:33:53 - Looking for controller file: /Applications/MAMP/htdocs/ScanPixels/app/controllers/Login.php
2025-05-13 16:33:53 - File exists check: true
2025-05-13 16:33:53 - Controller key set to: login
2025-05-13 16:33:53 - Final controller set to: Login
2025-05-13 16:34:10 - URL params from $_GET['altum']: Array
(
    [0] => admin
)

2025-05-13 16:34:10 - Original request: admin
2025-05-13 16:34:10 - Original request query: 
2025-05-13 16:34:10 - Original URL host: localhost
2025-05-13 16:34:10 - Request URL host: localhost:8888
2025-05-13 16:34:10 - Checking path param[0]: admin
2025-05-13 16:34:10 - Original hostname: localhost
2025-05-13 16:34:10 - Request hostname: localhost
2025-05-13 16:34:10 - Path set to: admin
2025-05-13 16:34:10 - Params after path extraction: Array
(
)

2025-05-13 16:34:10 - Final controller set to: AdminIndex
2025-05-13 16:34:14 - Original request: 
2025-05-13 16:34:14 - Original request query: 
2025-05-13 16:34:14 - Original URL host: localhost
2025-05-13 16:34:14 - Request URL host: localhost:8888
2025-05-13 16:34:14 - Final controller set to: Index
2025-05-13 16:34:16 - URL params from $_GET['altum']: Array
(
    [0] => admin
)

2025-05-13 16:34:16 - Original request: admin
2025-05-13 16:34:16 - Original request query: 
2025-05-13 16:34:16 - Original URL host: localhost
2025-05-13 16:34:16 - Request URL host: localhost:8888
2025-05-13 16:34:16 - Checking path param[0]: admin
2025-05-13 16:34:16 - Original hostname: localhost
2025-05-13 16:34:16 - Request hostname: localhost
2025-05-13 16:34:16 - Path set to: admin
2025-05-13 16:34:16 - Params after path extraction: Array
(
)

2025-05-13 16:34:16 - Final controller set to: AdminIndex
