[04-Jun-2025 10:51:46 UTC] PHP Notice:  unserialize(): Error at offset 877 of 5595 bytes in /var/www/html/vendor/phpfastcache/phpfastcache/lib/Phpfastcache/Core/Pool/DriverBaseTrait.php on line 238
[04-Jun-2025 10:51:46 UTC] PHP Warning:  Undefined property: stdClass::$white_labeling_is_enabled in /var/www/html/app/core/App.php on line 210
[04-Jun-2025 10:51:46 UTC] PHP Warning:  Undefined property: stdClass::$white_labeling_is_enabled in /var/www/html/app/core/App.php on line 210
[04-Jun-2025 10:51:47 UTC] PHP Warning:  Undefined property: stdClass::$white_labeling_is_enabled in /var/www/html/app/core/App.php on line 210
[04-Jun-2025 10:51:47 UTC] PHP Warning:  Undefined property: stdClass::$domains in /var/www/html/themes/phoenix/views/links/links_content.php on line 176
[04-Jun-2025 10:51:47 UTC] PHP Warning:  foreach() argument must be of type array|object, null given in /var/www/html/themes/phoenix/views/links/links_content.php on line 176
[04-Jun-2025 10:51:47 UTC] PHP Warning:  Undefined property: stdClass::$admin_spotlight_is_enabled in /var/www/html/themes/phoenix/views/app_wrapper.php on line 76
[04-Jun-2025 10:51:47 UTC] PHP Warning:  Undefined property: stdClass::$user_spotlight_is_enabled in /var/www/html/themes/phoenix/views/app_wrapper.php on line 76
[04-Jun-2025 10:51:48 UTC] PHP Warning:  Undefined property: stdClass::$white_labeling_is_enabled in /var/www/html/app/core/App.php on line 210
[04-Jun-2025 10:51:48 UTC] PHP Warning:  Undefined property: stdClass::$admin_spotlight_is_enabled in /var/www/html/themes/phoenix/views/basic_wrapper.php on line 74
[04-Jun-2025 10:51:48 UTC] PHP Warning:  Undefined property: stdClass::$user_spotlight_is_enabled in /var/www/html/themes/phoenix/views/basic_wrapper.php on line 74
[04-Jun-2025 10:51:53 UTC] PHP Warning:  Undefined property: stdClass::$white_labeling_is_enabled in /var/www/html/app/core/App.php on line 210
[04-Jun-2025 10:51:53 UTC] PHP Notice:  unserialize(): Error at offset 129 of 511 bytes in /var/www/html/vendor/phpfastcache/phpfastcache/lib/Phpfastcache/Core/Pool/DriverBaseTrait.php on line 238
[04-Jun-2025 10:51:53 UTC] PHP Notice:  unserialize(): Error at offset 703 of 4156 bytes in /var/www/html/vendor/phpfastcache/phpfastcache/lib/Phpfastcache/Core/Pool/DriverBaseTrait.php on line 238
[04-Jun-2025 10:51:53 UTC] PHP Warning:  Undefined property: stdClass::$admin_spotlight_is_enabled in /var/www/html/themes/phoenix/views/admin/wrapper.php on line 42
[04-Jun-2025 10:51:53 UTC] PHP Warning:  Undefined property: stdClass::$user_spotlight_is_enabled in /var/www/html/themes/phoenix/views/admin/wrapper.php on line 42
[04-Jun-2025 10:51:53 UTC] PHP Notice:  unserialize(): Error at offset 92 of 537 bytes in /var/www/html/vendor/phpfastcache/phpfastcache/lib/Phpfastcache/Core/Pool/DriverBaseTrait.php on line 238
[04-Jun-2025 10:51:57 UTC] PHP Warning:  Undefined property: stdClass::$white_labeling_is_enabled in /var/www/html/app/core/App.php on line 210
[04-Jun-2025 10:51:57 UTC] PHP Warning:  Undefined property: stdClass::$domains in /var/www/html/themes/phoenix/views/links/links_content.php on line 176
[04-Jun-2025 10:51:57 UTC] PHP Warning:  foreach() argument must be of type array|object, null given in /var/www/html/themes/phoenix/views/links/links_content.php on line 176
[04-Jun-2025 10:51:57 UTC] PHP Warning:  Undefined property: stdClass::$admin_spotlight_is_enabled in /var/www/html/themes/phoenix/views/app_wrapper.php on line 76
[04-Jun-2025 10:51:57 UTC] PHP Warning:  Undefined property: stdClass::$user_spotlight_is_enabled in /var/www/html/themes/phoenix/views/app_wrapper.php on line 76
[04-Jun-2025 10:52:01 UTC] PHP Warning:  Undefined property: stdClass::$white_labeling_is_enabled in /var/www/html/app/core/App.php on line 210
[04-Jun-2025 10:52:01 UTC] PHP Warning:  Undefined property: stdClass::$admin_spotlight_is_enabled in /var/www/html/themes/phoenix/views/app_wrapper.php on line 76
[04-Jun-2025 10:52:01 UTC] PHP Warning:  Undefined property: stdClass::$user_spotlight_is_enabled in /var/www/html/themes/phoenix/views/app_wrapper.php on line 76
