[13-May-2025 20:43:29 UTC] PHP Warning:  Undefined property: stdClass::$white_labeling_is_enabled in /Applications/MAMP/htdocs/app.seegap.com/app/core/App.php on line 217
[13-May-2025 20:43:29 UTC] PHP Warning:  Undefined property: stdClass::$maintenance_is_enabled in /Applications/MAMP/htdocs/app.seegap.com/app/core/App.php on line 238
[13-May-2025 20:43:29 UTC] PHP Warning:  Undefined property: stdClass::$projects_is_enabled in /Applications/MAMP/htdocs/app.seegap.com/app/core/CustomHooks.php on line 277
[13-May-2025 20:43:29 UTC] PHP Warning:  Undefined property: stdClass::$color in /Applications/MAMP/htdocs/app.seegap.com/themes/altum/views/partials/plans.php on line 71
[13-May-2025 20:43:29 UTC] PHP Warning:  Undefined property: stdClass::$translations in /Applications/MAMP/htdocs/app.seegap.com/themes/altum/views/partials/plans.php on line 73
[13-May-2025 20:43:29 UTC] PHP Warning:  Attempt to read property "english" on null in /Applications/MAMP/htdocs/app.seegap.com/themes/altum/views/partials/plans.php on line 73
[13-May-2025 20:43:29 UTC] PHP Warning:  Attempt to read property "name" on null in /Applications/MAMP/htdocs/app.seegap.com/themes/altum/views/partials/plans.php on line 73
[13-May-2025 20:43:29 UTC] PHP Warning:  Undefined property: stdClass::$translations in /Applications/MAMP/htdocs/app.seegap.com/themes/altum/views/partials/plans.php on line 76
[13-May-2025 20:43:29 UTC] PHP Warning:  Attempt to read property "english" on null in /Applications/MAMP/htdocs/app.seegap.com/themes/altum/views/partials/plans.php on line 76
[13-May-2025 20:43:29 UTC] PHP Warning:  Attempt to read property "price" on null in /Applications/MAMP/htdocs/app.seegap.com/themes/altum/views/partials/plans.php on line 76
[13-May-2025 20:43:29 UTC] PHP Warning:  Undefined property: stdClass::$price in /Applications/MAMP/htdocs/app.seegap.com/themes/altum/views/partials/plans.php on line 76
[13-May-2025 20:43:29 UTC] PHP Warning:  Undefined property: stdClass::$translations in /Applications/MAMP/htdocs/app.seegap.com/themes/altum/views/partials/plans.php on line 79
[13-May-2025 20:43:29 UTC] PHP Warning:  Attempt to read property "english" on null in /Applications/MAMP/htdocs/app.seegap.com/themes/altum/views/partials/plans.php on line 79
[13-May-2025 20:43:29 UTC] PHP Warning:  Attempt to read property "description" on null in /Applications/MAMP/htdocs/app.seegap.com/themes/altum/views/partials/plans.php on line 79
[13-May-2025 20:43:29 UTC] PHP Warning:  Undefined property: stdClass::$description in /Applications/MAMP/htdocs/app.seegap.com/themes/altum/views/partials/plans.php on line 79
[13-May-2025 20:43:29 UTC] PHP Warning:  Undefined property: stdClass::$biolink_blocks_limit in /Applications/MAMP/htdocs/app.seegap.com/themes/altum/views/partials/plans_plan_content.php on line 15
[13-May-2025 20:43:29 UTC] PHP Warning:  Undefined property: stdClass::$biolink_blocks_limit in /Applications/MAMP/htdocs/app.seegap.com/themes/altum/views/partials/plans_plan_content.php on line 15
[13-May-2025 20:43:29 UTC] PHP Warning:  Undefined property: stdClass::$biolink_blocks_limit in /Applications/MAMP/htdocs/app.seegap.com/themes/altum/views/partials/plans_plan_content.php on line 16
[13-May-2025 20:43:29 UTC] PHP Warning:  Undefined property: stdClass::$links_bulk_limit in /Applications/MAMP/htdocs/app.seegap.com/themes/altum/views/partials/plans_plan_content.php on line 47
[13-May-2025 20:43:29 UTC] PHP Warning:  Undefined property: stdClass::$links_bulk_limit in /Applications/MAMP/htdocs/app.seegap.com/themes/altum/views/partials/plans_plan_content.php on line 47
[13-May-2025 20:43:29 UTC] PHP Warning:  Undefined property: stdClass::$links_bulk_limit in /Applications/MAMP/htdocs/app.seegap.com/themes/altum/views/partials/plans_plan_content.php on line 48
[13-May-2025 20:43:29 UTC] PHP Warning:  Undefined property: stdClass::$files_limit in /Applications/MAMP/htdocs/app.seegap.com/themes/altum/views/partials/plans_plan_content.php on line 54
[13-May-2025 20:43:29 UTC] PHP Warning:  Undefined property: stdClass::$files_limit in /Applications/MAMP/htdocs/app.seegap.com/themes/altum/views/partials/plans_plan_content.php on line 54
[13-May-2025 20:43:29 UTC] PHP Warning:  Undefined property: stdClass::$files_limit in /Applications/MAMP/htdocs/app.seegap.com/themes/altum/views/partials/plans_plan_content.php on line 55
[13-May-2025 20:43:29 UTC] PHP Warning:  Undefined property: stdClass::$vcards_limit in /Applications/MAMP/htdocs/app.seegap.com/themes/altum/views/partials/plans_plan_content.php on line 61
[13-May-2025 20:43:29 UTC] PHP Warning:  Undefined property: stdClass::$vcards_limit in /Applications/MAMP/htdocs/app.seegap.com/themes/altum/views/partials/plans_plan_content.php on line 61
[13-May-2025 20:43:29 UTC] PHP Warning:  Undefined property: stdClass::$vcards_limit in /Applications/MAMP/htdocs/app.seegap.com/themes/altum/views/partials/plans_plan_content.php on line 62
[13-May-2025 20:43:29 UTC] PHP Warning:  Undefined property: stdClass::$events_limit in /Applications/MAMP/htdocs/app.seegap.com/themes/altum/views/partials/plans_plan_content.php on line 68
[13-May-2025 20:43:29 UTC] PHP Warning:  Undefined property: stdClass::$events_limit in /Applications/MAMP/htdocs/app.seegap.com/themes/altum/views/partials/plans_plan_content.php on line 68
[13-May-2025 20:43:29 UTC] PHP Warning:  Undefined property: stdClass::$events_limit in /Applications/MAMP/htdocs/app.seegap.com/themes/altum/views/partials/plans_plan_content.php on line 69
[13-May-2025 20:43:29 UTC] PHP Warning:  Undefined property: stdClass::$static_limit in /Applications/MAMP/htdocs/app.seegap.com/themes/altum/views/partials/plans_plan_content.php on line 75
[13-May-2025 20:43:29 UTC] PHP Warning:  Undefined property: stdClass::$static_limit in /Applications/MAMP/htdocs/app.seegap.com/themes/altum/views/partials/plans_plan_content.php on line 75
[13-May-2025 20:43:29 UTC] PHP Warning:  Undefined property: stdClass::$static_limit in /Applications/MAMP/htdocs/app.seegap.com/themes/altum/views/partials/plans_plan_content.php on line 76
[13-May-2025 20:43:29 UTC] PHP Warning:  Undefined property: stdClass::$qr_codes_limit in /Applications/MAMP/htdocs/app.seegap.com/themes/altum/views/partials/plans_plan_content.php on line 82
[13-May-2025 20:43:29 UTC] PHP Warning:  Undefined property: stdClass::$qr_codes_limit in /Applications/MAMP/htdocs/app.seegap.com/themes/altum/views/partials/plans_plan_content.php on line 82
[13-May-2025 20:43:29 UTC] PHP Warning:  Undefined property: stdClass::$qr_codes_limit in /Applications/MAMP/htdocs/app.seegap.com/themes/altum/views/partials/plans_plan_content.php on line 83
[13-May-2025 20:43:29 UTC] PHP Warning:  Undefined property: stdClass::$qr_codes_bulk_limit in /Applications/MAMP/htdocs/app.seegap.com/themes/altum/views/partials/plans_plan_content.php on line 87
[13-May-2025 20:43:29 UTC] PHP Warning:  Undefined property: stdClass::$qr_codes_bulk_limit in /Applications/MAMP/htdocs/app.seegap.com/themes/altum/views/partials/plans_plan_content.php on line 87
[13-May-2025 20:43:29 UTC] PHP Warning:  Undefined property: stdClass::$qr_codes_bulk_limit in /Applications/MAMP/htdocs/app.seegap.com/themes/altum/views/partials/plans_plan_content.php on line 88
[13-May-2025 20:43:29 UTC] PHP Warning:  Undefined property: stdClass::$splash_pages_limit in /Applications/MAMP/htdocs/app.seegap.com/themes/altum/views/partials/plans_plan_content.php on line 101
[13-May-2025 20:43:29 UTC] PHP Warning:  Undefined property: stdClass::$splash_pages_limit in /Applications/MAMP/htdocs/app.seegap.com/themes/altum/views/partials/plans_plan_content.php on line 101
[13-May-2025 20:43:29 UTC] PHP Warning:  Undefined property: stdClass::$splash_pages_limit in /Applications/MAMP/htdocs/app.seegap.com/themes/altum/views/partials/plans_plan_content.php on line 102
[13-May-2025 20:43:29 UTC] PHP Warning:  Undefined property: stdClass::$projects_is_enabled in /Applications/MAMP/htdocs/app.seegap.com/themes/altum/views/partials/plans_plan_content.php on line 113
[13-May-2025 20:43:29 UTC] PHP Warning:  Undefined property: stdClass::$track_links_retention in /Applications/MAMP/htdocs/app.seegap.com/themes/altum/views/partials/plans_plan_content.php on line 146
[13-May-2025 20:43:29 UTC] PHP Warning:  Undefined property: stdClass::$track_links_retention in /Applications/MAMP/htdocs/app.seegap.com/themes/altum/views/partials/plans_plan_content.php on line 146
[13-May-2025 20:43:29 UTC] PHP Warning:  Undefined property: stdClass::$track_links_retention in /Applications/MAMP/htdocs/app.seegap.com/themes/altum/views/partials/plans_plan_content.php on line 146
[13-May-2025 20:43:29 UTC] PHP Warning:  Undefined property: stdClass::$track_links_retention in /Applications/MAMP/htdocs/app.seegap.com/themes/altum/views/partials/plans_plan_content.php on line 146
[13-May-2025 20:43:29 UTC] PHP Warning:  Undefined property: stdClass::$track_links_retention in /Applications/MAMP/htdocs/app.seegap.com/themes/altum/views/partials/plans_plan_content.php on line 147
[13-May-2025 20:43:29 UTC] PHP Warning:  Undefined property: stdClass::$force_splash_page_on_link in /Applications/MAMP/htdocs/app.seegap.com/themes/altum/views/partials/plans_plan_content.php on line 270
[13-May-2025 20:43:29 UTC] PHP Warning:  Undefined property: stdClass::$force_splash_page_on_biolink in /Applications/MAMP/htdocs/app.seegap.com/themes/altum/views/partials/plans_plan_content.php on line 270
[13-May-2025 20:43:29 UTC] PHP Warning:  Undefined property: stdClass::$force_splash_page_on_file in /Applications/MAMP/htdocs/app.seegap.com/themes/altum/views/partials/plans_plan_content.php on line 270
[13-May-2025 20:43:29 UTC] PHP Warning:  Undefined property: stdClass::$force_splash_page_on_static in /Applications/MAMP/htdocs/app.seegap.com/themes/altum/views/partials/plans_plan_content.php on line 270
[13-May-2025 20:43:29 UTC] PHP Warning:  Undefined property: stdClass::$force_splash_page_on_vcard in /Applications/MAMP/htdocs/app.seegap.com/themes/altum/views/partials/plans_plan_content.php on line 270
[13-May-2025 20:43:29 UTC] PHP Warning:  Undefined property: stdClass::$force_splash_page_on_event in /Applications/MAMP/htdocs/app.seegap.com/themes/altum/views/partials/plans_plan_content.php on line 270
[13-May-2025 20:43:29 UTC] PHP Warning:  Undefined property: stdClass::$white_labeling_is_enabled in /Applications/MAMP/htdocs/app.seegap.com/app/includes/simple_user_plan_settings.php on line 55
[13-May-2025 20:43:29 UTC] PHP Warning:  Undefined property: stdClass::$dofollow_is_enabled in /Applications/MAMP/htdocs/app.seegap.com/themes/altum/views/partials/plans_plan_content.php on line 289
[13-May-2025 20:43:29 UTC] PHP Warning:  Undefined property: stdClass::$dofollow_is_enabled in /Applications/MAMP/htdocs/app.seegap.com/themes/altum/views/partials/plans_plan_content.php on line 295
[13-May-2025 20:43:29 UTC] PHP Warning:  Undefined property: stdClass::$custom_css_is_enabled in /Applications/MAMP/htdocs/app.seegap.com/themes/altum/views/partials/plans_plan_content.php on line 289
[13-May-2025 20:43:29 UTC] PHP Warning:  Undefined property: stdClass::$custom_css_is_enabled in /Applications/MAMP/htdocs/app.seegap.com/themes/altum/views/partials/plans_plan_content.php on line 295
[13-May-2025 20:43:29 UTC] PHP Warning:  Undefined property: stdClass::$custom_js_is_enabled in /Applications/MAMP/htdocs/app.seegap.com/themes/altum/views/partials/plans_plan_content.php on line 289
[13-May-2025 20:43:29 UTC] PHP Warning:  Undefined property: stdClass::$custom_js_is_enabled in /Applications/MAMP/htdocs/app.seegap.com/themes/altum/views/partials/plans_plan_content.php on line 295
[13-May-2025 20:43:29 UTC] PHP Warning:  Undefined property: stdClass::$cloaking_is_enabled in /Applications/MAMP/htdocs/app.seegap.com/themes/altum/views/partials/plans_plan_content.php on line 289
[13-May-2025 20:43:29 UTC] PHP Warning:  Undefined property: stdClass::$cloaking_is_enabled in /Applications/MAMP/htdocs/app.seegap.com/themes/altum/views/partials/plans_plan_content.php on line 295
[13-May-2025 20:43:29 UTC] PHP Warning:  Undefined property: stdClass::$app_linking_is_enabled in /Applications/MAMP/htdocs/app.seegap.com/themes/altum/views/partials/plans_plan_content.php on line 289
[13-May-2025 20:43:29 UTC] PHP Warning:  Undefined property: stdClass::$app_linking_is_enabled in /Applications/MAMP/htdocs/app.seegap.com/themes/altum/views/partials/plans_plan_content.php on line 295
[13-May-2025 20:43:29 UTC] PHP Warning:  Undefined property: stdClass::$targeting_is_enabled in /Applications/MAMP/htdocs/app.seegap.com/themes/altum/views/partials/plans_plan_content.php on line 289
[13-May-2025 20:43:29 UTC] PHP Warning:  Undefined property: stdClass::$targeting_is_enabled in /Applications/MAMP/htdocs/app.seegap.com/themes/altum/views/partials/plans_plan_content.php on line 295
[13-May-2025 20:43:29 UTC] PHP Warning:  Undefined property: stdClass::$color in /Applications/MAMP/htdocs/app.seegap.com/themes/altum/views/partials/plans.php on line 86
[13-May-2025 20:43:29 UTC] PHP Warning:  Undefined property: stdClass::$translations in /Applications/MAMP/htdocs/app.seegap.com/themes/altum/views/partials/plans.php on line 249
[13-May-2025 20:43:29 UTC] PHP Warning:  Attempt to read property "english" on null in /Applications/MAMP/htdocs/app.seegap.com/themes/altum/views/partials/plans.php on line 249
[13-May-2025 20:43:29 UTC] PHP Warning:  Attempt to read property "name" on null in /Applications/MAMP/htdocs/app.seegap.com/themes/altum/views/partials/plans.php on line 249
[13-May-2025 20:43:29 UTC] PHP Warning:  Undefined property: stdClass::$translations in /Applications/MAMP/htdocs/app.seegap.com/themes/altum/views/partials/plans.php on line 258
[13-May-2025 20:43:29 UTC] PHP Warning:  Attempt to read property "english" on null in /Applications/MAMP/htdocs/app.seegap.com/themes/altum/views/partials/plans.php on line 258
[13-May-2025 20:43:29 UTC] PHP Warning:  Attempt to read property "name" on null in /Applications/MAMP/htdocs/app.seegap.com/themes/altum/views/partials/plans.php on line 258
[13-May-2025 20:43:29 UTC] PHP Warning:  Undefined property: stdClass::$projects_is_enabled in /Applications/MAMP/htdocs/app.seegap.com/themes/altum/views/index/index.php on line 567
[13-May-2025 20:43:29 UTC] PHP Warning:  Undefined property: stdClass::$admin_spotlight_is_enabled in /Applications/MAMP/htdocs/app.seegap.com/themes/altum/views/partials/footer.php on line 107
[13-May-2025 20:43:29 UTC] PHP Warning:  Undefined property: stdClass::$user_spotlight_is_enabled in /Applications/MAMP/htdocs/app.seegap.com/themes/altum/views/partials/footer.php on line 107
[13-May-2025 20:43:29 UTC] PHP Warning:  Undefined property: stdClass::$admin_spotlight_is_enabled in /Applications/MAMP/htdocs/app.seegap.com/themes/altum/views/wrapper.php on line 79
[13-May-2025 20:43:29 UTC] PHP Warning:  Undefined property: stdClass::$user_spotlight_is_enabled in /Applications/MAMP/htdocs/app.seegap.com/themes/altum/views/wrapper.php on line 79
[13-May-2025 20:43:34 UTC] PHP Warning:  Undefined property: stdClass::$white_labeling_is_enabled in /Applications/MAMP/htdocs/app.seegap.com/app/core/App.php on line 217
[13-May-2025 20:43:34 UTC] PHP Warning:  Undefined property: stdClass::$maintenance_is_enabled in /Applications/MAMP/htdocs/app.seegap.com/app/core/App.php on line 238
[13-May-2025 20:43:34 UTC] PHP Warning:  Undefined property: stdClass::$admin_spotlight_is_enabled in /Applications/MAMP/htdocs/app.seegap.com/themes/altum/views/partials/footer.php on line 107
[13-May-2025 20:43:34 UTC] PHP Warning:  Undefined property: stdClass::$user_spotlight_is_enabled in /Applications/MAMP/htdocs/app.seegap.com/themes/altum/views/partials/footer.php on line 107
[13-May-2025 20:43:34 UTC] PHP Warning:  Undefined property: stdClass::$admin_spotlight_is_enabled in /Applications/MAMP/htdocs/app.seegap.com/themes/altum/views/wrapper.php on line 79
[13-May-2025 20:43:34 UTC] PHP Warning:  Undefined property: stdClass::$user_spotlight_is_enabled in /Applications/MAMP/htdocs/app.seegap.com/themes/altum/views/wrapper.php on line 79
[13-May-2025 20:43:35 UTC] PHP Warning:  Undefined property: stdClass::$white_labeling_is_enabled in /Applications/MAMP/htdocs/app.seegap.com/app/core/App.php on line 217
[13-May-2025 20:43:35 UTC] PHP Warning:  Undefined property: stdClass::$maintenance_is_enabled in /Applications/MAMP/htdocs/app.seegap.com/app/core/App.php on line 238
[13-May-2025 20:43:35 UTC] PHP Warning:  Undefined property: stdClass::$color in /Applications/MAMP/htdocs/app.seegap.com/themes/altum/views/partials/plans.php on line 71
[13-May-2025 20:43:35 UTC] PHP Warning:  Undefined property: stdClass::$translations in /Applications/MAMP/htdocs/app.seegap.com/themes/altum/views/partials/plans.php on line 73
[13-May-2025 20:43:35 UTC] PHP Warning:  Attempt to read property "english" on null in /Applications/MAMP/htdocs/app.seegap.com/themes/altum/views/partials/plans.php on line 73
[13-May-2025 20:43:35 UTC] PHP Warning:  Attempt to read property "name" on null in /Applications/MAMP/htdocs/app.seegap.com/themes/altum/views/partials/plans.php on line 73
[13-May-2025 20:43:35 UTC] PHP Warning:  Undefined property: stdClass::$translations in /Applications/MAMP/htdocs/app.seegap.com/themes/altum/views/partials/plans.php on line 76
[13-May-2025 20:43:35 UTC] PHP Warning:  Attempt to read property "english" on null in /Applications/MAMP/htdocs/app.seegap.com/themes/altum/views/partials/plans.php on line 76
[13-May-2025 20:43:35 UTC] PHP Warning:  Attempt to read property "price" on null in /Applications/MAMP/htdocs/app.seegap.com/themes/altum/views/partials/plans.php on line 76
[13-May-2025 20:43:35 UTC] PHP Warning:  Undefined property: stdClass::$price in /Applications/MAMP/htdocs/app.seegap.com/themes/altum/views/partials/plans.php on line 76
[13-May-2025 20:43:35 UTC] PHP Warning:  Undefined property: stdClass::$translations in /Applications/MAMP/htdocs/app.seegap.com/themes/altum/views/partials/plans.php on line 79
[13-May-2025 20:43:35 UTC] PHP Warning:  Attempt to read property "english" on null in /Applications/MAMP/htdocs/app.seegap.com/themes/altum/views/partials/plans.php on line 79
[13-May-2025 20:43:35 UTC] PHP Warning:  Attempt to read property "description" on null in /Applications/MAMP/htdocs/app.seegap.com/themes/altum/views/partials/plans.php on line 79
[13-May-2025 20:43:35 UTC] PHP Warning:  Undefined property: stdClass::$description in /Applications/MAMP/htdocs/app.seegap.com/themes/altum/views/partials/plans.php on line 79
[13-May-2025 20:43:35 UTC] PHP Warning:  Undefined property: stdClass::$biolink_blocks_limit in /Applications/MAMP/htdocs/app.seegap.com/themes/altum/views/partials/plans_plan_content.php on line 15
[13-May-2025 20:43:35 UTC] PHP Warning:  Undefined property: stdClass::$biolink_blocks_limit in /Applications/MAMP/htdocs/app.seegap.com/themes/altum/views/partials/plans_plan_content.php on line 15
[13-May-2025 20:43:35 UTC] PHP Warning:  Undefined property: stdClass::$biolink_blocks_limit in /Applications/MAMP/htdocs/app.seegap.com/themes/altum/views/partials/plans_plan_content.php on line 16
[13-May-2025 20:43:35 UTC] PHP Warning:  Undefined property: stdClass::$links_bulk_limit in /Applications/MAMP/htdocs/app.seegap.com/themes/altum/views/partials/plans_plan_content.php on line 47
[13-May-2025 20:43:35 UTC] PHP Warning:  Undefined property: stdClass::$links_bulk_limit in /Applications/MAMP/htdocs/app.seegap.com/themes/altum/views/partials/plans_plan_content.php on line 47
[13-May-2025 20:43:35 UTC] PHP Warning:  Undefined property: stdClass::$links_bulk_limit in /Applications/MAMP/htdocs/app.seegap.com/themes/altum/views/partials/plans_plan_content.php on line 48
[13-May-2025 20:43:35 UTC] PHP Warning:  Undefined property: stdClass::$files_limit in /Applications/MAMP/htdocs/app.seegap.com/themes/altum/views/partials/plans_plan_content.php on line 54
[13-May-2025 20:43:35 UTC] PHP Warning:  Undefined property: stdClass::$files_limit in /Applications/MAMP/htdocs/app.seegap.com/themes/altum/views/partials/plans_plan_content.php on line 54
[13-May-2025 20:43:35 UTC] PHP Warning:  Undefined property: stdClass::$files_limit in /Applications/MAMP/htdocs/app.seegap.com/themes/altum/views/partials/plans_plan_content.php on line 55
[13-May-2025 20:43:35 UTC] PHP Warning:  Undefined property: stdClass::$vcards_limit in /Applications/MAMP/htdocs/app.seegap.com/themes/altum/views/partials/plans_plan_content.php on line 61
[13-May-2025 20:43:35 UTC] PHP Warning:  Undefined property: stdClass::$vcards_limit in /Applications/MAMP/htdocs/app.seegap.com/themes/altum/views/partials/plans_plan_content.php on line 61
[13-May-2025 20:43:35 UTC] PHP Warning:  Undefined property: stdClass::$vcards_limit in /Applications/MAMP/htdocs/app.seegap.com/themes/altum/views/partials/plans_plan_content.php on line 62
[13-May-2025 20:43:35 UTC] PHP Warning:  Undefined property: stdClass::$events_limit in /Applications/MAMP/htdocs/app.seegap.com/themes/altum/views/partials/plans_plan_content.php on line 68
[13-May-2025 20:43:35 UTC] PHP Warning:  Undefined property: stdClass::$events_limit in /Applications/MAMP/htdocs/app.seegap.com/themes/altum/views/partials/plans_plan_content.php on line 68
[13-May-2025 20:43:35 UTC] PHP Warning:  Undefined property: stdClass::$events_limit in /Applications/MAMP/htdocs/app.seegap.com/themes/altum/views/partials/plans_plan_content.php on line 69
[13-May-2025 20:43:35 UTC] PHP Warning:  Undefined property: stdClass::$static_limit in /Applications/MAMP/htdocs/app.seegap.com/themes/altum/views/partials/plans_plan_content.php on line 75
[13-May-2025 20:43:35 UTC] PHP Warning:  Undefined property: stdClass::$static_limit in /Applications/MAMP/htdocs/app.seegap.com/themes/altum/views/partials/plans_plan_content.php on line 75
[13-May-2025 20:43:35 UTC] PHP Warning:  Undefined property: stdClass::$static_limit in /Applications/MAMP/htdocs/app.seegap.com/themes/altum/views/partials/plans_plan_content.php on line 76
[13-May-2025 20:43:35 UTC] PHP Warning:  Undefined property: stdClass::$qr_codes_limit in /Applications/MAMP/htdocs/app.seegap.com/themes/altum/views/partials/plans_plan_content.php on line 82
[13-May-2025 20:43:35 UTC] PHP Warning:  Undefined property: stdClass::$qr_codes_limit in /Applications/MAMP/htdocs/app.seegap.com/themes/altum/views/partials/plans_plan_content.php on line 82
[13-May-2025 20:43:35 UTC] PHP Warning:  Undefined property: stdClass::$qr_codes_limit in /Applications/MAMP/htdocs/app.seegap.com/themes/altum/views/partials/plans_plan_content.php on line 83
[13-May-2025 20:43:35 UTC] PHP Warning:  Undefined property: stdClass::$qr_codes_bulk_limit in /Applications/MAMP/htdocs/app.seegap.com/themes/altum/views/partials/plans_plan_content.php on line 87
[13-May-2025 20:43:35 UTC] PHP Warning:  Undefined property: stdClass::$qr_codes_bulk_limit in /Applications/MAMP/htdocs/app.seegap.com/themes/altum/views/partials/plans_plan_content.php on line 87
[13-May-2025 20:43:35 UTC] PHP Warning:  Undefined property: stdClass::$qr_codes_bulk_limit in /Applications/MAMP/htdocs/app.seegap.com/themes/altum/views/partials/plans_plan_content.php on line 88
[13-May-2025 20:43:35 UTC] PHP Warning:  Undefined property: stdClass::$splash_pages_limit in /Applications/MAMP/htdocs/app.seegap.com/themes/altum/views/partials/plans_plan_content.php on line 101
[13-May-2025 20:43:35 UTC] PHP Warning:  Undefined property: stdClass::$splash_pages_limit in /Applications/MAMP/htdocs/app.seegap.com/themes/altum/views/partials/plans_plan_content.php on line 101
[13-May-2025 20:43:35 UTC] PHP Warning:  Undefined property: stdClass::$splash_pages_limit in /Applications/MAMP/htdocs/app.seegap.com/themes/altum/views/partials/plans_plan_content.php on line 102
[13-May-2025 20:43:35 UTC] PHP Warning:  Undefined property: stdClass::$projects_is_enabled in /Applications/MAMP/htdocs/app.seegap.com/themes/altum/views/partials/plans_plan_content.php on line 113
[13-May-2025 20:43:35 UTC] PHP Warning:  Undefined property: stdClass::$track_links_retention in /Applications/MAMP/htdocs/app.seegap.com/themes/altum/views/partials/plans_plan_content.php on line 146
[13-May-2025 20:43:35 UTC] PHP Warning:  Undefined property: stdClass::$track_links_retention in /Applications/MAMP/htdocs/app.seegap.com/themes/altum/views/partials/plans_plan_content.php on line 146
[13-May-2025 20:43:35 UTC] PHP Warning:  Undefined property: stdClass::$track_links_retention in /Applications/MAMP/htdocs/app.seegap.com/themes/altum/views/partials/plans_plan_content.php on line 146
[13-May-2025 20:43:35 UTC] PHP Warning:  Undefined property: stdClass::$track_links_retention in /Applications/MAMP/htdocs/app.seegap.com/themes/altum/views/partials/plans_plan_content.php on line 146
[13-May-2025 20:43:35 UTC] PHP Warning:  Undefined property: stdClass::$track_links_retention in /Applications/MAMP/htdocs/app.seegap.com/themes/altum/views/partials/plans_plan_content.php on line 147
[13-May-2025 20:43:35 UTC] PHP Warning:  Undefined property: stdClass::$force_splash_page_on_link in /Applications/MAMP/htdocs/app.seegap.com/themes/altum/views/partials/plans_plan_content.php on line 270
[13-May-2025 20:43:35 UTC] PHP Warning:  Undefined property: stdClass::$force_splash_page_on_biolink in /Applications/MAMP/htdocs/app.seegap.com/themes/altum/views/partials/plans_plan_content.php on line 270
[13-May-2025 20:43:35 UTC] PHP Warning:  Undefined property: stdClass::$force_splash_page_on_file in /Applications/MAMP/htdocs/app.seegap.com/themes/altum/views/partials/plans_plan_content.php on line 270
[13-May-2025 20:43:35 UTC] PHP Warning:  Undefined property: stdClass::$force_splash_page_on_static in /Applications/MAMP/htdocs/app.seegap.com/themes/altum/views/partials/plans_plan_content.php on line 270
[13-May-2025 20:43:35 UTC] PHP Warning:  Undefined property: stdClass::$force_splash_page_on_vcard in /Applications/MAMP/htdocs/app.seegap.com/themes/altum/views/partials/plans_plan_content.php on line 270
[13-May-2025 20:43:35 UTC] PHP Warning:  Undefined property: stdClass::$force_splash_page_on_event in /Applications/MAMP/htdocs/app.seegap.com/themes/altum/views/partials/plans_plan_content.php on line 270
[13-May-2025 20:43:35 UTC] PHP Warning:  Undefined property: stdClass::$white_labeling_is_enabled in /Applications/MAMP/htdocs/app.seegap.com/app/includes/simple_user_plan_settings.php on line 55
[13-May-2025 20:43:35 UTC] PHP Warning:  Undefined property: stdClass::$dofollow_is_enabled in /Applications/MAMP/htdocs/app.seegap.com/themes/altum/views/partials/plans_plan_content.php on line 289
[13-May-2025 20:43:35 UTC] PHP Warning:  Undefined property: stdClass::$dofollow_is_enabled in /Applications/MAMP/htdocs/app.seegap.com/themes/altum/views/partials/plans_plan_content.php on line 295
[13-May-2025 20:43:35 UTC] PHP Warning:  Undefined property: stdClass::$custom_css_is_enabled in /Applications/MAMP/htdocs/app.seegap.com/themes/altum/views/partials/plans_plan_content.php on line 289
[13-May-2025 20:43:35 UTC] PHP Warning:  Undefined property: stdClass::$custom_css_is_enabled in /Applications/MAMP/htdocs/app.seegap.com/themes/altum/views/partials/plans_plan_content.php on line 295
[13-May-2025 20:43:35 UTC] PHP Warning:  Undefined property: stdClass::$custom_js_is_enabled in /Applications/MAMP/htdocs/app.seegap.com/themes/altum/views/partials/plans_plan_content.php on line 289
[13-May-2025 20:43:35 UTC] PHP Warning:  Undefined property: stdClass::$custom_js_is_enabled in /Applications/MAMP/htdocs/app.seegap.com/themes/altum/views/partials/plans_plan_content.php on line 295
[13-May-2025 20:43:35 UTC] PHP Warning:  Undefined property: stdClass::$cloaking_is_enabled in /Applications/MAMP/htdocs/app.seegap.com/themes/altum/views/partials/plans_plan_content.php on line 289
[13-May-2025 20:43:35 UTC] PHP Warning:  Undefined property: stdClass::$cloaking_is_enabled in /Applications/MAMP/htdocs/app.seegap.com/themes/altum/views/partials/plans_plan_content.php on line 295
[13-May-2025 20:43:35 UTC] PHP Warning:  Undefined property: stdClass::$app_linking_is_enabled in /Applications/MAMP/htdocs/app.seegap.com/themes/altum/views/partials/plans_plan_content.php on line 289
[13-May-2025 20:43:35 UTC] PHP Warning:  Undefined property: stdClass::$app_linking_is_enabled in /Applications/MAMP/htdocs/app.seegap.com/themes/altum/views/partials/plans_plan_content.php on line 295
[13-May-2025 20:43:35 UTC] PHP Warning:  Undefined property: stdClass::$targeting_is_enabled in /Applications/MAMP/htdocs/app.seegap.com/themes/altum/views/partials/plans_plan_content.php on line 289
[13-May-2025 20:43:35 UTC] PHP Warning:  Undefined property: stdClass::$targeting_is_enabled in /Applications/MAMP/htdocs/app.seegap.com/themes/altum/views/partials/plans_plan_content.php on line 295
[13-May-2025 20:43:35 UTC] PHP Warning:  Undefined property: stdClass::$color in /Applications/MAMP/htdocs/app.seegap.com/themes/altum/views/partials/plans.php on line 86
[13-May-2025 20:43:35 UTC] PHP Warning:  Undefined property: stdClass::$translations in /Applications/MAMP/htdocs/app.seegap.com/themes/altum/views/partials/plans.php on line 249
[13-May-2025 20:43:35 UTC] PHP Warning:  Attempt to read property "english" on null in /Applications/MAMP/htdocs/app.seegap.com/themes/altum/views/partials/plans.php on line 249
[13-May-2025 20:43:35 UTC] PHP Warning:  Attempt to read property "name" on null in /Applications/MAMP/htdocs/app.seegap.com/themes/altum/views/partials/plans.php on line 249
[13-May-2025 20:43:35 UTC] PHP Warning:  Undefined property: stdClass::$translations in /Applications/MAMP/htdocs/app.seegap.com/themes/altum/views/partials/plans.php on line 258
[13-May-2025 20:43:35 UTC] PHP Warning:  Attempt to read property "english" on null in /Applications/MAMP/htdocs/app.seegap.com/themes/altum/views/partials/plans.php on line 258
[13-May-2025 20:43:35 UTC] PHP Warning:  Attempt to read property "name" on null in /Applications/MAMP/htdocs/app.seegap.com/themes/altum/views/partials/plans.php on line 258
[13-May-2025 20:43:35 UTC] PHP Warning:  Undefined property: stdClass::$projects_is_enabled in /Applications/MAMP/htdocs/app.seegap.com/themes/altum/views/index/index.php on line 567
[13-May-2025 20:43:35 UTC] PHP Warning:  Undefined property: stdClass::$admin_spotlight_is_enabled in /Applications/MAMP/htdocs/app.seegap.com/themes/altum/views/partials/footer.php on line 107
[13-May-2025 20:43:35 UTC] PHP Warning:  Undefined property: stdClass::$user_spotlight_is_enabled in /Applications/MAMP/htdocs/app.seegap.com/themes/altum/views/partials/footer.php on line 107
[13-May-2025 20:43:35 UTC] PHP Warning:  Undefined property: stdClass::$admin_spotlight_is_enabled in /Applications/MAMP/htdocs/app.seegap.com/themes/altum/views/wrapper.php on line 79
[13-May-2025 20:43:35 UTC] PHP Warning:  Undefined property: stdClass::$user_spotlight_is_enabled in /Applications/MAMP/htdocs/app.seegap.com/themes/altum/views/wrapper.php on line 79
[13-May-2025 20:47:22 UTC] PHP Warning:  Undefined property: stdClass::$maintenance_is_enabled in /Applications/MAMP/htdocs/app.seegap.com/app/core/App.php on line 238
[13-May-2025 20:47:22 UTC] PHP Warning:  Undefined property: stdClass::$color in /Applications/MAMP/htdocs/app.seegap.com/themes/altum/views/partials/plans.php on line 71
[13-May-2025 20:47:22 UTC] PHP Warning:  Undefined property: stdClass::$translations in /Applications/MAMP/htdocs/app.seegap.com/themes/altum/views/partials/plans.php on line 73
[13-May-2025 20:47:22 UTC] PHP Warning:  Attempt to read property "english" on null in /Applications/MAMP/htdocs/app.seegap.com/themes/altum/views/partials/plans.php on line 73
[13-May-2025 20:47:22 UTC] PHP Warning:  Attempt to read property "name" on null in /Applications/MAMP/htdocs/app.seegap.com/themes/altum/views/partials/plans.php on line 73
[13-May-2025 20:47:22 UTC] PHP Warning:  Undefined property: stdClass::$translations in /Applications/MAMP/htdocs/app.seegap.com/themes/altum/views/partials/plans.php on line 76
[13-May-2025 20:47:22 UTC] PHP Warning:  Attempt to read property "english" on null in /Applications/MAMP/htdocs/app.seegap.com/themes/altum/views/partials/plans.php on line 76
[13-May-2025 20:47:22 UTC] PHP Warning:  Attempt to read property "price" on null in /Applications/MAMP/htdocs/app.seegap.com/themes/altum/views/partials/plans.php on line 76
[13-May-2025 20:47:22 UTC] PHP Warning:  Undefined property: stdClass::$price in /Applications/MAMP/htdocs/app.seegap.com/themes/altum/views/partials/plans.php on line 76
[13-May-2025 20:47:22 UTC] PHP Warning:  Undefined property: stdClass::$translations in /Applications/MAMP/htdocs/app.seegap.com/themes/altum/views/partials/plans.php on line 79
[13-May-2025 20:47:22 UTC] PHP Warning:  Attempt to read property "english" on null in /Applications/MAMP/htdocs/app.seegap.com/themes/altum/views/partials/plans.php on line 79
[13-May-2025 20:47:22 UTC] PHP Warning:  Attempt to read property "description" on null in /Applications/MAMP/htdocs/app.seegap.com/themes/altum/views/partials/plans.php on line 79
[13-May-2025 20:47:22 UTC] PHP Warning:  Undefined property: stdClass::$description in /Applications/MAMP/htdocs/app.seegap.com/themes/altum/views/partials/plans.php on line 79
[13-May-2025 20:47:22 UTC] PHP Warning:  Undefined property: stdClass::$biolink_blocks_limit in /Applications/MAMP/htdocs/app.seegap.com/themes/altum/views/partials/plans_plan_content.php on line 15
[13-May-2025 20:47:22 UTC] PHP Warning:  Undefined property: stdClass::$biolink_blocks_limit in /Applications/MAMP/htdocs/app.seegap.com/themes/altum/views/partials/plans_plan_content.php on line 15
[13-May-2025 20:47:22 UTC] PHP Warning:  Undefined property: stdClass::$biolink_blocks_limit in /Applications/MAMP/htdocs/app.seegap.com/themes/altum/views/partials/plans_plan_content.php on line 16
[13-May-2025 20:47:22 UTC] PHP Warning:  Undefined property: stdClass::$links_bulk_limit in /Applications/MAMP/htdocs/app.seegap.com/themes/altum/views/partials/plans_plan_content.php on line 47
[13-May-2025 20:47:22 UTC] PHP Warning:  Undefined property: stdClass::$links_bulk_limit in /Applications/MAMP/htdocs/app.seegap.com/themes/altum/views/partials/plans_plan_content.php on line 47
[13-May-2025 20:47:22 UTC] PHP Warning:  Undefined property: stdClass::$links_bulk_limit in /Applications/MAMP/htdocs/app.seegap.com/themes/altum/views/partials/plans_plan_content.php on line 48
[13-May-2025 20:47:22 UTC] PHP Warning:  Undefined property: stdClass::$files_limit in /Applications/MAMP/htdocs/app.seegap.com/themes/altum/views/partials/plans_plan_content.php on line 54
[13-May-2025 20:47:22 UTC] PHP Warning:  Undefined property: stdClass::$files_limit in /Applications/MAMP/htdocs/app.seegap.com/themes/altum/views/partials/plans_plan_content.php on line 54
[13-May-2025 20:47:22 UTC] PHP Warning:  Undefined property: stdClass::$files_limit in /Applications/MAMP/htdocs/app.seegap.com/themes/altum/views/partials/plans_plan_content.php on line 55
[13-May-2025 20:47:22 UTC] PHP Warning:  Undefined property: stdClass::$vcards_limit in /Applications/MAMP/htdocs/app.seegap.com/themes/altum/views/partials/plans_plan_content.php on line 61
[13-May-2025 20:47:22 UTC] PHP Warning:  Undefined property: stdClass::$vcards_limit in /Applications/MAMP/htdocs/app.seegap.com/themes/altum/views/partials/plans_plan_content.php on line 61
[13-May-2025 20:47:22 UTC] PHP Warning:  Undefined property: stdClass::$vcards_limit in /Applications/MAMP/htdocs/app.seegap.com/themes/altum/views/partials/plans_plan_content.php on line 62
[13-May-2025 20:47:22 UTC] PHP Warning:  Undefined property: stdClass::$events_limit in /Applications/MAMP/htdocs/app.seegap.com/themes/altum/views/partials/plans_plan_content.php on line 68
[13-May-2025 20:47:22 UTC] PHP Warning:  Undefined property: stdClass::$events_limit in /Applications/MAMP/htdocs/app.seegap.com/themes/altum/views/partials/plans_plan_content.php on line 68
[13-May-2025 20:47:22 UTC] PHP Warning:  Undefined property: stdClass::$events_limit in /Applications/MAMP/htdocs/app.seegap.com/themes/altum/views/partials/plans_plan_content.php on line 69
[13-May-2025 20:47:22 UTC] PHP Warning:  Undefined property: stdClass::$static_limit in /Applications/MAMP/htdocs/app.seegap.com/themes/altum/views/partials/plans_plan_content.php on line 75
[13-May-2025 20:47:22 UTC] PHP Warning:  Undefined property: stdClass::$static_limit in /Applications/MAMP/htdocs/app.seegap.com/themes/altum/views/partials/plans_plan_content.php on line 75
[13-May-2025 20:47:22 UTC] PHP Warning:  Undefined property: stdClass::$static_limit in /Applications/MAMP/htdocs/app.seegap.com/themes/altum/views/partials/plans_plan_content.php on line 76
[13-May-2025 20:47:22 UTC] PHP Warning:  Undefined property: stdClass::$qr_codes_limit in /Applications/MAMP/htdocs/app.seegap.com/themes/altum/views/partials/plans_plan_content.php on line 82
[13-May-2025 20:47:22 UTC] PHP Warning:  Undefined property: stdClass::$qr_codes_limit in /Applications/MAMP/htdocs/app.seegap.com/themes/altum/views/partials/plans_plan_content.php on line 82
[13-May-2025 20:47:22 UTC] PHP Warning:  Undefined property: stdClass::$qr_codes_limit in /Applications/MAMP/htdocs/app.seegap.com/themes/altum/views/partials/plans_plan_content.php on line 83
[13-May-2025 20:47:22 UTC] PHP Warning:  Undefined property: stdClass::$qr_codes_bulk_limit in /Applications/MAMP/htdocs/app.seegap.com/themes/altum/views/partials/plans_plan_content.php on line 87
[13-May-2025 20:47:22 UTC] PHP Warning:  Undefined property: stdClass::$qr_codes_bulk_limit in /Applications/MAMP/htdocs/app.seegap.com/themes/altum/views/partials/plans_plan_content.php on line 87
[13-May-2025 20:47:22 UTC] PHP Warning:  Undefined property: stdClass::$qr_codes_bulk_limit in /Applications/MAMP/htdocs/app.seegap.com/themes/altum/views/partials/plans_plan_content.php on line 88
[13-May-2025 20:47:22 UTC] PHP Warning:  Undefined property: stdClass::$splash_pages_limit in /Applications/MAMP/htdocs/app.seegap.com/themes/altum/views/partials/plans_plan_content.php on line 101
[13-May-2025 20:47:22 UTC] PHP Warning:  Undefined property: stdClass::$splash_pages_limit in /Applications/MAMP/htdocs/app.seegap.com/themes/altum/views/partials/plans_plan_content.php on line 101
[13-May-2025 20:47:22 UTC] PHP Warning:  Undefined property: stdClass::$splash_pages_limit in /Applications/MAMP/htdocs/app.seegap.com/themes/altum/views/partials/plans_plan_content.php on line 102
[13-May-2025 20:47:22 UTC] PHP Warning:  Undefined property: stdClass::$projects_is_enabled in /Applications/MAMP/htdocs/app.seegap.com/themes/altum/views/partials/plans_plan_content.php on line 113
[13-May-2025 20:47:22 UTC] PHP Warning:  Undefined property: stdClass::$track_links_retention in /Applications/MAMP/htdocs/app.seegap.com/themes/altum/views/partials/plans_plan_content.php on line 146
[13-May-2025 20:47:22 UTC] PHP Warning:  Undefined property: stdClass::$track_links_retention in /Applications/MAMP/htdocs/app.seegap.com/themes/altum/views/partials/plans_plan_content.php on line 146
[13-May-2025 20:47:22 UTC] PHP Warning:  Undefined property: stdClass::$track_links_retention in /Applications/MAMP/htdocs/app.seegap.com/themes/altum/views/partials/plans_plan_content.php on line 146
[13-May-2025 20:47:22 UTC] PHP Warning:  Undefined property: stdClass::$track_links_retention in /Applications/MAMP/htdocs/app.seegap.com/themes/altum/views/partials/plans_plan_content.php on line 146
[13-May-2025 20:47:22 UTC] PHP Warning:  Undefined property: stdClass::$track_links_retention in /Applications/MAMP/htdocs/app.seegap.com/themes/altum/views/partials/plans_plan_content.php on line 147
[13-May-2025 20:47:22 UTC] PHP Warning:  Undefined property: stdClass::$force_splash_page_on_link in /Applications/MAMP/htdocs/app.seegap.com/themes/altum/views/partials/plans_plan_content.php on line 270
[13-May-2025 20:47:22 UTC] PHP Warning:  Undefined property: stdClass::$force_splash_page_on_biolink in /Applications/MAMP/htdocs/app.seegap.com/themes/altum/views/partials/plans_plan_content.php on line 270
[13-May-2025 20:47:22 UTC] PHP Warning:  Undefined property: stdClass::$force_splash_page_on_file in /Applications/MAMP/htdocs/app.seegap.com/themes/altum/views/partials/plans_plan_content.php on line 270
[13-May-2025 20:47:22 UTC] PHP Warning:  Undefined property: stdClass::$force_splash_page_on_static in /Applications/MAMP/htdocs/app.seegap.com/themes/altum/views/partials/plans_plan_content.php on line 270
[13-May-2025 20:47:22 UTC] PHP Warning:  Undefined property: stdClass::$force_splash_page_on_vcard in /Applications/MAMP/htdocs/app.seegap.com/themes/altum/views/partials/plans_plan_content.php on line 270
[13-May-2025 20:47:22 UTC] PHP Warning:  Undefined property: stdClass::$force_splash_page_on_event in /Applications/MAMP/htdocs/app.seegap.com/themes/altum/views/partials/plans_plan_content.php on line 270
[13-May-2025 20:47:22 UTC] PHP Warning:  Undefined property: stdClass::$white_labeling_is_enabled in /Applications/MAMP/htdocs/app.seegap.com/app/includes/simple_user_plan_settings.php on line 55
[13-May-2025 20:47:22 UTC] PHP Warning:  Undefined property: stdClass::$dofollow_is_enabled in /Applications/MAMP/htdocs/app.seegap.com/themes/altum/views/partials/plans_plan_content.php on line 289
[13-May-2025 20:47:22 UTC] PHP Warning:  Undefined property: stdClass::$dofollow_is_enabled in /Applications/MAMP/htdocs/app.seegap.com/themes/altum/views/partials/plans_plan_content.php on line 295
[13-May-2025 20:47:22 UTC] PHP Warning:  Undefined property: stdClass::$custom_css_is_enabled in /Applications/MAMP/htdocs/app.seegap.com/themes/altum/views/partials/plans_plan_content.php on line 289
[13-May-2025 20:47:22 UTC] PHP Warning:  Undefined property: stdClass::$custom_css_is_enabled in /Applications/MAMP/htdocs/app.seegap.com/themes/altum/views/partials/plans_plan_content.php on line 295
[13-May-2025 20:47:22 UTC] PHP Warning:  Undefined property: stdClass::$custom_js_is_enabled in /Applications/MAMP/htdocs/app.seegap.com/themes/altum/views/partials/plans_plan_content.php on line 289
[13-May-2025 20:47:22 UTC] PHP Warning:  Undefined property: stdClass::$custom_js_is_enabled in /Applications/MAMP/htdocs/app.seegap.com/themes/altum/views/partials/plans_plan_content.php on line 295
[13-May-2025 20:47:22 UTC] PHP Warning:  Undefined property: stdClass::$cloaking_is_enabled in /Applications/MAMP/htdocs/app.seegap.com/themes/altum/views/partials/plans_plan_content.php on line 289
[13-May-2025 20:47:22 UTC] PHP Warning:  Undefined property: stdClass::$cloaking_is_enabled in /Applications/MAMP/htdocs/app.seegap.com/themes/altum/views/partials/plans_plan_content.php on line 295
[13-May-2025 20:47:22 UTC] PHP Warning:  Undefined property: stdClass::$app_linking_is_enabled in /Applications/MAMP/htdocs/app.seegap.com/themes/altum/views/partials/plans_plan_content.php on line 289
[13-May-2025 20:47:22 UTC] PHP Warning:  Undefined property: stdClass::$app_linking_is_enabled in /Applications/MAMP/htdocs/app.seegap.com/themes/altum/views/partials/plans_plan_content.php on line 295
[13-May-2025 20:47:22 UTC] PHP Warning:  Undefined property: stdClass::$targeting_is_enabled in /Applications/MAMP/htdocs/app.seegap.com/themes/altum/views/partials/plans_plan_content.php on line 289
[13-May-2025 20:47:22 UTC] PHP Warning:  Undefined property: stdClass::$targeting_is_enabled in /Applications/MAMP/htdocs/app.seegap.com/themes/altum/views/partials/plans_plan_content.php on line 295
[13-May-2025 20:47:22 UTC] PHP Warning:  Undefined property: stdClass::$color in /Applications/MAMP/htdocs/app.seegap.com/themes/altum/views/partials/plans.php on line 86
[13-May-2025 20:47:22 UTC] PHP Warning:  Undefined property: stdClass::$translations in /Applications/MAMP/htdocs/app.seegap.com/themes/altum/views/partials/plans.php on line 249
[13-May-2025 20:47:22 UTC] PHP Warning:  Attempt to read property "english" on null in /Applications/MAMP/htdocs/app.seegap.com/themes/altum/views/partials/plans.php on line 249
[13-May-2025 20:47:22 UTC] PHP Warning:  Attempt to read property "name" on null in /Applications/MAMP/htdocs/app.seegap.com/themes/altum/views/partials/plans.php on line 249
[13-May-2025 20:47:22 UTC] PHP Warning:  Undefined property: stdClass::$translations in /Applications/MAMP/htdocs/app.seegap.com/themes/altum/views/partials/plans.php on line 258
[13-May-2025 20:47:22 UTC] PHP Warning:  Attempt to read property "english" on null in /Applications/MAMP/htdocs/app.seegap.com/themes/altum/views/partials/plans.php on line 258
[13-May-2025 20:47:22 UTC] PHP Warning:  Attempt to read property "name" on null in /Applications/MAMP/htdocs/app.seegap.com/themes/altum/views/partials/plans.php on line 258
[13-May-2025 20:47:22 UTC] PHP Warning:  Undefined property: stdClass::$claim_url_is_enabled in /Applications/MAMP/htdocs/app.seegap.com/themes/altum/views/index/index.php on line 91
[13-May-2025 20:47:22 UTC] PHP Warning:  Undefined property: stdClass::$claim_url_is_enabled in /Applications/MAMP/htdocs/app.seegap.com/themes/altum/views/index/index.php on line 140
[13-May-2025 20:47:22 UTC] PHP Warning:  Undefined property: stdClass::$claim_url_is_enabled in /Applications/MAMP/htdocs/app.seegap.com/themes/altum/views/index/index.php on line 141
[13-May-2025 20:47:22 UTC] PHP Warning:  Undefined property: stdClass::$projects_is_enabled in /Applications/MAMP/htdocs/app.seegap.com/themes/altum/views/index/index.php on line 567
[13-May-2025 20:47:22 UTC] PHP Warning:  Undefined property: stdClass::$user_spotlight_is_enabled in /Applications/MAMP/htdocs/app.seegap.com/themes/altum/views/partials/footer.php on line 107
[13-May-2025 20:47:22 UTC] PHP Warning:  Undefined property: stdClass::$admin_spotlight_is_enabled in /Applications/MAMP/htdocs/app.seegap.com/themes/altum/views/wrapper.php on line 79
[13-May-2025 20:47:22 UTC] PHP Warning:  Undefined property: stdClass::$user_spotlight_is_enabled in /Applications/MAMP/htdocs/app.seegap.com/themes/altum/views/wrapper.php on line 79
[13-May-2025 20:47:25 UTC] PHP Warning:  Undefined property: stdClass::$maintenance_is_enabled in /Applications/MAMP/htdocs/app.seegap.com/app/core/App.php on line 238
[13-May-2025 20:47:25 UTC] PHP Warning:  Undefined property: stdClass::$last_submissions_is_enabled in /Applications/MAMP/htdocs/app.seegap.com/themes/altum/views/tools/tool_widget_frankfurt.php on line 26
[13-May-2025 20:47:25 UTC] PHP Warning:  Undefined property: stdClass::$last_submissions_is_enabled in /Applications/MAMP/htdocs/app.seegap.com/themes/altum/views/tools/tool_widget_frankfurt.php on line 26
[13-May-2025 20:47:25 UTC] PHP Warning:  Undefined property: stdClass::$last_submissions_is_enabled in /Applications/MAMP/htdocs/app.seegap.com/themes/altum/views/tools/tool_widget_frankfurt.php on line 26
[13-May-2025 20:47:25 UTC] PHP Warning:  Undefined property: stdClass::$last_submissions_is_enabled in /Applications/MAMP/htdocs/app.seegap.com/themes/altum/views/tools/tool_widget_frankfurt.php on line 26
[13-May-2025 20:47:25 UTC] PHP Warning:  Undefined property: stdClass::$last_submissions_is_enabled in /Applications/MAMP/htdocs/app.seegap.com/themes/altum/views/tools/tool_widget_frankfurt.php on line 26
[13-May-2025 20:47:25 UTC] PHP Warning:  Undefined property: stdClass::$last_submissions_is_enabled in /Applications/MAMP/htdocs/app.seegap.com/themes/altum/views/tools/tool_widget_frankfurt.php on line 26
[13-May-2025 20:47:25 UTC] PHP Warning:  Undefined property: stdClass::$last_submissions_is_enabled in /Applications/MAMP/htdocs/app.seegap.com/themes/altum/views/tools/tool_widget_frankfurt.php on line 26
[13-May-2025 20:47:25 UTC] PHP Warning:  Undefined property: stdClass::$last_submissions_is_enabled in /Applications/MAMP/htdocs/app.seegap.com/themes/altum/views/tools/tool_widget_frankfurt.php on line 26
[13-May-2025 20:47:25 UTC] PHP Warning:  Undefined property: stdClass::$last_submissions_is_enabled in /Applications/MAMP/htdocs/app.seegap.com/themes/altum/views/tools/tool_widget_frankfurt.php on line 26
[13-May-2025 20:47:25 UTC] PHP Warning:  Undefined property: stdClass::$last_submissions_is_enabled in /Applications/MAMP/htdocs/app.seegap.com/themes/altum/views/tools/tool_widget_frankfurt.php on line 26
[13-May-2025 20:47:25 UTC] PHP Warning:  Undefined property: stdClass::$last_submissions_is_enabled in /Applications/MAMP/htdocs/app.seegap.com/themes/altum/views/tools/tool_widget_frankfurt.php on line 26
[13-May-2025 20:47:25 UTC] PHP Warning:  Undefined property: stdClass::$last_submissions_is_enabled in /Applications/MAMP/htdocs/app.seegap.com/themes/altum/views/tools/tool_widget_frankfurt.php on line 26
[13-May-2025 20:47:25 UTC] PHP Warning:  Undefined property: stdClass::$last_submissions_is_enabled in /Applications/MAMP/htdocs/app.seegap.com/themes/altum/views/tools/tool_widget_frankfurt.php on line 26
[13-May-2025 20:47:25 UTC] PHP Warning:  Undefined property: stdClass::$last_submissions_is_enabled in /Applications/MAMP/htdocs/app.seegap.com/themes/altum/views/tools/tool_widget_frankfurt.php on line 26
[13-May-2025 20:47:25 UTC] PHP Warning:  Undefined property: stdClass::$last_submissions_is_enabled in /Applications/MAMP/htdocs/app.seegap.com/themes/altum/views/tools/tool_widget_frankfurt.php on line 26
[13-May-2025 20:47:25 UTC] PHP Warning:  Undefined property: stdClass::$last_submissions_is_enabled in /Applications/MAMP/htdocs/app.seegap.com/themes/altum/views/tools/tool_widget_frankfurt.php on line 26
[13-May-2025 20:47:25 UTC] PHP Warning:  Undefined property: stdClass::$last_submissions_is_enabled in /Applications/MAMP/htdocs/app.seegap.com/themes/altum/views/tools/tool_widget_frankfurt.php on line 26
[13-May-2025 20:47:25 UTC] PHP Warning:  Undefined property: stdClass::$last_submissions_is_enabled in /Applications/MAMP/htdocs/app.seegap.com/themes/altum/views/tools/tool_widget_frankfurt.php on line 26
[13-May-2025 20:47:25 UTC] PHP Warning:  Undefined property: stdClass::$last_submissions_is_enabled in /Applications/MAMP/htdocs/app.seegap.com/themes/altum/views/tools/tool_widget_frankfurt.php on line 26
[13-May-2025 20:47:25 UTC] PHP Warning:  Undefined property: stdClass::$last_submissions_is_enabled in /Applications/MAMP/htdocs/app.seegap.com/themes/altum/views/tools/tool_widget_frankfurt.php on line 26
[13-May-2025 20:47:25 UTC] PHP Warning:  Undefined property: stdClass::$last_submissions_is_enabled in /Applications/MAMP/htdocs/app.seegap.com/themes/altum/views/tools/tool_widget_frankfurt.php on line 26
[13-May-2025 20:47:25 UTC] PHP Warning:  Undefined property: stdClass::$last_submissions_is_enabled in /Applications/MAMP/htdocs/app.seegap.com/themes/altum/views/tools/tool_widget_frankfurt.php on line 26
[13-May-2025 20:47:25 UTC] PHP Warning:  Undefined property: stdClass::$last_submissions_is_enabled in /Applications/MAMP/htdocs/app.seegap.com/themes/altum/views/tools/tool_widget_frankfurt.php on line 26
[13-May-2025 20:47:25 UTC] PHP Warning:  Undefined property: stdClass::$last_submissions_is_enabled in /Applications/MAMP/htdocs/app.seegap.com/themes/altum/views/tools/tool_widget_frankfurt.php on line 26
[13-May-2025 20:47:25 UTC] PHP Warning:  Undefined property: stdClass::$last_submissions_is_enabled in /Applications/MAMP/htdocs/app.seegap.com/themes/altum/views/tools/tool_widget_frankfurt.php on line 26
[13-May-2025 20:47:25 UTC] PHP Warning:  Undefined property: stdClass::$last_submissions_is_enabled in /Applications/MAMP/htdocs/app.seegap.com/themes/altum/views/tools/tool_widget_frankfurt.php on line 26
[13-May-2025 20:47:25 UTC] PHP Warning:  Undefined property: stdClass::$last_submissions_is_enabled in /Applications/MAMP/htdocs/app.seegap.com/themes/altum/views/tools/tool_widget_frankfurt.php on line 26
[13-May-2025 20:47:25 UTC] PHP Warning:  Undefined property: stdClass::$last_submissions_is_enabled in /Applications/MAMP/htdocs/app.seegap.com/themes/altum/views/tools/tool_widget_frankfurt.php on line 26
[13-May-2025 20:47:25 UTC] PHP Warning:  Undefined property: stdClass::$last_submissions_is_enabled in /Applications/MAMP/htdocs/app.seegap.com/themes/altum/views/tools/tool_widget_frankfurt.php on line 26
[13-May-2025 20:47:25 UTC] PHP Warning:  Undefined property: stdClass::$last_submissions_is_enabled in /Applications/MAMP/htdocs/app.seegap.com/themes/altum/views/tools/tool_widget_frankfurt.php on line 26
[13-May-2025 20:47:25 UTC] PHP Warning:  Undefined property: stdClass::$last_submissions_is_enabled in /Applications/MAMP/htdocs/app.seegap.com/themes/altum/views/tools/tool_widget_frankfurt.php on line 26
[13-May-2025 20:47:25 UTC] PHP Warning:  Undefined property: stdClass::$last_submissions_is_enabled in /Applications/MAMP/htdocs/app.seegap.com/themes/altum/views/tools/tool_widget_frankfurt.php on line 26
[13-May-2025 20:47:25 UTC] PHP Warning:  Undefined property: stdClass::$last_submissions_is_enabled in /Applications/MAMP/htdocs/app.seegap.com/themes/altum/views/tools/tool_widget_frankfurt.php on line 26
[13-May-2025 20:47:25 UTC] PHP Warning:  Undefined property: stdClass::$last_submissions_is_enabled in /Applications/MAMP/htdocs/app.seegap.com/themes/altum/views/tools/tool_widget_frankfurt.php on line 26
[13-May-2025 20:47:25 UTC] PHP Warning:  Undefined property: stdClass::$last_submissions_is_enabled in /Applications/MAMP/htdocs/app.seegap.com/themes/altum/views/tools/tool_widget_frankfurt.php on line 26
[13-May-2025 20:47:25 UTC] PHP Warning:  Undefined property: stdClass::$last_submissions_is_enabled in /Applications/MAMP/htdocs/app.seegap.com/themes/altum/views/tools/tool_widget_frankfurt.php on line 26
[13-May-2025 20:47:25 UTC] PHP Warning:  Undefined property: stdClass::$last_submissions_is_enabled in /Applications/MAMP/htdocs/app.seegap.com/themes/altum/views/tools/tool_widget_frankfurt.php on line 26
[13-May-2025 20:47:25 UTC] PHP Warning:  Undefined property: stdClass::$last_submissions_is_enabled in /Applications/MAMP/htdocs/app.seegap.com/themes/altum/views/tools/tool_widget_frankfurt.php on line 26
[13-May-2025 20:47:25 UTC] PHP Warning:  Undefined property: stdClass::$last_submissions_is_enabled in /Applications/MAMP/htdocs/app.seegap.com/themes/altum/views/tools/tool_widget_frankfurt.php on line 26
[13-May-2025 20:47:25 UTC] PHP Warning:  Undefined property: stdClass::$last_submissions_is_enabled in /Applications/MAMP/htdocs/app.seegap.com/themes/altum/views/tools/tool_widget_frankfurt.php on line 26
[13-May-2025 20:47:25 UTC] PHP Warning:  Undefined property: stdClass::$last_submissions_is_enabled in /Applications/MAMP/htdocs/app.seegap.com/themes/altum/views/tools/tool_widget_frankfurt.php on line 26
[13-May-2025 20:47:25 UTC] PHP Warning:  Undefined property: stdClass::$last_submissions_is_enabled in /Applications/MAMP/htdocs/app.seegap.com/themes/altum/views/tools/tool_widget_frankfurt.php on line 26
[13-May-2025 20:47:25 UTC] PHP Warning:  Undefined property: stdClass::$last_submissions_is_enabled in /Applications/MAMP/htdocs/app.seegap.com/themes/altum/views/tools/tool_widget_frankfurt.php on line 26
[13-May-2025 20:47:25 UTC] PHP Warning:  Undefined property: stdClass::$last_submissions_is_enabled in /Applications/MAMP/htdocs/app.seegap.com/themes/altum/views/tools/tool_widget_frankfurt.php on line 26
[13-May-2025 20:47:25 UTC] PHP Warning:  Undefined property: stdClass::$last_submissions_is_enabled in /Applications/MAMP/htdocs/app.seegap.com/themes/altum/views/tools/tool_widget_frankfurt.php on line 26
[13-May-2025 20:47:25 UTC] PHP Warning:  Undefined property: stdClass::$last_submissions_is_enabled in /Applications/MAMP/htdocs/app.seegap.com/themes/altum/views/tools/tool_widget_frankfurt.php on line 26
[13-May-2025 20:47:25 UTC] PHP Warning:  Undefined property: stdClass::$last_submissions_is_enabled in /Applications/MAMP/htdocs/app.seegap.com/themes/altum/views/tools/tool_widget_frankfurt.php on line 26
[13-May-2025 20:47:25 UTC] PHP Warning:  Undefined property: stdClass::$last_submissions_is_enabled in /Applications/MAMP/htdocs/app.seegap.com/themes/altum/views/tools/tool_widget_frankfurt.php on line 26
[13-May-2025 20:47:25 UTC] PHP Warning:  Undefined property: stdClass::$last_submissions_is_enabled in /Applications/MAMP/htdocs/app.seegap.com/themes/altum/views/tools/tool_widget_frankfurt.php on line 26
[13-May-2025 20:47:25 UTC] PHP Warning:  Undefined property: stdClass::$last_submissions_is_enabled in /Applications/MAMP/htdocs/app.seegap.com/themes/altum/views/tools/tool_widget_frankfurt.php on line 26
[13-May-2025 20:47:25 UTC] PHP Warning:  Undefined property: stdClass::$last_submissions_is_enabled in /Applications/MAMP/htdocs/app.seegap.com/themes/altum/views/tools/tool_widget_frankfurt.php on line 26
[13-May-2025 20:47:25 UTC] PHP Warning:  Undefined property: stdClass::$last_submissions_is_enabled in /Applications/MAMP/htdocs/app.seegap.com/themes/altum/views/tools/tool_widget_frankfurt.php on line 26
[13-May-2025 20:47:25 UTC] PHP Warning:  Undefined property: stdClass::$last_submissions_is_enabled in /Applications/MAMP/htdocs/app.seegap.com/themes/altum/views/tools/tool_widget_frankfurt.php on line 26
[13-May-2025 20:47:25 UTC] PHP Warning:  Undefined property: stdClass::$last_submissions_is_enabled in /Applications/MAMP/htdocs/app.seegap.com/themes/altum/views/tools/tool_widget_frankfurt.php on line 26
[13-May-2025 20:47:25 UTC] PHP Warning:  Undefined property: stdClass::$last_submissions_is_enabled in /Applications/MAMP/htdocs/app.seegap.com/themes/altum/views/tools/tool_widget_frankfurt.php on line 26
[13-May-2025 20:47:25 UTC] PHP Warning:  Undefined property: stdClass::$last_submissions_is_enabled in /Applications/MAMP/htdocs/app.seegap.com/themes/altum/views/tools/tool_widget_frankfurt.php on line 26
[13-May-2025 20:47:25 UTC] PHP Warning:  Undefined property: stdClass::$last_submissions_is_enabled in /Applications/MAMP/htdocs/app.seegap.com/themes/altum/views/tools/tool_widget_frankfurt.php on line 26
[13-May-2025 20:47:25 UTC] PHP Warning:  Undefined property: stdClass::$last_submissions_is_enabled in /Applications/MAMP/htdocs/app.seegap.com/themes/altum/views/tools/tool_widget_frankfurt.php on line 26
[13-May-2025 20:47:25 UTC] PHP Warning:  Undefined property: stdClass::$last_submissions_is_enabled in /Applications/MAMP/htdocs/app.seegap.com/themes/altum/views/tools/tool_widget_frankfurt.php on line 26
[13-May-2025 20:47:25 UTC] PHP Warning:  Undefined property: stdClass::$last_submissions_is_enabled in /Applications/MAMP/htdocs/app.seegap.com/themes/altum/views/tools/tool_widget_frankfurt.php on line 26
[13-May-2025 20:47:25 UTC] PHP Warning:  Undefined property: stdClass::$last_submissions_is_enabled in /Applications/MAMP/htdocs/app.seegap.com/themes/altum/views/tools/tool_widget_frankfurt.php on line 26
[13-May-2025 20:47:25 UTC] PHP Warning:  Undefined property: stdClass::$last_submissions_is_enabled in /Applications/MAMP/htdocs/app.seegap.com/themes/altum/views/tools/tool_widget_frankfurt.php on line 26
[13-May-2025 20:47:25 UTC] PHP Warning:  Undefined property: stdClass::$last_submissions_is_enabled in /Applications/MAMP/htdocs/app.seegap.com/themes/altum/views/tools/tool_widget_frankfurt.php on line 26
[13-May-2025 20:47:25 UTC] PHP Warning:  Undefined property: stdClass::$last_submissions_is_enabled in /Applications/MAMP/htdocs/app.seegap.com/themes/altum/views/tools/tool_widget_frankfurt.php on line 26
[13-May-2025 20:47:25 UTC] PHP Warning:  Undefined property: stdClass::$last_submissions_is_enabled in /Applications/MAMP/htdocs/app.seegap.com/themes/altum/views/tools/tool_widget_frankfurt.php on line 26
[13-May-2025 20:47:25 UTC] PHP Warning:  Undefined property: stdClass::$last_submissions_is_enabled in /Applications/MAMP/htdocs/app.seegap.com/themes/altum/views/tools/tool_widget_frankfurt.php on line 26
[13-May-2025 20:47:25 UTC] PHP Warning:  Undefined property: stdClass::$last_submissions_is_enabled in /Applications/MAMP/htdocs/app.seegap.com/themes/altum/views/tools/tool_widget_frankfurt.php on line 26
[13-May-2025 20:47:25 UTC] PHP Warning:  Undefined property: stdClass::$last_submissions_is_enabled in /Applications/MAMP/htdocs/app.seegap.com/themes/altum/views/tools/tool_widget_frankfurt.php on line 26
[13-May-2025 20:47:25 UTC] PHP Warning:  Undefined property: stdClass::$last_submissions_is_enabled in /Applications/MAMP/htdocs/app.seegap.com/themes/altum/views/tools/tool_widget_frankfurt.php on line 26
[13-May-2025 20:47:25 UTC] PHP Warning:  Undefined property: stdClass::$last_submissions_is_enabled in /Applications/MAMP/htdocs/app.seegap.com/themes/altum/views/tools/tool_widget_frankfurt.php on line 26
[13-May-2025 20:47:25 UTC] PHP Warning:  Undefined property: stdClass::$last_submissions_is_enabled in /Applications/MAMP/htdocs/app.seegap.com/themes/altum/views/tools/tool_widget_frankfurt.php on line 26
[13-May-2025 20:47:25 UTC] PHP Warning:  Undefined property: stdClass::$last_submissions_is_enabled in /Applications/MAMP/htdocs/app.seegap.com/themes/altum/views/tools/tool_widget_frankfurt.php on line 26
[13-May-2025 20:47:25 UTC] PHP Warning:  Undefined property: stdClass::$last_submissions_is_enabled in /Applications/MAMP/htdocs/app.seegap.com/themes/altum/views/tools/tool_widget_frankfurt.php on line 26
[13-May-2025 20:47:25 UTC] PHP Warning:  Undefined property: stdClass::$last_submissions_is_enabled in /Applications/MAMP/htdocs/app.seegap.com/themes/altum/views/tools/tool_widget_frankfurt.php on line 26
[13-May-2025 20:47:25 UTC] PHP Warning:  Undefined property: stdClass::$last_submissions_is_enabled in /Applications/MAMP/htdocs/app.seegap.com/themes/altum/views/tools/tool_widget_frankfurt.php on line 26
[13-May-2025 20:47:25 UTC] PHP Warning:  Undefined property: stdClass::$last_submissions_is_enabled in /Applications/MAMP/htdocs/app.seegap.com/themes/altum/views/tools/tool_widget_frankfurt.php on line 26
[13-May-2025 20:47:25 UTC] PHP Warning:  Undefined property: stdClass::$last_submissions_is_enabled in /Applications/MAMP/htdocs/app.seegap.com/themes/altum/views/tools/tool_widget_frankfurt.php on line 26
[13-May-2025 20:47:25 UTC] PHP Warning:  Undefined property: stdClass::$last_submissions_is_enabled in /Applications/MAMP/htdocs/app.seegap.com/themes/altum/views/tools/tool_widget_frankfurt.php on line 26
[13-May-2025 20:47:25 UTC] PHP Warning:  Undefined property: stdClass::$last_submissions_is_enabled in /Applications/MAMP/htdocs/app.seegap.com/themes/altum/views/tools/tool_widget_frankfurt.php on line 26
[13-May-2025 20:47:25 UTC] PHP Warning:  Undefined property: stdClass::$last_submissions_is_enabled in /Applications/MAMP/htdocs/app.seegap.com/themes/altum/views/tools/tool_widget_frankfurt.php on line 26
[13-May-2025 20:47:25 UTC] PHP Warning:  Undefined property: stdClass::$last_submissions_is_enabled in /Applications/MAMP/htdocs/app.seegap.com/themes/altum/views/tools/tool_widget_frankfurt.php on line 26
[13-May-2025 20:47:25 UTC] PHP Warning:  Undefined property: stdClass::$last_submissions_is_enabled in /Applications/MAMP/htdocs/app.seegap.com/themes/altum/views/tools/tool_widget_frankfurt.php on line 26
[13-May-2025 20:47:25 UTC] PHP Warning:  Undefined property: stdClass::$last_submissions_is_enabled in /Applications/MAMP/htdocs/app.seegap.com/themes/altum/views/tools/tool_widget_frankfurt.php on line 26
[13-May-2025 20:47:25 UTC] PHP Warning:  Undefined property: stdClass::$last_submissions_is_enabled in /Applications/MAMP/htdocs/app.seegap.com/themes/altum/views/tools/tool_widget_frankfurt.php on line 26
[13-May-2025 20:47:25 UTC] PHP Warning:  Undefined property: stdClass::$last_submissions_is_enabled in /Applications/MAMP/htdocs/app.seegap.com/themes/altum/views/tools/tool_widget_frankfurt.php on line 26
[13-May-2025 20:47:25 UTC] PHP Warning:  Undefined property: stdClass::$last_submissions_is_enabled in /Applications/MAMP/htdocs/app.seegap.com/themes/altum/views/tools/tool_widget_frankfurt.php on line 26
[13-May-2025 20:47:25 UTC] PHP Warning:  Undefined property: stdClass::$last_submissions_is_enabled in /Applications/MAMP/htdocs/app.seegap.com/themes/altum/views/tools/tool_widget_frankfurt.php on line 26
[13-May-2025 20:47:25 UTC] PHP Warning:  Undefined property: stdClass::$last_submissions_is_enabled in /Applications/MAMP/htdocs/app.seegap.com/themes/altum/views/tools/tool_widget_frankfurt.php on line 26
[13-May-2025 20:47:25 UTC] PHP Warning:  Undefined property: stdClass::$last_submissions_is_enabled in /Applications/MAMP/htdocs/app.seegap.com/themes/altum/views/tools/tool_widget_frankfurt.php on line 26
[13-May-2025 20:47:25 UTC] PHP Warning:  Undefined property: stdClass::$last_submissions_is_enabled in /Applications/MAMP/htdocs/app.seegap.com/themes/altum/views/tools/tool_widget_frankfurt.php on line 26
[13-May-2025 20:47:25 UTC] PHP Warning:  Undefined property: stdClass::$last_submissions_is_enabled in /Applications/MAMP/htdocs/app.seegap.com/themes/altum/views/tools/tool_widget_frankfurt.php on line 26
[13-May-2025 20:47:25 UTC] PHP Warning:  Undefined property: stdClass::$last_submissions_is_enabled in /Applications/MAMP/htdocs/app.seegap.com/themes/altum/views/tools/tool_widget_frankfurt.php on line 26
[13-May-2025 20:47:25 UTC] PHP Warning:  Undefined property: stdClass::$last_submissions_is_enabled in /Applications/MAMP/htdocs/app.seegap.com/themes/altum/views/tools/tool_widget_frankfurt.php on line 26
[13-May-2025 20:47:25 UTC] PHP Warning:  Undefined property: stdClass::$last_submissions_is_enabled in /Applications/MAMP/htdocs/app.seegap.com/themes/altum/views/tools/tool_widget_frankfurt.php on line 26
[13-May-2025 20:47:25 UTC] PHP Warning:  Undefined property: stdClass::$last_submissions_is_enabled in /Applications/MAMP/htdocs/app.seegap.com/themes/altum/views/tools/tool_widget_frankfurt.php on line 26
[13-May-2025 20:47:25 UTC] PHP Warning:  Undefined property: stdClass::$last_submissions_is_enabled in /Applications/MAMP/htdocs/app.seegap.com/themes/altum/views/tools/tool_widget_frankfurt.php on line 26
[13-May-2025 20:47:25 UTC] PHP Warning:  Undefined property: stdClass::$last_submissions_is_enabled in /Applications/MAMP/htdocs/app.seegap.com/themes/altum/views/tools/tool_widget_frankfurt.php on line 26
[13-May-2025 20:47:25 UTC] PHP Warning:  Undefined property: stdClass::$last_submissions_is_enabled in /Applications/MAMP/htdocs/app.seegap.com/themes/altum/views/tools/tool_widget_frankfurt.php on line 26
[13-May-2025 20:47:25 UTC] PHP Warning:  Undefined property: stdClass::$last_submissions_is_enabled in /Applications/MAMP/htdocs/app.seegap.com/themes/altum/views/tools/tool_widget_frankfurt.php on line 26
[13-May-2025 20:47:25 UTC] PHP Warning:  Undefined property: stdClass::$last_submissions_is_enabled in /Applications/MAMP/htdocs/app.seegap.com/themes/altum/views/tools/tool_widget_frankfurt.php on line 26
[13-May-2025 20:47:25 UTC] PHP Warning:  Undefined property: stdClass::$last_submissions_is_enabled in /Applications/MAMP/htdocs/app.seegap.com/themes/altum/views/tools/tool_widget_frankfurt.php on line 26
[13-May-2025 20:47:25 UTC] PHP Warning:  Undefined property: stdClass::$last_submissions_is_enabled in /Applications/MAMP/htdocs/app.seegap.com/themes/altum/views/tools/tool_widget_frankfurt.php on line 26
[13-May-2025 20:47:25 UTC] PHP Warning:  Undefined property: stdClass::$last_submissions_is_enabled in /Applications/MAMP/htdocs/app.seegap.com/themes/altum/views/tools/tool_widget_frankfurt.php on line 26
[13-May-2025 20:47:25 UTC] PHP Warning:  Undefined property: stdClass::$last_submissions_is_enabled in /Applications/MAMP/htdocs/app.seegap.com/themes/altum/views/tools/tool_widget_frankfurt.php on line 26
[13-May-2025 20:47:25 UTC] PHP Warning:  Undefined property: stdClass::$last_submissions_is_enabled in /Applications/MAMP/htdocs/app.seegap.com/themes/altum/views/tools/tool_widget_frankfurt.php on line 26
[13-May-2025 20:47:25 UTC] PHP Warning:  Undefined property: stdClass::$last_submissions_is_enabled in /Applications/MAMP/htdocs/app.seegap.com/themes/altum/views/tools/tool_widget_frankfurt.php on line 26
[13-May-2025 20:47:25 UTC] PHP Warning:  Undefined property: stdClass::$last_submissions_is_enabled in /Applications/MAMP/htdocs/app.seegap.com/themes/altum/views/tools/tool_widget_frankfurt.php on line 26
[13-May-2025 20:47:25 UTC] PHP Warning:  Undefined property: stdClass::$last_submissions_is_enabled in /Applications/MAMP/htdocs/app.seegap.com/themes/altum/views/tools/tool_widget_frankfurt.php on line 26
[13-May-2025 20:47:25 UTC] PHP Warning:  Undefined property: stdClass::$last_submissions_is_enabled in /Applications/MAMP/htdocs/app.seegap.com/themes/altum/views/tools/tool_widget_frankfurt.php on line 26
[13-May-2025 20:47:25 UTC] PHP Warning:  Undefined property: stdClass::$last_submissions_is_enabled in /Applications/MAMP/htdocs/app.seegap.com/themes/altum/views/tools/tool_widget_frankfurt.php on line 26
[13-May-2025 20:47:25 UTC] PHP Warning:  Undefined property: stdClass::$last_submissions_is_enabled in /Applications/MAMP/htdocs/app.seegap.com/themes/altum/views/tools/tool_widget_frankfurt.php on line 26
[13-May-2025 20:47:25 UTC] PHP Warning:  Undefined property: stdClass::$last_submissions_is_enabled in /Applications/MAMP/htdocs/app.seegap.com/themes/altum/views/tools/tool_widget_frankfurt.php on line 26
[13-May-2025 20:47:25 UTC] PHP Warning:  Undefined property: stdClass::$last_submissions_is_enabled in /Applications/MAMP/htdocs/app.seegap.com/themes/altum/views/tools/tool_widget_frankfurt.php on line 26
[13-May-2025 20:47:25 UTC] PHP Warning:  Undefined property: stdClass::$last_submissions_is_enabled in /Applications/MAMP/htdocs/app.seegap.com/themes/altum/views/tools/tool_widget_frankfurt.php on line 26
[13-May-2025 20:47:25 UTC] PHP Warning:  Undefined property: stdClass::$last_submissions_is_enabled in /Applications/MAMP/htdocs/app.seegap.com/themes/altum/views/tools/tool_widget_frankfurt.php on line 26
[13-May-2025 20:47:25 UTC] PHP Warning:  Undefined property: stdClass::$last_submissions_is_enabled in /Applications/MAMP/htdocs/app.seegap.com/themes/altum/views/tools/tool_widget_frankfurt.php on line 26
[13-May-2025 20:47:25 UTC] PHP Warning:  Undefined property: stdClass::$last_submissions_is_enabled in /Applications/MAMP/htdocs/app.seegap.com/themes/altum/views/tools/tool_widget_frankfurt.php on line 26
[13-May-2025 20:47:25 UTC] PHP Warning:  Undefined property: stdClass::$last_submissions_is_enabled in /Applications/MAMP/htdocs/app.seegap.com/themes/altum/views/tools/tool_widget_frankfurt.php on line 26
[13-May-2025 20:47:25 UTC] PHP Warning:  Undefined property: stdClass::$last_submissions_is_enabled in /Applications/MAMP/htdocs/app.seegap.com/themes/altum/views/tools/tool_widget_frankfurt.php on line 26
[13-May-2025 20:47:25 UTC] PHP Warning:  Undefined property: stdClass::$last_submissions_is_enabled in /Applications/MAMP/htdocs/app.seegap.com/themes/altum/views/tools/tool_widget_frankfurt.php on line 26
[13-May-2025 20:47:25 UTC] PHP Warning:  Undefined property: stdClass::$last_submissions_is_enabled in /Applications/MAMP/htdocs/app.seegap.com/themes/altum/views/tools/tool_widget_frankfurt.php on line 26
[13-May-2025 20:47:25 UTC] PHP Warning:  Undefined property: stdClass::$last_submissions_is_enabled in /Applications/MAMP/htdocs/app.seegap.com/themes/altum/views/tools/tool_widget_frankfurt.php on line 26
[13-May-2025 20:47:25 UTC] PHP Warning:  Undefined property: stdClass::$last_submissions_is_enabled in /Applications/MAMP/htdocs/app.seegap.com/themes/altum/views/tools/tool_widget_frankfurt.php on line 26
[13-May-2025 20:47:25 UTC] PHP Warning:  Undefined property: stdClass::$last_submissions_is_enabled in /Applications/MAMP/htdocs/app.seegap.com/themes/altum/views/tools/tool_widget_frankfurt.php on line 26
[13-May-2025 20:47:25 UTC] PHP Warning:  Undefined property: stdClass::$last_submissions_is_enabled in /Applications/MAMP/htdocs/app.seegap.com/themes/altum/views/tools/tool_widget_frankfurt.php on line 26
[13-May-2025 20:47:25 UTC] PHP Warning:  Undefined property: stdClass::$last_submissions_is_enabled in /Applications/MAMP/htdocs/app.seegap.com/themes/altum/views/tools/tool_widget_frankfurt.php on line 26
[13-May-2025 20:47:25 UTC] PHP Warning:  Undefined property: stdClass::$user_spotlight_is_enabled in /Applications/MAMP/htdocs/app.seegap.com/themes/altum/views/partials/footer.php on line 107
[13-May-2025 20:47:25 UTC] PHP Warning:  Undefined property: stdClass::$admin_spotlight_is_enabled in /Applications/MAMP/htdocs/app.seegap.com/themes/altum/views/wrapper.php on line 79
[13-May-2025 20:47:25 UTC] PHP Warning:  Undefined property: stdClass::$user_spotlight_is_enabled in /Applications/MAMP/htdocs/app.seegap.com/themes/altum/views/wrapper.php on line 79
[13-May-2025 20:47:26 UTC] PHP Warning:  Undefined property: stdClass::$maintenance_is_enabled in /Applications/MAMP/htdocs/app.seegap.com/app/core/App.php on line 238
[13-May-2025 20:47:26 UTC] PHP Warning:  Undefined property: stdClass::$admin_spotlight_is_enabled in /Applications/MAMP/htdocs/app.seegap.com/themes/altum/views/basic_wrapper.php on line 74
[13-May-2025 20:47:26 UTC] PHP Warning:  Undefined property: stdClass::$user_spotlight_is_enabled in /Applications/MAMP/htdocs/app.seegap.com/themes/altum/views/basic_wrapper.php on line 74
[13-May-2025 20:47:32 UTC] PHP Warning:  Undefined property: stdClass::$maintenance_is_enabled in /Applications/MAMP/htdocs/app.seegap.com/app/core/App.php on line 238
[13-May-2025 20:47:33 UTC] PHP Warning:  Undefined property: stdClass::$white_labeling_is_enabled in /Applications/MAMP/htdocs/app.seegap.com/app/core/App.php on line 217
[13-May-2025 20:47:33 UTC] PHP Warning:  Undefined property: stdClass::$maintenance_is_enabled in /Applications/MAMP/htdocs/app.seegap.com/app/core/App.php on line 238
[13-May-2025 20:47:33 UTC] PHP Warning:  Undefined property: stdClass::$claim_url_is_enabled in /Applications/MAMP/htdocs/app.seegap.com/themes/altum/views/links/create_link_modals.php on line 477
[13-May-2025 20:47:33 UTC] PHP Warning:  Undefined property: stdClass::$projects_is_enabled in /Applications/MAMP/htdocs/app.seegap.com/app/models/Projects.php on line 24
[13-May-2025 20:47:33 UTC] PHP Warning:  Undefined property: stdClass::$projects_is_enabled in /Applications/MAMP/htdocs/app.seegap.com/themes/altum/views/links/links_content.php on line 161
[13-May-2025 20:47:33 UTC] PHP Warning:  Undefined property: stdClass::$domains in /Applications/MAMP/htdocs/app.seegap.com/themes/altum/views/links/links_content.php on line 184
[13-May-2025 20:47:33 UTC] PHP Warning:  foreach() argument must be of type array|object, null given in /Applications/MAMP/htdocs/app.seegap.com/themes/altum/views/links/links_content.php on line 184
[13-May-2025 20:47:33 UTC] PHP Warning:  Undefined property: stdClass::$projects_is_enabled in /Applications/MAMP/htdocs/app.seegap.com/themes/altum/views/links/links_content.php on line 347
[13-May-2025 20:47:33 UTC] PHP Warning:  Undefined property: stdClass::$projects_is_enabled in /Applications/MAMP/htdocs/app.seegap.com/themes/altum/views/partials/app_sidebar.php on line 154
[13-May-2025 20:47:33 UTC] PHP Warning:  Undefined property: stdClass::$admin_spotlight_is_enabled in /Applications/MAMP/htdocs/app.seegap.com/themes/altum/views/partials/footer.php on line 107
[13-May-2025 20:47:33 UTC] PHP Warning:  Undefined property: stdClass::$user_spotlight_is_enabled in /Applications/MAMP/htdocs/app.seegap.com/themes/altum/views/partials/footer.php on line 107
[13-May-2025 20:47:33 UTC] PHP Warning:  Undefined property: stdClass::$admin_spotlight_is_enabled in /Applications/MAMP/htdocs/app.seegap.com/themes/altum/views/app_wrapper.php on line 71
[13-May-2025 20:47:33 UTC] PHP Warning:  Undefined property: stdClass::$user_spotlight_is_enabled in /Applications/MAMP/htdocs/app.seegap.com/themes/altum/views/app_wrapper.php on line 71
[13-May-2025 20:47:39 UTC] PHP Warning:  Undefined property: stdClass::$white_labeling_is_enabled in /Applications/MAMP/htdocs/app.seegap.com/app/core/App.php on line 217
[13-May-2025 20:47:39 UTC] PHP Warning:  Undefined property: stdClass::$maintenance_is_enabled in /Applications/MAMP/htdocs/app.seegap.com/app/core/App.php on line 238
[13-May-2025 20:47:39 UTC] PHP Warning:  Undefined property: stdClass::$admin_spotlight_is_enabled in /Applications/MAMP/htdocs/app.seegap.com/themes/altum/views/partials/footer.php on line 107
[13-May-2025 20:47:39 UTC] PHP Warning:  Undefined property: stdClass::$user_spotlight_is_enabled in /Applications/MAMP/htdocs/app.seegap.com/themes/altum/views/partials/footer.php on line 107
[13-May-2025 20:47:39 UTC] PHP Warning:  Undefined property: stdClass::$admin_spotlight_is_enabled in /Applications/MAMP/htdocs/app.seegap.com/themes/altum/views/wrapper.php on line 79
[13-May-2025 20:47:39 UTC] PHP Warning:  Undefined property: stdClass::$user_spotlight_is_enabled in /Applications/MAMP/htdocs/app.seegap.com/themes/altum/views/wrapper.php on line 79
[13-May-2025 20:51:45 UTC] PHP Warning:  Undefined property: stdClass::$white_labeling_is_enabled in /Applications/MAMP/htdocs/app.seegap.com/app/core/App.php on line 217
[13-May-2025 20:51:45 UTC] PHP Warning:  Undefined property: stdClass::$maintenance_is_enabled in /Applications/MAMP/htdocs/app.seegap.com/app/core/App.php on line 238
[13-May-2025 20:51:45 UTC] PHP Warning:  Undefined property: stdClass::$claim_url_is_enabled in /Applications/MAMP/htdocs/app.seegap.com/themes/altum/views/links/create_link_modals.php on line 477
[13-May-2025 20:51:45 UTC] PHP Warning:  Undefined property: stdClass::$projects_is_enabled in /Applications/MAMP/htdocs/app.seegap.com/app/models/Projects.php on line 24
[13-May-2025 20:51:45 UTC] PHP Warning:  Undefined property: stdClass::$projects_is_enabled in /Applications/MAMP/htdocs/app.seegap.com/themes/altum/views/links/links_content.php on line 161
[13-May-2025 20:51:45 UTC] PHP Warning:  Undefined property: stdClass::$projects_is_enabled in /Applications/MAMP/htdocs/app.seegap.com/themes/altum/views/links/links_content.php on line 347
[13-May-2025 20:51:45 UTC] PHP Warning:  Undefined property: stdClass::$projects_is_enabled in /Applications/MAMP/htdocs/app.seegap.com/themes/altum/views/partials/app_sidebar.php on line 154
[13-May-2025 20:51:45 UTC] PHP Warning:  Undefined property: stdClass::$admin_spotlight_is_enabled in /Applications/MAMP/htdocs/app.seegap.com/themes/altum/views/partials/footer.php on line 107
[13-May-2025 20:51:45 UTC] PHP Warning:  Undefined property: stdClass::$user_spotlight_is_enabled in /Applications/MAMP/htdocs/app.seegap.com/themes/altum/views/partials/footer.php on line 107
[13-May-2025 20:51:45 UTC] PHP Warning:  Undefined property: stdClass::$admin_spotlight_is_enabled in /Applications/MAMP/htdocs/app.seegap.com/themes/altum/views/app_wrapper.php on line 71
[13-May-2025 20:51:45 UTC] PHP Warning:  Undefined property: stdClass::$user_spotlight_is_enabled in /Applications/MAMP/htdocs/app.seegap.com/themes/altum/views/app_wrapper.php on line 71
[13-May-2025 20:51:48 UTC] PHP Warning:  Undefined property: stdClass::$white_labeling_is_enabled in /Applications/MAMP/htdocs/app.seegap.com/app/core/App.php on line 217
[13-May-2025 20:51:48 UTC] PHP Warning:  Undefined property: stdClass::$maintenance_is_enabled in /Applications/MAMP/htdocs/app.seegap.com/app/core/App.php on line 238
[13-May-2025 20:51:49 UTC] PHP Warning:  Undefined property: stdClass::$projects_is_enabled in /Applications/MAMP/htdocs/app.seegap.com/app/models/Projects.php on line 24
[13-May-2025 20:51:49 UTC] PHP Warning:  Undefined property: stdClass::$background_attachment in /Applications/MAMP/htdocs/app.seegap.com/themes/altum/views/link/settings/biolink.php on line 246
[13-May-2025 20:51:49 UTC] PHP Warning:  Undefined property: stdClass::$background_attachment in /Applications/MAMP/htdocs/app.seegap.com/themes/altum/views/link/settings/biolink.php on line 246
[13-May-2025 20:51:49 UTC] PHP Warning:  Undefined property: stdClass::$share_is_enabled in /Applications/MAMP/htdocs/app.seegap.com/themes/altum/views/link/settings/biolink.php on line 662
[13-May-2025 20:51:49 UTC] PHP Warning:  Undefined property: stdClass::$scroll_buttons_is_enabled in /Applications/MAMP/htdocs/app.seegap.com/themes/altum/views/link/settings/biolink.php on line 673
[13-May-2025 20:51:49 UTC] PHP Warning:  Undefined property: stdClass::$projects_is_enabled in /Applications/MAMP/htdocs/app.seegap.com/themes/altum/views/link/settings/biolink.php on line 708
[13-May-2025 20:51:49 UTC] PHP Warning:  Undefined property: stdClass::$custom_css in /Applications/MAMP/htdocs/app.seegap.com/themes/altum/views/link/settings/biolink.php on line 758
[13-May-2025 20:51:49 UTC] PHP Warning:  Undefined property: stdClass::$custom_js in /Applications/MAMP/htdocs/app.seegap.com/themes/altum/views/link/settings/biolink.php on line 769
[13-May-2025 20:51:49 UTC] PHP Warning:  Undefined property: stdClass::$verified_location in /Applications/MAMP/htdocs/app.seegap.com/themes/altum/views/link/settings/biolink_blocks/heading/heading_update_form.php on line 73
[13-May-2025 20:51:49 UTC] PHP Warning:  Undefined property: stdClass::$verified_location in /Applications/MAMP/htdocs/app.seegap.com/themes/altum/views/link/settings/biolink_blocks/heading/heading_update_form.php on line 74
[13-May-2025 20:51:49 UTC] PHP Warning:  Undefined property: stdClass::$verified_location in /Applications/MAMP/htdocs/app.seegap.com/themes/altum/views/link/settings/biolink_blocks/heading/heading_update_form.php on line 81
[13-May-2025 20:51:49 UTC] PHP Warning:  Undefined property: stdClass::$verified_location in /Applications/MAMP/htdocs/app.seegap.com/themes/altum/views/link/settings/biolink_blocks/heading/heading_update_form.php on line 82
[13-May-2025 20:51:49 UTC] PHP Warning:  Undefined property: stdClass::$verified_location in /Applications/MAMP/htdocs/app.seegap.com/themes/altum/views/link/settings/biolink_blocks/heading/heading_update_form.php on line 81
[13-May-2025 20:51:49 UTC] PHP Warning:  Undefined property: stdClass::$verified_location in /Applications/MAMP/htdocs/app.seegap.com/themes/altum/views/link/settings/biolink_blocks/heading/heading_update_form.php on line 82
[13-May-2025 20:51:49 UTC] PHP Warning:  Undefined property: stdClass::$background_color in /Applications/MAMP/htdocs/app.seegap.com/themes/altum/views/link/settings/biolink_blocks/paragraph/paragraph_update_form.php on line 24
[13-May-2025 20:51:49 UTC] PHP Warning:  Undefined property: stdClass::$border_width in /Applications/MAMP/htdocs/app.seegap.com/themes/altum/views/link/settings/biolink_blocks/paragraph/paragraph_update_form.php on line 49
[13-May-2025 20:51:49 UTC] PHP Warning:  Undefined property: stdClass::$border_color in /Applications/MAMP/htdocs/app.seegap.com/themes/altum/views/link/settings/biolink_blocks/paragraph/paragraph_update_form.php on line 54
[13-May-2025 20:51:49 UTC] PHP Warning:  Undefined array key "vcard" in /Applications/MAMP/htdocs/app.seegap.com/themes/altum/views/link/settings/biolink.php on line 954
[13-May-2025 20:51:49 UTC] PHP Warning:  Trying to access array offset on null in /Applications/MAMP/htdocs/app.seegap.com/themes/altum/views/link/settings/biolink.php on line 954
[13-May-2025 20:51:49 UTC] PHP Warning:  Trying to access array offset on null in /Applications/MAMP/htdocs/app.seegap.com/themes/altum/views/link/settings/biolink.php on line 954
[13-May-2025 20:51:49 UTC] PHP Warning:  Trying to access array offset on null in /Applications/MAMP/htdocs/app.seegap.com/themes/altum/views/link/settings/biolink.php on line 954
[13-May-2025 20:51:49 UTC] PHP Warning:  Undefined array key "vcard" in /Applications/MAMP/htdocs/app.seegap.com/themes/altum/views/link/settings/biolink.php on line 959
[13-May-2025 20:51:49 UTC] PHP Warning:  Trying to access array offset on null in /Applications/MAMP/htdocs/app.seegap.com/themes/altum/views/link/settings/biolink.php on line 959
[13-May-2025 20:51:49 UTC] PHP Warning:  Trying to access array offset on null in /Applications/MAMP/htdocs/app.seegap.com/themes/altum/views/link/settings/biolink.php on line 959
[13-May-2025 20:51:49 UTC] PHP Warning:  Trying to access array offset on null in /Applications/MAMP/htdocs/app.seegap.com/themes/altum/views/link/settings/biolink.php on line 959
[13-May-2025 20:51:49 UTC] PHP Warning:  Undefined property: stdClass::$projects_is_enabled in /Applications/MAMP/htdocs/app.seegap.com/themes/altum/views/partials/app_sidebar.php on line 154
[13-May-2025 20:51:49 UTC] PHP Warning:  Undefined property: stdClass::$admin_spotlight_is_enabled in /Applications/MAMP/htdocs/app.seegap.com/themes/altum/views/partials/footer.php on line 107
[13-May-2025 20:51:49 UTC] PHP Warning:  Undefined property: stdClass::$user_spotlight_is_enabled in /Applications/MAMP/htdocs/app.seegap.com/themes/altum/views/partials/footer.php on line 107
[13-May-2025 20:51:49 UTC] PHP Warning:  Undefined property: stdClass::$admin_spotlight_is_enabled in /Applications/MAMP/htdocs/app.seegap.com/themes/altum/views/app_wrapper.php on line 71
[13-May-2025 20:51:49 UTC] PHP Warning:  Undefined property: stdClass::$user_spotlight_is_enabled in /Applications/MAMP/htdocs/app.seegap.com/themes/altum/views/app_wrapper.php on line 71
[13-May-2025 20:51:49 UTC] PHP Warning:  Undefined property: stdClass::$white_labeling_is_enabled in /Applications/MAMP/htdocs/app.seegap.com/app/core/App.php on line 217
[13-May-2025 20:51:49 UTC] PHP Warning:  Undefined property: stdClass::$maintenance_is_enabled in /Applications/MAMP/htdocs/app.seegap.com/app/core/App.php on line 238
[13-May-2025 20:51:49 UTC] PHP Warning:  Undefined property: stdClass::$admin_spotlight_is_enabled in /Applications/MAMP/htdocs/app.seegap.com/themes/altum/views/partials/footer.php on line 107
[13-May-2025 20:51:49 UTC] PHP Warning:  Undefined property: stdClass::$user_spotlight_is_enabled in /Applications/MAMP/htdocs/app.seegap.com/themes/altum/views/partials/footer.php on line 107
[13-May-2025 20:51:49 UTC] PHP Warning:  Undefined property: stdClass::$admin_spotlight_is_enabled in /Applications/MAMP/htdocs/app.seegap.com/themes/altum/views/wrapper.php on line 79
[13-May-2025 20:51:49 UTC] PHP Warning:  Undefined property: stdClass::$user_spotlight_is_enabled in /Applications/MAMP/htdocs/app.seegap.com/themes/altum/views/wrapper.php on line 79
