[27-May-2025 18:35:20 UTC] PHP Warning:  Undefined property: stdClass::$white_labeling_is_enabled in /var/www/html/app/core/App.php on line 210
[27-May-2025 18:35:20 UTC] PHP Warning:  Undefined property: stdClass::$maintenance_is_enabled in /var/www/html/app/core/App.php on line 231
[27-May-2025 18:35:20 UTC] PHP Warning:  Undefined property: stdClass::$projects_is_enabled in /var/www/html/app/models/Projects.php on line 17
[27-May-2025 18:35:20 UTC] PHP Fatal error:  Uncaught Error: Call to undefined method Altum\Models\Domain::get_domain_url() in /var/www/html/themes/phoenix/views/gs1-link/index.php:78
Stack trace:
#0 /var/www/html/app/core/View.php(37): require()
#1 /var/www/html/app/controllers/Gs1Link.php(483): Altum\View->run(Object(stdClass))
#2 [internal function]: Altum\Controllers\Gs1Link->index()
#3 /var/www/html/app/core/App.php(279): call_user_func_array(Array, Array)
#4 /var/www/html/index.php(22): Altum\App->__construct()
#5 {main}
  thrown in /var/www/html/themes/phoenix/views/gs1-link/index.php on line 78
[27-May-2025 18:36:13 UTC] PHP Warning:  Undefined property: stdClass::$white_labeling_is_enabled in /var/www/html/app/core/App.php on line 210
[27-May-2025 18:36:13 UTC] PHP Warning:  Undefined property: stdClass::$maintenance_is_enabled in /var/www/html/app/core/App.php on line 231
[27-May-2025 18:36:13 UTC] PHP Warning:  Undefined property: stdClass::$projects_is_enabled in /var/www/html/app/models/Projects.php on line 17
[27-May-2025 18:36:13 UTC] PHP Warning:  Undefined property: stdClass::$projects_is_enabled in /var/www/html/themes/phoenix/views/partials/app_sidebar.php on line 148
[27-May-2025 18:36:13 UTC] PHP Warning:  Undefined property: stdClass::$admin_spotlight_is_enabled in /var/www/html/themes/phoenix/views/partials/footer.php on line 107
[27-May-2025 18:36:13 UTC] PHP Warning:  Undefined property: stdClass::$user_spotlight_is_enabled in /var/www/html/themes/phoenix/views/partials/footer.php on line 107
[27-May-2025 18:36:13 UTC] PHP Warning:  Undefined property: stdClass::$admin_spotlight_is_enabled in /var/www/html/themes/phoenix/views/app_wrapper.php on line 71
[27-May-2025 18:36:13 UTC] PHP Warning:  Undefined property: stdClass::$user_spotlight_is_enabled in /var/www/html/themes/phoenix/views/app_wrapper.php on line 71
[27-May-2025 18:36:24 UTC] PHP Warning:  Undefined property: stdClass::$white_labeling_is_enabled in /var/www/html/app/core/App.php on line 210
[27-May-2025 18:36:24 UTC] PHP Warning:  Undefined property: stdClass::$maintenance_is_enabled in /var/www/html/app/core/App.php on line 231
[27-May-2025 18:36:24 UTC] PHP Fatal error:  Uncaught Error: Call to a member function get_get() on array in /var/www/html/themes/phoenix/views/gs1-link/statistics.php:25
Stack trace:
#0 /var/www/html/app/core/View.php(37): require()
#1 /var/www/html/app/controllers/Gs1Link.php(474): Altum\View->run(Object(stdClass))
#2 [internal function]: Altum\Controllers\Gs1Link->index()
#3 /var/www/html/app/core/App.php(279): call_user_func_array(Array, Array)
#4 /var/www/html/index.php(22): Altum\App->__construct()
#5 {main}
  thrown in /var/www/html/themes/phoenix/views/gs1-link/statistics.php on line 25
[27-May-2025 18:37:11 UTC] PHP Warning:  Undefined property: stdClass::$white_labeling_is_enabled in /var/www/html/app/core/App.php on line 210
[27-May-2025 18:37:11 UTC] PHP Warning:  Undefined property: stdClass::$maintenance_is_enabled in /var/www/html/app/core/App.php on line 231
[27-May-2025 18:37:11 UTC] PHP Warning:  Undefined property: stdClass::$projects_is_enabled in /var/www/html/app/models/Projects.php on line 17
[27-May-2025 18:37:11 UTC] PHP Warning:  Undefined property: stdClass::$projects_is_enabled in /var/www/html/themes/phoenix/views/partials/app_sidebar.php on line 148
[27-May-2025 18:37:11 UTC] PHP Warning:  Undefined property: stdClass::$admin_spotlight_is_enabled in /var/www/html/themes/phoenix/views/partials/footer.php on line 107
[27-May-2025 18:37:11 UTC] PHP Warning:  Undefined property: stdClass::$user_spotlight_is_enabled in /var/www/html/themes/phoenix/views/partials/footer.php on line 107
[27-May-2025 18:37:11 UTC] PHP Warning:  Undefined property: stdClass::$admin_spotlight_is_enabled in /var/www/html/themes/phoenix/views/app_wrapper.php on line 71
[27-May-2025 18:37:11 UTC] PHP Warning:  Undefined property: stdClass::$user_spotlight_is_enabled in /var/www/html/themes/phoenix/views/app_wrapper.php on line 71
[27-May-2025 18:37:14 UTC] PHP Warning:  Undefined property: stdClass::$white_labeling_is_enabled in /var/www/html/app/core/App.php on line 210
[27-May-2025 18:37:14 UTC] PHP Warning:  Undefined property: stdClass::$maintenance_is_enabled in /var/www/html/app/core/App.php on line 231
[27-May-2025 18:37:14 UTC] PHP Warning:  Undefined property: stdClass::$projects_is_enabled in /var/www/html/app/models/Projects.php on line 17
[27-May-2025 18:37:14 UTC] PHP Warning:  Undefined property: stdClass::$projects_is_enabled in /var/www/html/themes/phoenix/views/partials/app_sidebar.php on line 148
[27-May-2025 18:37:14 UTC] PHP Warning:  Undefined property: stdClass::$admin_spotlight_is_enabled in /var/www/html/themes/phoenix/views/partials/footer.php on line 107
[27-May-2025 18:37:14 UTC] PHP Warning:  Undefined property: stdClass::$user_spotlight_is_enabled in /var/www/html/themes/phoenix/views/partials/footer.php on line 107
[27-May-2025 18:37:14 UTC] PHP Warning:  Undefined property: stdClass::$admin_spotlight_is_enabled in /var/www/html/themes/phoenix/views/app_wrapper.php on line 71
[27-May-2025 18:37:14 UTC] PHP Warning:  Undefined property: stdClass::$user_spotlight_is_enabled in /var/www/html/themes/phoenix/views/app_wrapper.php on line 71
[27-May-2025 18:37:39 UTC] PHP Warning:  Undefined property: stdClass::$white_labeling_is_enabled in /var/www/html/app/core/App.php on line 210
[27-May-2025 18:37:39 UTC] PHP Warning:  Undefined property: stdClass::$maintenance_is_enabled in /var/www/html/app/core/App.php on line 231
[27-May-2025 18:37:39 UTC] PHP Fatal error:  Uncaught Error: Call to a member function get_get() on array in /var/www/html/themes/phoenix/views/gs1-link/statistics.php:25
Stack trace:
#0 /var/www/html/app/core/View.php(37): require()
#1 /var/www/html/app/controllers/Gs1Link.php(474): Altum\View->run(Object(stdClass))
#2 [internal function]: Altum\Controllers\Gs1Link->index()
#3 /var/www/html/app/core/App.php(279): call_user_func_array(Array, Array)
#4 /var/www/html/index.php(22): Altum\App->__construct()
#5 {main}
  thrown in /var/www/html/themes/phoenix/views/gs1-link/statistics.php on line 25
[27-May-2025 18:37:41 UTC] PHP Warning:  Undefined property: stdClass::$white_labeling_is_enabled in /var/www/html/app/core/App.php on line 210
[27-May-2025 18:37:41 UTC] PHP Warning:  Undefined property: stdClass::$maintenance_is_enabled in /var/www/html/app/core/App.php on line 231
[27-May-2025 18:37:41 UTC] PHP Fatal error:  Uncaught Error: Call to a member function get_get() on array in /var/www/html/themes/phoenix/views/gs1-link/statistics.php:25
Stack trace:
#0 /var/www/html/app/core/View.php(37): require()
#1 /var/www/html/app/controllers/Gs1Link.php(474): Altum\View->run(Object(stdClass))
#2 [internal function]: Altum\Controllers\Gs1Link->index()
#3 /var/www/html/app/core/App.php(279): call_user_func_array(Array, Array)
#4 /var/www/html/index.php(22): Altum\App->__construct()
#5 {main}
  thrown in /var/www/html/themes/phoenix/views/gs1-link/statistics.php on line 25
[27-May-2025 18:38:54 UTC] PHP Warning:  Undefined property: stdClass::$white_labeling_is_enabled in /var/www/html/app/core/App.php on line 210
[27-May-2025 18:38:54 UTC] PHP Warning:  Undefined property: stdClass::$maintenance_is_enabled in /var/www/html/app/core/App.php on line 231
[27-May-2025 18:38:54 UTC] PHP Warning:  Attempt to read property "start_date" on array in /var/www/html/themes/phoenix/views/gs1-link/statistics.php on line 37
[27-May-2025 18:38:54 UTC] PHP Warning:  Attempt to read property "end_date" on array in /var/www/html/themes/phoenix/views/gs1-link/statistics.php on line 37
[27-May-2025 18:38:54 UTC] PHP Warning:  Attempt to read property "start_date" on array in /var/www/html/themes/phoenix/views/gs1-link/statistics.php on line 38
[27-May-2025 18:38:54 UTC] PHP Warning:  Attempt to read property "type" on array in /var/www/html/themes/phoenix/views/gs1-link/statistics.php on line 48
[27-May-2025 18:38:54 UTC] PHP Warning:  Attempt to read property "type" on array in /var/www/html/themes/phoenix/views/gs1-link/statistics.php on line 48
[27-May-2025 18:38:54 UTC] PHP Warning:  Attempt to read property "type" on array in /var/www/html/themes/phoenix/views/gs1-link/statistics.php on line 48
[27-May-2025 18:38:54 UTC] PHP Warning:  Attempt to read property "type" on array in /var/www/html/themes/phoenix/views/gs1-link/statistics.php on line 48
[27-May-2025 18:38:54 UTC] PHP Warning:  Attempt to read property "type" on array in /var/www/html/themes/phoenix/views/gs1-link/statistics.php on line 48
[27-May-2025 18:38:54 UTC] PHP Warning:  Attempt to read property "type" on array in /var/www/html/themes/phoenix/views/gs1-link/statistics.php on line 48
[27-May-2025 18:38:54 UTC] PHP Warning:  Attempt to read property "type" on array in /var/www/html/themes/phoenix/views/gs1-link/statistics.php on line 48
[27-May-2025 18:38:54 UTC] PHP Warning:  Attempt to read property "type" on array in /var/www/html/themes/phoenix/views/gs1-link/statistics.php on line 48
[27-May-2025 18:38:54 UTC] PHP Warning:  Attempt to read property "start_date" on array in /var/www/html/themes/phoenix/views/gs1-link/statistics.php on line 64
[27-May-2025 18:38:54 UTC] PHP Warning:  Attempt to read property "end_date" on array in /var/www/html/themes/phoenix/views/gs1-link/statistics.php on line 73
[27-May-2025 18:38:54 UTC] PHP Warning:  Undefined property: stdClass::$pageviews in /var/www/html/themes/phoenix/views/gs1-link/statistics.php on line 89
[27-May-2025 18:38:54 UTC] PHP Fatal error:  Uncaught TypeError: count(): Argument #1 ($value) must be of type Countable|array, null given in /var/www/html/themes/phoenix/views/gs1-link/statistics.php:89
Stack trace:
#0 /var/www/html/app/core/View.php(37): require()
#1 /var/www/html/app/controllers/Gs1Link.php(474): Altum\View->run(Object(stdClass))
#2 [internal function]: Altum\Controllers\Gs1Link->index()
#3 /var/www/html/app/core/App.php(279): call_user_func_array(Array, Array)
#4 /var/www/html/index.php(22): Altum\App->__construct()
#5 {main}
  thrown in /var/www/html/themes/phoenix/views/gs1-link/statistics.php on line 89
[27-May-2025 18:39:31 UTC] PHP Warning:  Undefined property: stdClass::$white_labeling_is_enabled in /var/www/html/app/core/App.php on line 210
[27-May-2025 18:39:31 UTC] PHP Warning:  Undefined property: stdClass::$maintenance_is_enabled in /var/www/html/app/core/App.php on line 231
[27-May-2025 18:39:31 UTC] PHP Warning:  Attempt to read property "start_date" on array in /var/www/html/themes/phoenix/views/gs1-link/statistics.php on line 66
[27-May-2025 18:39:31 UTC] PHP Warning:  Attempt to read property "end_date" on array in /var/www/html/themes/phoenix/views/gs1-link/statistics.php on line 75
[27-May-2025 18:39:31 UTC] PHP Warning:  Undefined property: stdClass::$pageviews in /var/www/html/themes/phoenix/views/gs1-link/statistics.php on line 91
[27-May-2025 18:39:31 UTC] PHP Fatal error:  Uncaught TypeError: count(): Argument #1 ($value) must be of type Countable|array, null given in /var/www/html/themes/phoenix/views/gs1-link/statistics.php:91
Stack trace:
#0 /var/www/html/app/core/View.php(37): require()
#1 /var/www/html/app/controllers/Gs1Link.php(474): Altum\View->run(Object(stdClass))
#2 [internal function]: Altum\Controllers\Gs1Link->index()
#3 /var/www/html/app/core/App.php(279): call_user_func_array(Array, Array)
#4 /var/www/html/index.php(22): Altum\App->__construct()
#5 {main}
  thrown in /var/www/html/themes/phoenix/views/gs1-link/statistics.php on line 91
[27-May-2025 18:39:43 UTC] PHP Warning:  Undefined property: stdClass::$white_labeling_is_enabled in /var/www/html/app/core/App.php on line 210
[27-May-2025 18:39:43 UTC] PHP Warning:  Undefined property: stdClass::$maintenance_is_enabled in /var/www/html/app/core/App.php on line 231
[27-May-2025 18:39:43 UTC] PHP Warning:  Attempt to read property "end_date" on array in /var/www/html/themes/phoenix/views/gs1-link/statistics.php on line 75
[27-May-2025 18:39:43 UTC] PHP Warning:  Undefined property: stdClass::$pageviews in /var/www/html/themes/phoenix/views/gs1-link/statistics.php on line 91
[27-May-2025 18:39:43 UTC] PHP Fatal error:  Uncaught TypeError: count(): Argument #1 ($value) must be of type Countable|array, null given in /var/www/html/themes/phoenix/views/gs1-link/statistics.php:91
Stack trace:
#0 /var/www/html/app/core/View.php(37): require()
#1 /var/www/html/app/controllers/Gs1Link.php(474): Altum\View->run(Object(stdClass))
#2 [internal function]: Altum\Controllers\Gs1Link->index()
#3 /var/www/html/app/core/App.php(279): call_user_func_array(Array, Array)
#4 /var/www/html/index.php(22): Altum\App->__construct()
#5 {main}
  thrown in /var/www/html/themes/phoenix/views/gs1-link/statistics.php on line 91
[27-May-2025 18:39:45 UTC] PHP Warning:  Undefined property: stdClass::$white_labeling_is_enabled in /var/www/html/app/core/App.php on line 210
[27-May-2025 18:39:45 UTC] PHP Warning:  Undefined property: stdClass::$maintenance_is_enabled in /var/www/html/app/core/App.php on line 231
[27-May-2025 18:39:45 UTC] PHP Warning:  Attempt to read property "end_date" on array in /var/www/html/themes/phoenix/views/gs1-link/statistics.php on line 75
[27-May-2025 18:39:45 UTC] PHP Warning:  Undefined property: stdClass::$pageviews in /var/www/html/themes/phoenix/views/gs1-link/statistics.php on line 91
[27-May-2025 18:39:45 UTC] PHP Fatal error:  Uncaught TypeError: count(): Argument #1 ($value) must be of type Countable|array, null given in /var/www/html/themes/phoenix/views/gs1-link/statistics.php:91
Stack trace:
#0 /var/www/html/app/core/View.php(37): require()
#1 /var/www/html/app/controllers/Gs1Link.php(474): Altum\View->run(Object(stdClass))
#2 [internal function]: Altum\Controllers\Gs1Link->index()
#3 /var/www/html/app/core/App.php(279): call_user_func_array(Array, Array)
#4 /var/www/html/index.php(22): Altum\App->__construct()
#5 {main}
  thrown in /var/www/html/themes/phoenix/views/gs1-link/statistics.php on line 91
[27-May-2025 18:39:47 UTC] PHP Warning:  Undefined property: stdClass::$white_labeling_is_enabled in /var/www/html/app/core/App.php on line 210
[27-May-2025 18:39:47 UTC] PHP Warning:  Undefined property: stdClass::$maintenance_is_enabled in /var/www/html/app/core/App.php on line 231
[27-May-2025 18:39:47 UTC] PHP Warning:  Attempt to read property "end_date" on array in /var/www/html/themes/phoenix/views/gs1-link/statistics.php on line 75
[27-May-2025 18:39:47 UTC] PHP Warning:  Undefined property: stdClass::$pageviews in /var/www/html/themes/phoenix/views/gs1-link/statistics.php on line 91
[27-May-2025 18:39:47 UTC] PHP Fatal error:  Uncaught TypeError: count(): Argument #1 ($value) must be of type Countable|array, null given in /var/www/html/themes/phoenix/views/gs1-link/statistics.php:91
Stack trace:
#0 /var/www/html/app/core/View.php(37): require()
#1 /var/www/html/app/controllers/Gs1Link.php(474): Altum\View->run(Object(stdClass))
#2 [internal function]: Altum\Controllers\Gs1Link->index()
#3 /var/www/html/app/core/App.php(279): call_user_func_array(Array, Array)
#4 /var/www/html/index.php(22): Altum\App->__construct()
#5 {main}
  thrown in /var/www/html/themes/phoenix/views/gs1-link/statistics.php on line 91
[27-May-2025 18:39:50 UTC] PHP Warning:  Undefined property: stdClass::$white_labeling_is_enabled in /var/www/html/app/core/App.php on line 210
[27-May-2025 18:39:50 UTC] PHP Warning:  Undefined property: stdClass::$maintenance_is_enabled in /var/www/html/app/core/App.php on line 231
[27-May-2025 18:39:50 UTC] PHP Warning:  Attempt to read property "end_date" on array in /var/www/html/themes/phoenix/views/gs1-link/statistics.php on line 75
[27-May-2025 18:39:50 UTC] PHP Warning:  Undefined property: stdClass::$pageviews in /var/www/html/themes/phoenix/views/gs1-link/statistics.php on line 91
[27-May-2025 18:39:50 UTC] PHP Fatal error:  Uncaught TypeError: count(): Argument #1 ($value) must be of type Countable|array, null given in /var/www/html/themes/phoenix/views/gs1-link/statistics.php:91
Stack trace:
#0 /var/www/html/app/core/View.php(37): require()
#1 /var/www/html/app/controllers/Gs1Link.php(474): Altum\View->run(Object(stdClass))
#2 [internal function]: Altum\Controllers\Gs1Link->index()
#3 /var/www/html/app/core/App.php(279): call_user_func_array(Array, Array)
#4 /var/www/html/index.php(22): Altum\App->__construct()
#5 {main}
  thrown in /var/www/html/themes/phoenix/views/gs1-link/statistics.php on line 91
[27-May-2025 18:39:56 UTC] PHP Warning:  Undefined property: stdClass::$white_labeling_is_enabled in /var/www/html/app/core/App.php on line 210
[27-May-2025 18:39:56 UTC] PHP Warning:  Undefined property: stdClass::$maintenance_is_enabled in /var/www/html/app/core/App.php on line 231
[27-May-2025 18:39:56 UTC] PHP Warning:  Undefined property: stdClass::$pageviews in /var/www/html/themes/phoenix/views/gs1-link/statistics.php on line 91
[27-May-2025 18:39:56 UTC] PHP Fatal error:  Uncaught TypeError: count(): Argument #1 ($value) must be of type Countable|array, null given in /var/www/html/themes/phoenix/views/gs1-link/statistics.php:91
Stack trace:
#0 /var/www/html/app/core/View.php(37): require()
#1 /var/www/html/app/controllers/Gs1Link.php(474): Altum\View->run(Object(stdClass))
#2 [internal function]: Altum\Controllers\Gs1Link->index()
#3 /var/www/html/app/core/App.php(279): call_user_func_array(Array, Array)
#4 /var/www/html/index.php(22): Altum\App->__construct()
#5 {main}
  thrown in /var/www/html/themes/phoenix/views/gs1-link/statistics.php on line 91
[27-May-2025 18:39:58 UTC] PHP Warning:  Undefined property: stdClass::$white_labeling_is_enabled in /var/www/html/app/core/App.php on line 210
[27-May-2025 18:39:58 UTC] PHP Warning:  Undefined property: stdClass::$maintenance_is_enabled in /var/www/html/app/core/App.php on line 231
[27-May-2025 18:39:58 UTC] PHP Warning:  Undefined property: stdClass::$pageviews in /var/www/html/themes/phoenix/views/gs1-link/statistics.php on line 91
[27-May-2025 18:39:58 UTC] PHP Fatal error:  Uncaught TypeError: count(): Argument #1 ($value) must be of type Countable|array, null given in /var/www/html/themes/phoenix/views/gs1-link/statistics.php:91
Stack trace:
#0 /var/www/html/app/core/View.php(37): require()
#1 /var/www/html/app/controllers/Gs1Link.php(474): Altum\View->run(Object(stdClass))
#2 [internal function]: Altum\Controllers\Gs1Link->index()
#3 /var/www/html/app/core/App.php(279): call_user_func_array(Array, Array)
#4 /var/www/html/index.php(22): Altum\App->__construct()
#5 {main}
  thrown in /var/www/html/themes/phoenix/views/gs1-link/statistics.php on line 91
[27-May-2025 18:39:58 UTC] PHP Warning:  Undefined property: stdClass::$white_labeling_is_enabled in /var/www/html/app/core/App.php on line 210
[27-May-2025 18:39:58 UTC] PHP Warning:  Undefined property: stdClass::$maintenance_is_enabled in /var/www/html/app/core/App.php on line 231
[27-May-2025 18:39:58 UTC] PHP Warning:  Undefined property: stdClass::$pageviews in /var/www/html/themes/phoenix/views/gs1-link/statistics.php on line 91
[27-May-2025 18:39:58 UTC] PHP Fatal error:  Uncaught TypeError: count(): Argument #1 ($value) must be of type Countable|array, null given in /var/www/html/themes/phoenix/views/gs1-link/statistics.php:91
Stack trace:
#0 /var/www/html/app/core/View.php(37): require()
#1 /var/www/html/app/controllers/Gs1Link.php(474): Altum\View->run(Object(stdClass))
#2 [internal function]: Altum\Controllers\Gs1Link->index()
#3 /var/www/html/app/core/App.php(279): call_user_func_array(Array, Array)
#4 /var/www/html/index.php(22): Altum\App->__construct()
#5 {main}
  thrown in /var/www/html/themes/phoenix/views/gs1-link/statistics.php on line 91
[27-May-2025 18:39:59 UTC] PHP Warning:  Undefined property: stdClass::$white_labeling_is_enabled in /var/www/html/app/core/App.php on line 210
[27-May-2025 18:39:59 UTC] PHP Warning:  Undefined property: stdClass::$maintenance_is_enabled in /var/www/html/app/core/App.php on line 231
[27-May-2025 18:39:59 UTC] PHP Warning:  Undefined property: stdClass::$pageviews in /var/www/html/themes/phoenix/views/gs1-link/statistics.php on line 91
[27-May-2025 18:39:59 UTC] PHP Fatal error:  Uncaught TypeError: count(): Argument #1 ($value) must be of type Countable|array, null given in /var/www/html/themes/phoenix/views/gs1-link/statistics.php:91
Stack trace:
#0 /var/www/html/app/core/View.php(37): require()
#1 /var/www/html/app/controllers/Gs1Link.php(474): Altum\View->run(Object(stdClass))
#2 [internal function]: Altum\Controllers\Gs1Link->index()
#3 /var/www/html/app/core/App.php(279): call_user_func_array(Array, Array)
#4 /var/www/html/index.php(22): Altum\App->__construct()
#5 {main}
  thrown in /var/www/html/themes/phoenix/views/gs1-link/statistics.php on line 91
[27-May-2025 18:40:48 UTC] PHP Warning:  Undefined property: stdClass::$white_labeling_is_enabled in /var/www/html/app/core/App.php on line 210
[27-May-2025 18:40:48 UTC] PHP Warning:  Undefined property: stdClass::$maintenance_is_enabled in /var/www/html/app/core/App.php on line 231
[27-May-2025 18:40:48 UTC] PHP Warning:  Undefined property: stdClass::$pageviews in /var/www/html/themes/phoenix/views/gs1-link/statistics.php on line 91
[27-May-2025 18:40:48 UTC] PHP Fatal error:  Uncaught TypeError: count(): Argument #1 ($value) must be of type Countable|array, null given in /var/www/html/themes/phoenix/views/gs1-link/statistics.php:91
Stack trace:
#0 /var/www/html/app/core/View.php(37): require()
#1 /var/www/html/app/controllers/Gs1Link.php(474): Altum\View->run(Object(stdClass))
#2 [internal function]: Altum\Controllers\Gs1Link->index()
#3 /var/www/html/app/core/App.php(279): call_user_func_array(Array, Array)
#4 /var/www/html/index.php(22): Altum\App->__construct()
#5 {main}
  thrown in /var/www/html/themes/phoenix/views/gs1-link/statistics.php on line 91
[27-May-2025 18:45:11 UTC] PHP Warning:  Undefined property: stdClass::$white_labeling_is_enabled in /var/www/html/app/core/App.php on line 210
[27-May-2025 18:45:11 UTC] PHP Warning:  Undefined property: stdClass::$maintenance_is_enabled in /var/www/html/app/core/App.php on line 231
[27-May-2025 18:45:11 UTC] PHP Fatal error:  Uncaught TypeError: count(): Argument #1 ($value) must be of type Countable|array, string given in /var/www/html/themes/phoenix/views/partials/no_data.php:8
Stack trace:
#0 /var/www/html/app/helpers/others.php(1109): require()
#1 /var/www/html/themes/phoenix/views/gs1-link/statistics.php(93): include_view('/var/www/html/t...', Object(stdClass))
#2 /var/www/html/app/core/View.php(37): require('/var/www/html/t...')
#3 /var/www/html/app/controllers/Gs1Link.php(474): Altum\View->run(Object(stdClass))
#4 [internal function]: Altum\Controllers\Gs1Link->index()
#5 /var/www/html/app/core/App.php(279): call_user_func_array(Array, Array)
#6 /var/www/html/index.php(22): Altum\App->__construct()
#7 {main}
  thrown in /var/www/html/themes/phoenix/views/partials/no_data.php on line 8
[27-May-2025 18:45:13 UTC] PHP Warning:  Undefined property: stdClass::$white_labeling_is_enabled in /var/www/html/app/core/App.php on line 210
[27-May-2025 18:45:13 UTC] PHP Warning:  Undefined property: stdClass::$maintenance_is_enabled in /var/www/html/app/core/App.php on line 231
[27-May-2025 18:45:13 UTC] PHP Fatal error:  Uncaught TypeError: count(): Argument #1 ($value) must be of type Countable|array, string given in /var/www/html/themes/phoenix/views/partials/no_data.php:8
Stack trace:
#0 /var/www/html/app/helpers/others.php(1109): require()
#1 /var/www/html/themes/phoenix/views/gs1-link/statistics.php(93): include_view('/var/www/html/t...', Object(stdClass))
#2 /var/www/html/app/core/View.php(37): require('/var/www/html/t...')
#3 /var/www/html/app/controllers/Gs1Link.php(474): Altum\View->run(Object(stdClass))
#4 [internal function]: Altum\Controllers\Gs1Link->index()
#5 /var/www/html/app/core/App.php(279): call_user_func_array(Array, Array)
#6 /var/www/html/index.php(22): Altum\App->__construct()
#7 {main}
  thrown in /var/www/html/themes/phoenix/views/partials/no_data.php on line 8
[27-May-2025 18:45:14 UTC] PHP Warning:  Undefined property: stdClass::$white_labeling_is_enabled in /var/www/html/app/core/App.php on line 210
[27-May-2025 18:45:14 UTC] PHP Warning:  Undefined property: stdClass::$maintenance_is_enabled in /var/www/html/app/core/App.php on line 231
[27-May-2025 18:45:14 UTC] PHP Fatal error:  Uncaught TypeError: count(): Argument #1 ($value) must be of type Countable|array, string given in /var/www/html/themes/phoenix/views/partials/no_data.php:8
Stack trace:
#0 /var/www/html/app/helpers/others.php(1109): require()
#1 /var/www/html/themes/phoenix/views/gs1-link/statistics.php(93): include_view('/var/www/html/t...', Object(stdClass))
#2 /var/www/html/app/core/View.php(37): require('/var/www/html/t...')
#3 /var/www/html/app/controllers/Gs1Link.php(474): Altum\View->run(Object(stdClass))
#4 [internal function]: Altum\Controllers\Gs1Link->index()
#5 /var/www/html/app/core/App.php(279): call_user_func_array(Array, Array)
#6 /var/www/html/index.php(22): Altum\App->__construct()
#7 {main}
  thrown in /var/www/html/themes/phoenix/views/partials/no_data.php on line 8
[27-May-2025 18:45:17 UTC] PHP Warning:  Undefined property: stdClass::$white_labeling_is_enabled in /var/www/html/app/core/App.php on line 210
[27-May-2025 18:45:17 UTC] PHP Warning:  Undefined property: stdClass::$maintenance_is_enabled in /var/www/html/app/core/App.php on line 231
[27-May-2025 18:45:17 UTC] PHP Fatal error:  Uncaught TypeError: count(): Argument #1 ($value) must be of type Countable|array, string given in /var/www/html/themes/phoenix/views/partials/no_data.php:8
Stack trace:
#0 /var/www/html/app/helpers/others.php(1109): require()
#1 /var/www/html/themes/phoenix/views/gs1-link/statistics.php(93): include_view('/var/www/html/t...', Object(stdClass))
#2 /var/www/html/app/core/View.php(37): require('/var/www/html/t...')
#3 /var/www/html/app/controllers/Gs1Link.php(474): Altum\View->run(Object(stdClass))
#4 [internal function]: Altum\Controllers\Gs1Link->index()
#5 /var/www/html/app/core/App.php(279): call_user_func_array(Array, Array)
#6 /var/www/html/index.php(22): Altum\App->__construct()
#7 {main}
  thrown in /var/www/html/themes/phoenix/views/partials/no_data.php on line 8
[27-May-2025 18:45:18 UTC] PHP Warning:  Undefined property: stdClass::$white_labeling_is_enabled in /var/www/html/app/core/App.php on line 210
[27-May-2025 18:45:18 UTC] PHP Warning:  Undefined property: stdClass::$maintenance_is_enabled in /var/www/html/app/core/App.php on line 231
[27-May-2025 18:45:18 UTC] PHP Warning:  Undefined property: stdClass::$projects_is_enabled in /var/www/html/app/models/Projects.php on line 17
[27-May-2025 18:45:18 UTC] PHP Warning:  Undefined property: stdClass::$projects_is_enabled in /var/www/html/themes/phoenix/views/partials/app_sidebar.php on line 148
[27-May-2025 18:45:18 UTC] PHP Warning:  Undefined property: stdClass::$admin_spotlight_is_enabled in /var/www/html/themes/phoenix/views/partials/footer.php on line 107
[27-May-2025 18:45:18 UTC] PHP Warning:  Undefined property: stdClass::$user_spotlight_is_enabled in /var/www/html/themes/phoenix/views/partials/footer.php on line 107
[27-May-2025 18:45:18 UTC] PHP Warning:  Undefined property: stdClass::$admin_spotlight_is_enabled in /var/www/html/themes/phoenix/views/app_wrapper.php on line 71
[27-May-2025 18:45:18 UTC] PHP Warning:  Undefined property: stdClass::$user_spotlight_is_enabled in /var/www/html/themes/phoenix/views/app_wrapper.php on line 71
[27-May-2025 18:45:21 UTC] PHP Warning:  Undefined property: stdClass::$white_labeling_is_enabled in /var/www/html/app/core/App.php on line 210
[27-May-2025 18:45:21 UTC] PHP Warning:  Undefined property: stdClass::$maintenance_is_enabled in /var/www/html/app/core/App.php on line 231
[27-May-2025 18:45:21 UTC] PHP Fatal error:  Uncaught TypeError: count(): Argument #1 ($value) must be of type Countable|array, string given in /var/www/html/themes/phoenix/views/partials/no_data.php:8
Stack trace:
#0 /var/www/html/app/helpers/others.php(1109): require()
#1 /var/www/html/themes/phoenix/views/gs1-link/statistics.php(93): include_view('/var/www/html/t...', Object(stdClass))
#2 /var/www/html/app/core/View.php(37): require('/var/www/html/t...')
#3 /var/www/html/app/controllers/Gs1Link.php(474): Altum\View->run(Object(stdClass))
#4 [internal function]: Altum\Controllers\Gs1Link->index()
#5 /var/www/html/app/core/App.php(279): call_user_func_array(Array, Array)
#6 /var/www/html/index.php(22): Altum\App->__construct()
#7 {main}
  thrown in /var/www/html/themes/phoenix/views/partials/no_data.php on line 8
[27-May-2025 18:47:06 UTC] PHP Warning:  Undefined property: stdClass::$white_labeling_is_enabled in /var/www/html/app/core/App.php on line 210
[27-May-2025 18:47:06 UTC] PHP Warning:  Undefined property: stdClass::$maintenance_is_enabled in /var/www/html/app/core/App.php on line 231
[27-May-2025 18:47:06 UTC] PHP Fatal error:  Uncaught TypeError: count(): Argument #1 ($value) must be of type Countable|array, string given in /var/www/html/themes/phoenix/views/partials/no_data.php:8
Stack trace:
#0 /var/www/html/app/helpers/others.php(1109): require()
#1 /var/www/html/themes/phoenix/views/gs1-link/statistics.php(93): include_view('/var/www/html/t...', Object(stdClass))
#2 /var/www/html/app/core/View.php(37): require('/var/www/html/t...')
#3 /var/www/html/app/controllers/Gs1Link.php(474): Altum\View->run(Object(stdClass))
#4 [internal function]: Altum\Controllers\Gs1Link->index()
#5 /var/www/html/app/core/App.php(279): call_user_func_array(Array, Array)
#6 /var/www/html/index.php(22): Altum\App->__construct()
#7 {main}
  thrown in /var/www/html/themes/phoenix/views/partials/no_data.php on line 8
[27-May-2025 18:47:07 UTC] PHP Warning:  Undefined property: stdClass::$white_labeling_is_enabled in /var/www/html/app/core/App.php on line 210
[27-May-2025 18:47:07 UTC] PHP Warning:  Undefined property: stdClass::$maintenance_is_enabled in /var/www/html/app/core/App.php on line 231
[27-May-2025 18:47:07 UTC] PHP Fatal error:  Uncaught TypeError: count(): Argument #1 ($value) must be of type Countable|array, string given in /var/www/html/themes/phoenix/views/partials/no_data.php:8
Stack trace:
#0 /var/www/html/app/helpers/others.php(1109): require()
#1 /var/www/html/themes/phoenix/views/gs1-link/statistics.php(93): include_view('/var/www/html/t...', Object(stdClass))
#2 /var/www/html/app/core/View.php(37): require('/var/www/html/t...')
#3 /var/www/html/app/controllers/Gs1Link.php(474): Altum\View->run(Object(stdClass))
#4 [internal function]: Altum\Controllers\Gs1Link->index()
#5 /var/www/html/app/core/App.php(279): call_user_func_array(Array, Array)
#6 /var/www/html/index.php(22): Altum\App->__construct()
#7 {main}
  thrown in /var/www/html/themes/phoenix/views/partials/no_data.php on line 8
[27-May-2025 18:47:08 UTC] PHP Warning:  Undefined property: stdClass::$white_labeling_is_enabled in /var/www/html/app/core/App.php on line 210
[27-May-2025 18:47:08 UTC] PHP Warning:  Undefined property: stdClass::$maintenance_is_enabled in /var/www/html/app/core/App.php on line 231
[27-May-2025 18:47:08 UTC] PHP Fatal error:  Uncaught TypeError: count(): Argument #1 ($value) must be of type Countable|array, string given in /var/www/html/themes/phoenix/views/partials/no_data.php:8
Stack trace:
#0 /var/www/html/app/helpers/others.php(1109): require()
#1 /var/www/html/themes/phoenix/views/gs1-link/statistics.php(93): include_view('/var/www/html/t...', Object(stdClass))
#2 /var/www/html/app/core/View.php(37): require('/var/www/html/t...')
#3 /var/www/html/app/controllers/Gs1Link.php(474): Altum\View->run(Object(stdClass))
#4 [internal function]: Altum\Controllers\Gs1Link->index()
#5 /var/www/html/app/core/App.php(279): call_user_func_array(Array, Array)
#6 /var/www/html/index.php(22): Altum\App->__construct()
#7 {main}
  thrown in /var/www/html/themes/phoenix/views/partials/no_data.php on line 8
[27-May-2025 18:47:08 UTC] PHP Warning:  Undefined property: stdClass::$white_labeling_is_enabled in /var/www/html/app/core/App.php on line 210
[27-May-2025 18:47:08 UTC] PHP Warning:  Undefined property: stdClass::$maintenance_is_enabled in /var/www/html/app/core/App.php on line 231
[27-May-2025 18:47:08 UTC] PHP Fatal error:  Uncaught TypeError: count(): Argument #1 ($value) must be of type Countable|array, string given in /var/www/html/themes/phoenix/views/partials/no_data.php:8
Stack trace:
#0 /var/www/html/app/helpers/others.php(1109): require()
#1 /var/www/html/themes/phoenix/views/gs1-link/statistics.php(93): include_view('/var/www/html/t...', Object(stdClass))
#2 /var/www/html/app/core/View.php(37): require('/var/www/html/t...')
#3 /var/www/html/app/controllers/Gs1Link.php(474): Altum\View->run(Object(stdClass))
#4 [internal function]: Altum\Controllers\Gs1Link->index()
#5 /var/www/html/app/core/App.php(279): call_user_func_array(Array, Array)
#6 /var/www/html/index.php(22): Altum\App->__construct()
#7 {main}
  thrown in /var/www/html/themes/phoenix/views/partials/no_data.php on line 8
[27-May-2025 18:47:19 UTC] PHP Warning:  Undefined property: stdClass::$white_labeling_is_enabled in /var/www/html/app/core/App.php on line 210
[27-May-2025 18:47:19 UTC] PHP Warning:  Undefined property: stdClass::$maintenance_is_enabled in /var/www/html/app/core/App.php on line 231
[27-May-2025 18:47:20 UTC] PHP Warning:  Undefined property: stdClass::$white_labeling_is_enabled in /var/www/html/app/core/App.php on line 210
[27-May-2025 18:47:20 UTC] PHP Warning:  Undefined property: stdClass::$maintenance_is_enabled in /var/www/html/app/core/App.php on line 231
[27-May-2025 18:47:20 UTC] PHP Fatal error:  Uncaught TypeError: count(): Argument #1 ($value) must be of type Countable|array, string given in /var/www/html/themes/phoenix/views/partials/no_data.php:8
Stack trace:
#0 /var/www/html/app/helpers/others.php(1109): require()
#1 /var/www/html/themes/phoenix/views/gs1-link/statistics.php(93): include_view('/var/www/html/t...', Object(stdClass))
#2 /var/www/html/app/core/View.php(37): require('/var/www/html/t...')
#3 /var/www/html/app/controllers/Gs1Link.php(474): Altum\View->run(Object(stdClass))
#4 [internal function]: Altum\Controllers\Gs1Link->index()
#5 /var/www/html/app/core/App.php(279): call_user_func_array(Array, Array)
#6 /var/www/html/index.php(22): Altum\App->__construct()
#7 {main}
  thrown in /var/www/html/themes/phoenix/views/partials/no_data.php on line 8
[27-May-2025 18:47:21 UTC] PHP Warning:  Undefined property: stdClass::$white_labeling_is_enabled in /var/www/html/app/core/App.php on line 210
[27-May-2025 18:47:21 UTC] PHP Warning:  Undefined property: stdClass::$maintenance_is_enabled in /var/www/html/app/core/App.php on line 231
[27-May-2025 18:47:21 UTC] PHP Fatal error:  Uncaught TypeError: count(): Argument #1 ($value) must be of type Countable|array, string given in /var/www/html/themes/phoenix/views/partials/no_data.php:8
Stack trace:
#0 /var/www/html/app/helpers/others.php(1109): require()
#1 /var/www/html/themes/phoenix/views/gs1-link/statistics.php(93): include_view('/var/www/html/t...', Object(stdClass))
#2 /var/www/html/app/core/View.php(37): require('/var/www/html/t...')
#3 /var/www/html/app/controllers/Gs1Link.php(474): Altum\View->run(Object(stdClass))
#4 [internal function]: Altum\Controllers\Gs1Link->index()
#5 /var/www/html/app/core/App.php(279): call_user_func_array(Array, Array)
#6 /var/www/html/index.php(22): Altum\App->__construct()
#7 {main}
  thrown in /var/www/html/themes/phoenix/views/partials/no_data.php on line 8
[27-May-2025 18:47:21 UTC] PHP Warning:  Undefined property: stdClass::$white_labeling_is_enabled in /var/www/html/app/core/App.php on line 210
[27-May-2025 18:47:21 UTC] PHP Warning:  Undefined property: stdClass::$maintenance_is_enabled in /var/www/html/app/core/App.php on line 231
[27-May-2025 18:47:21 UTC] PHP Fatal error:  Uncaught TypeError: count(): Argument #1 ($value) must be of type Countable|array, string given in /var/www/html/themes/phoenix/views/partials/no_data.php:8
Stack trace:
#0 /var/www/html/app/helpers/others.php(1109): require()
#1 /var/www/html/themes/phoenix/views/gs1-link/statistics.php(93): include_view('/var/www/html/t...', Object(stdClass))
#2 /var/www/html/app/core/View.php(37): require('/var/www/html/t...')
#3 /var/www/html/app/controllers/Gs1Link.php(474): Altum\View->run(Object(stdClass))
#4 [internal function]: Altum\Controllers\Gs1Link->index()
#5 /var/www/html/app/core/App.php(279): call_user_func_array(Array, Array)
#6 /var/www/html/index.php(22): Altum\App->__construct()
#7 {main}
  thrown in /var/www/html/themes/phoenix/views/partials/no_data.php on line 8
[27-May-2025 18:47:21 UTC] PHP Warning:  Undefined property: stdClass::$white_labeling_is_enabled in /var/www/html/app/core/App.php on line 210
[27-May-2025 18:47:21 UTC] PHP Warning:  Undefined property: stdClass::$maintenance_is_enabled in /var/www/html/app/core/App.php on line 231
[27-May-2025 18:47:21 UTC] PHP Fatal error:  Uncaught TypeError: count(): Argument #1 ($value) must be of type Countable|array, string given in /var/www/html/themes/phoenix/views/partials/no_data.php:8
Stack trace:
#0 /var/www/html/app/helpers/others.php(1109): require()
#1 /var/www/html/themes/phoenix/views/gs1-link/statistics.php(93): include_view('/var/www/html/t...', Object(stdClass))
#2 /var/www/html/app/core/View.php(37): require('/var/www/html/t...')
#3 /var/www/html/app/controllers/Gs1Link.php(474): Altum\View->run(Object(stdClass))
#4 [internal function]: Altum\Controllers\Gs1Link->index()
#5 /var/www/html/app/core/App.php(279): call_user_func_array(Array, Array)
#6 /var/www/html/index.php(22): Altum\App->__construct()
#7 {main}
  thrown in /var/www/html/themes/phoenix/views/partials/no_data.php on line 8
[27-May-2025 18:47:21 UTC] PHP Warning:  Undefined property: stdClass::$white_labeling_is_enabled in /var/www/html/app/core/App.php on line 210
[27-May-2025 18:47:21 UTC] PHP Warning:  Undefined property: stdClass::$maintenance_is_enabled in /var/www/html/app/core/App.php on line 231
[27-May-2025 18:47:21 UTC] PHP Fatal error:  Uncaught TypeError: count(): Argument #1 ($value) must be of type Countable|array, string given in /var/www/html/themes/phoenix/views/partials/no_data.php:8
Stack trace:
#0 /var/www/html/app/helpers/others.php(1109): require()
#1 /var/www/html/themes/phoenix/views/gs1-link/statistics.php(93): include_view('/var/www/html/t...', Object(stdClass))
#2 /var/www/html/app/core/View.php(37): require('/var/www/html/t...')
#3 /var/www/html/app/controllers/Gs1Link.php(474): Altum\View->run(Object(stdClass))
#4 [internal function]: Altum\Controllers\Gs1Link->index()
#5 /var/www/html/app/core/App.php(279): call_user_func_array(Array, Array)
#6 /var/www/html/index.php(22): Altum\App->__construct()
#7 {main}
  thrown in /var/www/html/themes/phoenix/views/partials/no_data.php on line 8
[27-May-2025 18:47:21 UTC] PHP Warning:  Undefined property: stdClass::$white_labeling_is_enabled in /var/www/html/app/core/App.php on line 210
[27-May-2025 18:47:21 UTC] PHP Warning:  Undefined property: stdClass::$maintenance_is_enabled in /var/www/html/app/core/App.php on line 231
[27-May-2025 18:47:21 UTC] PHP Fatal error:  Uncaught TypeError: count(): Argument #1 ($value) must be of type Countable|array, string given in /var/www/html/themes/phoenix/views/partials/no_data.php:8
Stack trace:
#0 /var/www/html/app/helpers/others.php(1109): require()
#1 /var/www/html/themes/phoenix/views/gs1-link/statistics.php(93): include_view('/var/www/html/t...', Object(stdClass))
#2 /var/www/html/app/core/View.php(37): require('/var/www/html/t...')
#3 /var/www/html/app/controllers/Gs1Link.php(474): Altum\View->run(Object(stdClass))
#4 [internal function]: Altum\Controllers\Gs1Link->index()
#5 /var/www/html/app/core/App.php(279): call_user_func_array(Array, Array)
#6 /var/www/html/index.php(22): Altum\App->__construct()
#7 {main}
  thrown in /var/www/html/themes/phoenix/views/partials/no_data.php on line 8
[27-May-2025 18:47:21 UTC] PHP Warning:  Undefined property: stdClass::$white_labeling_is_enabled in /var/www/html/app/core/App.php on line 210
[27-May-2025 18:47:21 UTC] PHP Warning:  Undefined property: stdClass::$maintenance_is_enabled in /var/www/html/app/core/App.php on line 231
[27-May-2025 18:47:21 UTC] PHP Fatal error:  Uncaught TypeError: count(): Argument #1 ($value) must be of type Countable|array, string given in /var/www/html/themes/phoenix/views/partials/no_data.php:8
Stack trace:
#0 /var/www/html/app/helpers/others.php(1109): require()
#1 /var/www/html/themes/phoenix/views/gs1-link/statistics.php(93): include_view('/var/www/html/t...', Object(stdClass))
#2 /var/www/html/app/core/View.php(37): require('/var/www/html/t...')
#3 /var/www/html/app/controllers/Gs1Link.php(474): Altum\View->run(Object(stdClass))
#4 [internal function]: Altum\Controllers\Gs1Link->index()
#5 /var/www/html/app/core/App.php(279): call_user_func_array(Array, Array)
#6 /var/www/html/index.php(22): Altum\App->__construct()
#7 {main}
  thrown in /var/www/html/themes/phoenix/views/partials/no_data.php on line 8
[27-May-2025 18:48:59 UTC] PHP Warning:  Undefined property: stdClass::$white_labeling_is_enabled in /var/www/html/app/core/App.php on line 210
[27-May-2025 18:48:59 UTC] PHP Warning:  Undefined property: stdClass::$maintenance_is_enabled in /var/www/html/app/core/App.php on line 231
[27-May-2025 18:48:59 UTC] PHP Warning:  Undefined property: stdClass::$pageviews_chart in /var/www/html/themes/phoenix/views/gs1-link/statistics.php on line 373
[27-May-2025 18:48:59 UTC] PHP Warning:  Trying to access array offset on value of type null in /var/www/html/themes/phoenix/views/gs1-link/statistics.php on line 373
[27-May-2025 18:48:59 UTC] PHP Warning:  Undefined property: stdClass::$projects_is_enabled in /var/www/html/themes/phoenix/views/partials/app_sidebar.php on line 148
[27-May-2025 18:48:59 UTC] PHP Warning:  Undefined property: stdClass::$admin_spotlight_is_enabled in /var/www/html/themes/phoenix/views/partials/footer.php on line 107
[27-May-2025 18:48:59 UTC] PHP Warning:  Undefined property: stdClass::$user_spotlight_is_enabled in /var/www/html/themes/phoenix/views/partials/footer.php on line 107
[27-May-2025 18:48:59 UTC] PHP Warning:  Undefined property: stdClass::$admin_spotlight_is_enabled in /var/www/html/themes/phoenix/views/app_wrapper.php on line 71
[27-May-2025 18:48:59 UTC] PHP Warning:  Undefined property: stdClass::$user_spotlight_is_enabled in /var/www/html/themes/phoenix/views/app_wrapper.php on line 71
[27-May-2025 18:49:02 UTC] PHP Warning:  Undefined property: stdClass::$white_labeling_is_enabled in /var/www/html/app/core/App.php on line 210
[27-May-2025 18:49:02 UTC] PHP Warning:  Undefined property: stdClass::$maintenance_is_enabled in /var/www/html/app/core/App.php on line 231
[27-May-2025 18:49:02 UTC] PHP Warning:  Undefined property: stdClass::$pageviews_chart in /var/www/html/themes/phoenix/views/gs1-link/statistics.php on line 373
[27-May-2025 18:49:02 UTC] PHP Warning:  Trying to access array offset on value of type null in /var/www/html/themes/phoenix/views/gs1-link/statistics.php on line 373
[27-May-2025 18:49:02 UTC] PHP Warning:  Undefined property: stdClass::$projects_is_enabled in /var/www/html/themes/phoenix/views/partials/app_sidebar.php on line 148
[27-May-2025 18:49:02 UTC] PHP Warning:  Undefined property: stdClass::$admin_spotlight_is_enabled in /var/www/html/themes/phoenix/views/partials/footer.php on line 107
[27-May-2025 18:49:02 UTC] PHP Warning:  Undefined property: stdClass::$user_spotlight_is_enabled in /var/www/html/themes/phoenix/views/partials/footer.php on line 107
[27-May-2025 18:49:02 UTC] PHP Warning:  Undefined property: stdClass::$admin_spotlight_is_enabled in /var/www/html/themes/phoenix/views/app_wrapper.php on line 71
[27-May-2025 18:49:02 UTC] PHP Warning:  Undefined property: stdClass::$user_spotlight_is_enabled in /var/www/html/themes/phoenix/views/app_wrapper.php on line 71
[27-May-2025 18:49:50 UTC] PHP Warning:  Undefined property: stdClass::$white_labeling_is_enabled in /var/www/html/app/core/App.php on line 210
[27-May-2025 18:49:50 UTC] PHP Warning:  Undefined property: stdClass::$maintenance_is_enabled in /var/www/html/app/core/App.php on line 231
[27-May-2025 18:49:50 UTC] PHP Warning:  Undefined property: stdClass::$pageviews_chart in /var/www/html/themes/phoenix/views/gs1-link/statistics.php on line 373
[27-May-2025 18:49:50 UTC] PHP Warning:  Trying to access array offset on value of type null in /var/www/html/themes/phoenix/views/gs1-link/statistics.php on line 373
[27-May-2025 18:49:50 UTC] PHP Warning:  Undefined property: stdClass::$projects_is_enabled in /var/www/html/themes/phoenix/views/partials/app_sidebar.php on line 148
[27-May-2025 18:49:50 UTC] PHP Warning:  Undefined property: stdClass::$admin_spotlight_is_enabled in /var/www/html/themes/phoenix/views/partials/footer.php on line 107
[27-May-2025 18:49:50 UTC] PHP Warning:  Undefined property: stdClass::$user_spotlight_is_enabled in /var/www/html/themes/phoenix/views/partials/footer.php on line 107
[27-May-2025 18:49:50 UTC] PHP Warning:  Undefined property: stdClass::$admin_spotlight_is_enabled in /var/www/html/themes/phoenix/views/app_wrapper.php on line 71
[27-May-2025 18:49:50 UTC] PHP Warning:  Undefined property: stdClass::$user_spotlight_is_enabled in /var/www/html/themes/phoenix/views/app_wrapper.php on line 71
[27-May-2025 18:49:52 UTC] PHP Warning:  Undefined property: stdClass::$white_labeling_is_enabled in /var/www/html/app/core/App.php on line 210
[27-May-2025 18:49:52 UTC] PHP Warning:  Undefined property: stdClass::$maintenance_is_enabled in /var/www/html/app/core/App.php on line 231
[27-May-2025 18:49:52 UTC] PHP Warning:  Undefined property: stdClass::$pageviews_chart in /var/www/html/themes/phoenix/views/gs1-link/statistics.php on line 373
[27-May-2025 18:49:52 UTC] PHP Warning:  Trying to access array offset on value of type null in /var/www/html/themes/phoenix/views/gs1-link/statistics.php on line 373
[27-May-2025 18:49:52 UTC] PHP Warning:  Undefined property: stdClass::$projects_is_enabled in /var/www/html/themes/phoenix/views/partials/app_sidebar.php on line 148
[27-May-2025 18:49:52 UTC] PHP Warning:  Undefined property: stdClass::$admin_spotlight_is_enabled in /var/www/html/themes/phoenix/views/partials/footer.php on line 107
[27-May-2025 18:49:52 UTC] PHP Warning:  Undefined property: stdClass::$user_spotlight_is_enabled in /var/www/html/themes/phoenix/views/partials/footer.php on line 107
[27-May-2025 18:49:52 UTC] PHP Warning:  Undefined property: stdClass::$admin_spotlight_is_enabled in /var/www/html/themes/phoenix/views/app_wrapper.php on line 71
[27-May-2025 18:49:52 UTC] PHP Warning:  Undefined property: stdClass::$user_spotlight_is_enabled in /var/www/html/themes/phoenix/views/app_wrapper.php on line 71
[27-May-2025 18:49:54 UTC] PHP Warning:  Undefined property: stdClass::$white_labeling_is_enabled in /var/www/html/app/core/App.php on line 210
[27-May-2025 18:49:54 UTC] PHP Warning:  Undefined property: stdClass::$maintenance_is_enabled in /var/www/html/app/core/App.php on line 231
[27-May-2025 18:49:54 UTC] PHP Warning:  Undefined property: stdClass::$pageviews_chart in /var/www/html/themes/phoenix/views/gs1-link/statistics.php on line 373
[27-May-2025 18:49:54 UTC] PHP Warning:  Trying to access array offset on value of type null in /var/www/html/themes/phoenix/views/gs1-link/statistics.php on line 373
[27-May-2025 18:49:54 UTC] PHP Warning:  Undefined property: stdClass::$projects_is_enabled in /var/www/html/themes/phoenix/views/partials/app_sidebar.php on line 148
[27-May-2025 18:49:54 UTC] PHP Warning:  Undefined property: stdClass::$admin_spotlight_is_enabled in /var/www/html/themes/phoenix/views/partials/footer.php on line 107
[27-May-2025 18:49:54 UTC] PHP Warning:  Undefined property: stdClass::$user_spotlight_is_enabled in /var/www/html/themes/phoenix/views/partials/footer.php on line 107
[27-May-2025 18:49:54 UTC] PHP Warning:  Undefined property: stdClass::$admin_spotlight_is_enabled in /var/www/html/themes/phoenix/views/app_wrapper.php on line 71
[27-May-2025 18:49:54 UTC] PHP Warning:  Undefined property: stdClass::$user_spotlight_is_enabled in /var/www/html/themes/phoenix/views/app_wrapper.php on line 71
[27-May-2025 18:49:58 UTC] PHP Warning:  Undefined property: stdClass::$white_labeling_is_enabled in /var/www/html/app/core/App.php on line 210
[27-May-2025 18:49:58 UTC] PHP Warning:  Undefined property: stdClass::$maintenance_is_enabled in /var/www/html/app/core/App.php on line 231
[27-May-2025 18:49:58 UTC] PHP Warning:  Undefined property: stdClass::$claim_url_is_enabled in /var/www/html/themes/phoenix/views/links/create_link_modals.php on line 409
[27-May-2025 18:49:58 UTC] PHP Warning:  Undefined property: stdClass::$projects_is_enabled in /var/www/html/app/models/Projects.php on line 17
[27-May-2025 18:49:58 UTC] PHP Warning:  Undefined property: stdClass::$projects_is_enabled in /var/www/html/themes/phoenix/views/links/links_content.php on line 153
[27-May-2025 18:49:58 UTC] PHP Warning:  Undefined property: stdClass::$projects_is_enabled in /var/www/html/themes/phoenix/views/partials/app_sidebar.php on line 148
[27-May-2025 18:49:58 UTC] PHP Warning:  Undefined property: stdClass::$admin_spotlight_is_enabled in /var/www/html/themes/phoenix/views/partials/footer.php on line 107
[27-May-2025 18:49:58 UTC] PHP Warning:  Undefined property: stdClass::$user_spotlight_is_enabled in /var/www/html/themes/phoenix/views/partials/footer.php on line 107
[27-May-2025 18:49:58 UTC] PHP Warning:  Undefined property: stdClass::$admin_spotlight_is_enabled in /var/www/html/themes/phoenix/views/app_wrapper.php on line 71
[27-May-2025 18:49:58 UTC] PHP Warning:  Undefined property: stdClass::$user_spotlight_is_enabled in /var/www/html/themes/phoenix/views/app_wrapper.php on line 71
[27-May-2025 18:50:00 UTC] PHP Warning:  Undefined property: stdClass::$white_labeling_is_enabled in /var/www/html/app/core/App.php on line 210
[27-May-2025 18:50:00 UTC] PHP Warning:  Undefined property: stdClass::$maintenance_is_enabled in /var/www/html/app/core/App.php on line 231
[27-May-2025 18:50:00 UTC] PHP Warning:  Undefined property: stdClass::$claim_url_is_enabled in /var/www/html/themes/phoenix/views/links/create_link_modals.php on line 409
[27-May-2025 18:50:00 UTC] PHP Warning:  Undefined property: stdClass::$projects_is_enabled in /var/www/html/app/models/Projects.php on line 17
[27-May-2025 18:50:00 UTC] PHP Warning:  Undefined property: stdClass::$projects_is_enabled in /var/www/html/themes/phoenix/views/links/links_content.php on line 153
[27-May-2025 18:50:00 UTC] PHP Warning:  Undefined property: stdClass::$projects_is_enabled in /var/www/html/themes/phoenix/views/links/links_content.php on line 335
[27-May-2025 18:50:00 UTC] PHP Warning:  Undefined property: stdClass::$projects_is_enabled in /var/www/html/themes/phoenix/views/partials/app_sidebar.php on line 148
[27-May-2025 18:50:00 UTC] PHP Warning:  Undefined property: stdClass::$admin_spotlight_is_enabled in /var/www/html/themes/phoenix/views/partials/footer.php on line 107
[27-May-2025 18:50:00 UTC] PHP Warning:  Undefined property: stdClass::$user_spotlight_is_enabled in /var/www/html/themes/phoenix/views/partials/footer.php on line 107
[27-May-2025 18:50:00 UTC] PHP Warning:  Undefined property: stdClass::$admin_spotlight_is_enabled in /var/www/html/themes/phoenix/views/app_wrapper.php on line 71
[27-May-2025 18:50:00 UTC] PHP Warning:  Undefined property: stdClass::$user_spotlight_is_enabled in /var/www/html/themes/phoenix/views/app_wrapper.php on line 71
[27-May-2025 18:50:02 UTC] PHP Warning:  Undefined property: stdClass::$white_labeling_is_enabled in /var/www/html/app/core/App.php on line 210
[27-May-2025 18:50:02 UTC] PHP Warning:  Undefined property: stdClass::$maintenance_is_enabled in /var/www/html/app/core/App.php on line 231
[27-May-2025 18:50:02 UTC] PHP Warning:  Undefined property: stdClass::$projects_is_enabled in /var/www/html/themes/phoenix/views/partials/app_sidebar.php on line 148
[27-May-2025 18:50:02 UTC] PHP Warning:  Undefined property: stdClass::$admin_spotlight_is_enabled in /var/www/html/themes/phoenix/views/partials/footer.php on line 107
[27-May-2025 18:50:02 UTC] PHP Warning:  Undefined property: stdClass::$user_spotlight_is_enabled in /var/www/html/themes/phoenix/views/partials/footer.php on line 107
[27-May-2025 18:50:02 UTC] PHP Warning:  Undefined property: stdClass::$admin_spotlight_is_enabled in /var/www/html/themes/phoenix/views/app_wrapper.php on line 71
[27-May-2025 18:50:02 UTC] PHP Warning:  Undefined property: stdClass::$user_spotlight_is_enabled in /var/www/html/themes/phoenix/views/app_wrapper.php on line 71
[27-May-2025 18:57:23 UTC] PHP Warning:  Undefined property: stdClass::$white_labeling_is_enabled in /var/www/html/app/core/App.php on line 210
[27-May-2025 18:57:23 UTC] PHP Warning:  Undefined property: stdClass::$maintenance_is_enabled in /var/www/html/app/core/App.php on line 231
[27-May-2025 18:57:23 UTC] PHP Warning:  Undefined property: stdClass::$projects_is_enabled in /var/www/html/app/models/Projects.php on line 17
[27-May-2025 18:57:23 UTC] PHP Warning:  Undefined property: stdClass::$projects_is_enabled in /var/www/html/themes/phoenix/views/partials/app_sidebar.php on line 148
[27-May-2025 18:57:23 UTC] PHP Warning:  Undefined property: stdClass::$admin_spotlight_is_enabled in /var/www/html/themes/phoenix/views/partials/footer.php on line 107
[27-May-2025 18:57:23 UTC] PHP Warning:  Undefined property: stdClass::$user_spotlight_is_enabled in /var/www/html/themes/phoenix/views/partials/footer.php on line 107
[27-May-2025 18:57:23 UTC] PHP Warning:  Undefined property: stdClass::$admin_spotlight_is_enabled in /var/www/html/themes/phoenix/views/app_wrapper.php on line 71
[27-May-2025 18:57:23 UTC] PHP Warning:  Undefined property: stdClass::$user_spotlight_is_enabled in /var/www/html/themes/phoenix/views/app_wrapper.php on line 71
[27-May-2025 18:57:26 UTC] PHP Warning:  Undefined property: stdClass::$white_labeling_is_enabled in /var/www/html/app/core/App.php on line 210
[27-May-2025 18:57:26 UTC] PHP Warning:  Undefined property: stdClass::$maintenance_is_enabled in /var/www/html/app/core/App.php on line 231
[27-May-2025 18:57:26 UTC] PHP Warning:  Undefined property: stdClass::$projects_is_enabled in /var/www/html/themes/phoenix/views/partials/app_sidebar.php on line 148
[27-May-2025 18:57:26 UTC] PHP Warning:  Undefined property: stdClass::$admin_spotlight_is_enabled in /var/www/html/themes/phoenix/views/partials/footer.php on line 107
[27-May-2025 18:57:26 UTC] PHP Warning:  Undefined property: stdClass::$user_spotlight_is_enabled in /var/www/html/themes/phoenix/views/partials/footer.php on line 107
[27-May-2025 18:57:26 UTC] PHP Warning:  Undefined property: stdClass::$admin_spotlight_is_enabled in /var/www/html/themes/phoenix/views/app_wrapper.php on line 71
[27-May-2025 18:57:26 UTC] PHP Warning:  Undefined property: stdClass::$user_spotlight_is_enabled in /var/www/html/themes/phoenix/views/app_wrapper.php on line 71
