[26-May-2025 20:16:43 UTC] PHP Warning:  Undefined property: stdClass::$white_labeling_is_enabled in /var/www/html/app/core/App.php on line 210
[26-May-2025 20:16:43 UTC] PHP Warning:  Undefined property: stdClass::$maintenance_is_enabled in /var/www/html/app/core/App.php on line 231
[26-May-2025 20:16:43 UTC] PHP Fatal error:  Uncaught Exception: Table 'seegap_db.payments' doesn't exist query: SELECT  count(*) AS retval FROM payments WHERE  datetime >= ?  LIMIT 1 in /var/www/html/app/helpers/MysqliDb.php:2072
Stack trace:
#0 /var/www/html/app/helpers/MysqliDb.php(1660): Altum\Helpers\MysqliDb->_prepareQuery()
#1 /var/www/html/app/helpers/MysqliDb.php(770): Altum\Helpers\MysqliDb->_buildQuery(1)
#2 /var/www/html/app/helpers/MysqliDb.php(829): Altum\Helpers\MysqliDb->get('payments', 1, 'count(*) AS ret...')
#3 /var/www/html/app/controllers/admin/AdminIndex.php(34): Altum\Helpers\MysqliDb->getValue('payments', 'count(*)')
#4 /var/www/html/app/core/Cache.php(50): Altum\Controllers\AdminIndex->Altum\Controllers\{closure}()
#5 /var/www/html/app/controllers/admin/AdminIndex.php(37): Altum\Cache::cache_function_result('admin_dashboard...', NULL, Object(Closure), 86400)
#6 [internal function]: Altum\Controllers\AdminIndex->index()
#7 /var/www/html/app/core/App.php(279): call_user_func_array(Array, Array)
#8 /var/www/html/index.php(22): Altum\App->__construct()
#9 {main}
  thrown in /var/www/html/app/helpers/MysqliDb.php on line 2072
[26-May-2025 20:16:45 UTC] PHP Warning:  Undefined property: stdClass::$white_labeling_is_enabled in /var/www/html/app/core/App.php on line 210
[26-May-2025 20:16:45 UTC] PHP Warning:  Undefined property: stdClass::$maintenance_is_enabled in /var/www/html/app/core/App.php on line 231
[26-May-2025 20:16:45 UTC] PHP Warning:  Undefined property: stdClass::$feedback_collector in /var/www/html/themes/phoenix/views/link/settings/biolink_link_create_modal.php on line 30
[26-May-2025 20:16:45 UTC] PHP Warning:  Undefined property: stdClass::$admin_spotlight_is_enabled in /var/www/html/themes/phoenix/views/partials/footer.php on line 107
[26-May-2025 20:16:45 UTC] PHP Warning:  Undefined property: stdClass::$user_spotlight_is_enabled in /var/www/html/themes/phoenix/views/partials/footer.php on line 107
[26-May-2025 20:16:45 UTC] PHP Warning:  Undefined property: stdClass::$admin_spotlight_is_enabled in /var/www/html/themes/phoenix/views/app_wrapper.php on line 71
[26-May-2025 20:16:45 UTC] PHP Warning:  Undefined property: stdClass::$user_spotlight_is_enabled in /var/www/html/themes/phoenix/views/app_wrapper.php on line 71
[26-May-2025 20:16:45 UTC] PHP Warning:  Undefined property: stdClass::$maintenance_is_enabled in /var/www/html/app/core/App.php on line 231
[26-May-2025 20:16:49 UTC] PHP Warning:  Undefined property: stdClass::$white_labeling_is_enabled in /var/www/html/app/core/App.php on line 210
[26-May-2025 20:16:49 UTC] PHP Warning:  Undefined property: stdClass::$maintenance_is_enabled in /var/www/html/app/core/App.php on line 231
[26-May-2025 20:16:49 UTC] PHP Fatal error:  Uncaught Exception: Table 'seegap_db.payments' doesn't exist query: SELECT  count(*) AS retval FROM payments WHERE  datetime >= ?  LIMIT 1 in /var/www/html/app/helpers/MysqliDb.php:2072
Stack trace:
#0 /var/www/html/app/helpers/MysqliDb.php(1660): Altum\Helpers\MysqliDb->_prepareQuery()
#1 /var/www/html/app/helpers/MysqliDb.php(770): Altum\Helpers\MysqliDb->_buildQuery(1)
#2 /var/www/html/app/helpers/MysqliDb.php(829): Altum\Helpers\MysqliDb->get('payments', 1, 'count(*) AS ret...')
#3 /var/www/html/app/controllers/admin/AdminIndex.php(34): Altum\Helpers\MysqliDb->getValue('payments', 'count(*)')
#4 /var/www/html/app/core/Cache.php(50): Altum\Controllers\AdminIndex->Altum\Controllers\{closure}()
#5 /var/www/html/app/controllers/admin/AdminIndex.php(37): Altum\Cache::cache_function_result('admin_dashboard...', NULL, Object(Closure), 86400)
#6 [internal function]: Altum\Controllers\AdminIndex->index()
#7 /var/www/html/app/core/App.php(279): call_user_func_array(Array, Array)
#8 /var/www/html/index.php(22): Altum\App->__construct()
#9 {main}
  thrown in /var/www/html/app/helpers/MysqliDb.php on line 2072
[26-May-2025 20:36:27 UTC] PHP Fatal error:  Uncaught Exception: Table 'seegap_db.users' doesn't exist query: UPDATE users SET `last_activity` = ? WHERE  user_id = ?  in /var/www/html/app/helpers/MysqliDb.php:2072
Stack trace:
#0 /var/www/html/app/helpers/MysqliDb.php(1660): Altum\Helpers\MysqliDb->_prepareQuery()
#1 /var/www/html/app/helpers/MysqliDb.php(960): Altum\Helpers\MysqliDb->_buildQuery(NULL, Array)
#2 /var/www/html/app/models/User.php(153): Altum\Helpers\MysqliDb->update('users', Array)
#3 /var/www/html/app/core/App.php(157): Altum\Models\User->update_last_activity(1)
#4 /var/www/html/index.php(22): Altum\App->__construct()
#5 {main}
  thrown in /var/www/html/app/helpers/MysqliDb.php on line 2072
[26-May-2025 20:36:28 UTC] PHP Fatal error:  Uncaught Exception: Table 'seegap_db.users' doesn't exist query: UPDATE users SET `last_activity` = ? WHERE  user_id = ?  in /var/www/html/app/helpers/MysqliDb.php:2072
Stack trace:
#0 /var/www/html/app/helpers/MysqliDb.php(1660): Altum\Helpers\MysqliDb->_prepareQuery()
#1 /var/www/html/app/helpers/MysqliDb.php(960): Altum\Helpers\MysqliDb->_buildQuery(NULL, Array)
#2 /var/www/html/app/models/User.php(153): Altum\Helpers\MysqliDb->update('users', Array)
#3 /var/www/html/app/core/App.php(157): Altum\Models\User->update_last_activity(1)
#4 /var/www/html/index.php(22): Altum\App->__construct()
#5 {main}
  thrown in /var/www/html/app/helpers/MysqliDb.php on line 2072
[26-May-2025 20:36:30 UTC] PHP Fatal error:  Uncaught Exception: Table 'seegap_db.users' doesn't exist query: UPDATE users SET `last_activity` = ? WHERE  user_id = ?  in /var/www/html/app/helpers/MysqliDb.php:2072
Stack trace:
#0 /var/www/html/app/helpers/MysqliDb.php(1660): Altum\Helpers\MysqliDb->_prepareQuery()
#1 /var/www/html/app/helpers/MysqliDb.php(960): Altum\Helpers\MysqliDb->_buildQuery(NULL, Array)
#2 /var/www/html/app/models/User.php(153): Altum\Helpers\MysqliDb->update('users', Array)
#3 /var/www/html/app/core/App.php(157): Altum\Models\User->update_last_activity(1)
#4 /var/www/html/index.php(22): Altum\App->__construct()
#5 {main}
  thrown in /var/www/html/app/helpers/MysqliDb.php on line 2072
[26-May-2025 20:37:20 UTC] PHP Warning:  Undefined property: stdClass::$white_labeling_is_enabled in /var/www/html/app/core/App.php on line 210
[26-May-2025 20:37:20 UTC] PHP Warning:  Undefined property: stdClass::$maintenance_is_enabled in /var/www/html/app/core/App.php on line 231
[26-May-2025 20:37:20 UTC] PHP Warning:  Undefined property: stdClass::$tools in /var/www/html/app/core/CustomHooks.php on line 195
[26-May-2025 20:37:20 UTC] PHP Warning:  Attempt to read property "is_enabled" on null in /var/www/html/app/core/CustomHooks.php on line 195
[26-May-2025 20:37:20 UTC] PHP Warning:  Undefined property: stdClass::$white_labeling_is_enabled in /var/www/html/app/core/App.php on line 210
[26-May-2025 20:37:20 UTC] PHP Warning:  Undefined property: stdClass::$maintenance_is_enabled in /var/www/html/app/core/App.php on line 231
[26-May-2025 20:37:20 UTC] PHP Warning:  Undefined property: stdClass::$white_labeling_is_enabled in /var/www/html/app/core/App.php on line 210
[26-May-2025 20:37:20 UTC] PHP Warning:  Undefined property: stdClass::$maintenance_is_enabled in /var/www/html/app/core/App.php on line 231
[26-May-2025 20:37:20 UTC] PHP Warning:  Undefined property: stdClass::$domains in /var/www/html/themes/phoenix/views/links/links_content.php on line 176
[26-May-2025 20:37:20 UTC] PHP Warning:  foreach() argument must be of type array|object, null given in /var/www/html/themes/phoenix/views/links/links_content.php on line 176
[26-May-2025 20:37:20 UTC] PHP Warning:  Undefined property: stdClass::$admin_spotlight_is_enabled in /var/www/html/themes/phoenix/views/partials/footer.php on line 107
[26-May-2025 20:37:20 UTC] PHP Warning:  Undefined property: stdClass::$user_spotlight_is_enabled in /var/www/html/themes/phoenix/views/partials/footer.php on line 107
[26-May-2025 20:37:20 UTC] PHP Warning:  Undefined property: stdClass::$admin_spotlight_is_enabled in /var/www/html/themes/phoenix/views/app_wrapper.php on line 71
[26-May-2025 20:37:20 UTC] PHP Warning:  Undefined property: stdClass::$user_spotlight_is_enabled in /var/www/html/themes/phoenix/views/app_wrapper.php on line 71
[26-May-2025 20:37:25 UTC] PHP Warning:  Undefined property: stdClass::$white_labeling_is_enabled in /var/www/html/app/core/App.php on line 210
[26-May-2025 20:37:25 UTC] PHP Warning:  Undefined property: stdClass::$maintenance_is_enabled in /var/www/html/app/core/App.php on line 231
[26-May-2025 20:37:25 UTC] PHP Warning:  Undefined property: stdClass::$admin_spotlight_is_enabled in /var/www/html/themes/phoenix/views/admin/partials/footer.php on line 107
[26-May-2025 20:37:25 UTC] PHP Warning:  Undefined property: stdClass::$user_spotlight_is_enabled in /var/www/html/themes/phoenix/views/admin/partials/footer.php on line 107
[26-May-2025 20:37:25 UTC] PHP Warning:  Undefined property: stdClass::$admin_spotlight_is_enabled in /var/www/html/themes/phoenix/views/admin/wrapper.php on line 42
[26-May-2025 20:37:25 UTC] PHP Warning:  Undefined property: stdClass::$user_spotlight_is_enabled in /var/www/html/themes/phoenix/views/admin/wrapper.php on line 42
[26-May-2025 20:37:30 UTC] PHP Warning:  Undefined property: stdClass::$white_labeling_is_enabled in /var/www/html/app/core/App.php on line 210
[26-May-2025 20:37:30 UTC] PHP Warning:  Undefined property: stdClass::$maintenance_is_enabled in /var/www/html/app/core/App.php on line 231
[26-May-2025 20:37:30 UTC] PHP Warning:  Undefined property: stdClass::$white_labeling_is_enabled in /var/www/html/app/core/App.php on line 210
[26-May-2025 20:37:30 UTC] PHP Warning:  Undefined property: stdClass::$maintenance_is_enabled in /var/www/html/app/core/App.php on line 231
[26-May-2025 20:37:30 UTC] PHP Warning:  Undefined property: stdClass::$white_labeling_is_enabled in /var/www/html/app/core/App.php on line 210
[26-May-2025 20:37:30 UTC] PHP Warning:  Undefined property: stdClass::$maintenance_is_enabled in /var/www/html/app/core/App.php on line 231
[26-May-2025 20:37:30 UTC] PHP Warning:  Undefined property: stdClass::$domains in /var/www/html/themes/phoenix/views/links/links_content.php on line 176
[26-May-2025 20:37:30 UTC] PHP Warning:  foreach() argument must be of type array|object, null given in /var/www/html/themes/phoenix/views/links/links_content.php on line 176
[26-May-2025 20:37:30 UTC] PHP Warning:  Undefined property: stdClass::$admin_spotlight_is_enabled in /var/www/html/themes/phoenix/views/partials/footer.php on line 107
[26-May-2025 20:37:30 UTC] PHP Warning:  Undefined property: stdClass::$user_spotlight_is_enabled in /var/www/html/themes/phoenix/views/partials/footer.php on line 107
[26-May-2025 20:37:30 UTC] PHP Warning:  Undefined property: stdClass::$admin_spotlight_is_enabled in /var/www/html/themes/phoenix/views/app_wrapper.php on line 71
[26-May-2025 20:37:30 UTC] PHP Warning:  Undefined property: stdClass::$user_spotlight_is_enabled in /var/www/html/themes/phoenix/views/app_wrapper.php on line 71
[26-May-2025 20:37:31 UTC] PHP Warning:  Undefined property: stdClass::$white_labeling_is_enabled in /var/www/html/app/core/App.php on line 210
[26-May-2025 20:37:31 UTC] PHP Warning:  Undefined property: stdClass::$maintenance_is_enabled in /var/www/html/app/core/App.php on line 231
[26-May-2025 20:37:31 UTC] PHP Warning:  Undefined property: stdClass::$admin_spotlight_is_enabled in /var/www/html/themes/phoenix/views/partials/footer.php on line 107
[26-May-2025 20:37:31 UTC] PHP Warning:  Undefined property: stdClass::$user_spotlight_is_enabled in /var/www/html/themes/phoenix/views/partials/footer.php on line 107
[26-May-2025 20:37:31 UTC] PHP Warning:  Undefined property: stdClass::$admin_spotlight_is_enabled in /var/www/html/themes/phoenix/views/app_wrapper.php on line 71
[26-May-2025 20:37:31 UTC] PHP Warning:  Undefined property: stdClass::$user_spotlight_is_enabled in /var/www/html/themes/phoenix/views/app_wrapper.php on line 71
[26-May-2025 20:37:34 UTC] PHP Warning:  Undefined property: stdClass::$white_labeling_is_enabled in /var/www/html/app/core/App.php on line 210
[26-May-2025 20:37:34 UTC] PHP Warning:  Undefined property: stdClass::$maintenance_is_enabled in /var/www/html/app/core/App.php on line 231
[26-May-2025 20:37:34 UTC] PHP Warning:  Undefined property: stdClass::$admin_spotlight_is_enabled in /var/www/html/themes/phoenix/views/admin/partials/footer.php on line 107
[26-May-2025 20:37:34 UTC] PHP Warning:  Undefined property: stdClass::$user_spotlight_is_enabled in /var/www/html/themes/phoenix/views/admin/partials/footer.php on line 107
[26-May-2025 20:37:34 UTC] PHP Warning:  Undefined property: stdClass::$admin_spotlight_is_enabled in /var/www/html/themes/phoenix/views/admin/wrapper.php on line 42
[26-May-2025 20:37:34 UTC] PHP Warning:  Undefined property: stdClass::$user_spotlight_is_enabled in /var/www/html/themes/phoenix/views/admin/wrapper.php on line 42
[26-May-2025 20:37:49 UTC] PHP Warning:  Undefined property: stdClass::$white_labeling_is_enabled in /var/www/html/app/core/App.php on line 210
[26-May-2025 20:37:49 UTC] PHP Warning:  Undefined property: stdClass::$maintenance_is_enabled in /var/www/html/app/core/App.php on line 231
[26-May-2025 20:37:49 UTC] PHP Warning:  Undefined property: stdClass::$domains in /var/www/html/themes/phoenix/views/links/links_content.php on line 176
[26-May-2025 20:37:49 UTC] PHP Warning:  foreach() argument must be of type array|object, null given in /var/www/html/themes/phoenix/views/links/links_content.php on line 176
[26-May-2025 20:37:49 UTC] PHP Warning:  Undefined property: stdClass::$admin_spotlight_is_enabled in /var/www/html/themes/phoenix/views/partials/footer.php on line 107
[26-May-2025 20:37:49 UTC] PHP Warning:  Undefined property: stdClass::$user_spotlight_is_enabled in /var/www/html/themes/phoenix/views/partials/footer.php on line 107
[26-May-2025 20:37:49 UTC] PHP Warning:  Undefined property: stdClass::$admin_spotlight_is_enabled in /var/www/html/themes/phoenix/views/app_wrapper.php on line 71
[26-May-2025 20:37:49 UTC] PHP Warning:  Undefined property: stdClass::$user_spotlight_is_enabled in /var/www/html/themes/phoenix/views/app_wrapper.php on line 71
[26-May-2025 20:45:35 UTC] PHP Warning:  Undefined property: stdClass::$white_labeling_is_enabled in /var/www/html/app/core/App.php on line 210
[26-May-2025 20:45:35 UTC] PHP Warning:  Undefined property: stdClass::$maintenance_is_enabled in /var/www/html/app/core/App.php on line 231
[26-May-2025 20:45:35 UTC] PHP Warning:  Undefined property: stdClass::$admin_spotlight_is_enabled in /var/www/html/themes/phoenix/views/partials/footer.php on line 107
[26-May-2025 20:45:35 UTC] PHP Warning:  Undefined property: stdClass::$user_spotlight_is_enabled in /var/www/html/themes/phoenix/views/partials/footer.php on line 107
[26-May-2025 20:45:35 UTC] PHP Warning:  Undefined property: stdClass::$admin_spotlight_is_enabled in /var/www/html/themes/phoenix/views/app_wrapper.php on line 71
[26-May-2025 20:45:35 UTC] PHP Warning:  Undefined property: stdClass::$user_spotlight_is_enabled in /var/www/html/themes/phoenix/views/app_wrapper.php on line 71
[26-May-2025 20:45:37 UTC] PHP Warning:  Undefined property: stdClass::$white_labeling_is_enabled in /var/www/html/app/core/App.php on line 210
[26-May-2025 20:45:37 UTC] PHP Warning:  Undefined property: stdClass::$maintenance_is_enabled in /var/www/html/app/core/App.php on line 231
[26-May-2025 20:45:37 UTC] PHP Warning:  Undefined property: stdClass::$admin_spotlight_is_enabled in /var/www/html/themes/phoenix/views/partials/footer.php on line 107
[26-May-2025 20:45:37 UTC] PHP Warning:  Undefined property: stdClass::$user_spotlight_is_enabled in /var/www/html/themes/phoenix/views/partials/footer.php on line 107
[26-May-2025 20:45:37 UTC] PHP Warning:  Undefined property: stdClass::$admin_spotlight_is_enabled in /var/www/html/themes/phoenix/views/app_wrapper.php on line 71
[26-May-2025 20:45:37 UTC] PHP Warning:  Undefined property: stdClass::$user_spotlight_is_enabled in /var/www/html/themes/phoenix/views/app_wrapper.php on line 71
[26-May-2025 20:45:47 UTC] PHP Warning:  Undefined property: stdClass::$maintenance_is_enabled in /var/www/html/app/core/App.php on line 231
[26-May-2025 20:46:06 UTC] PHP Warning:  Undefined property: stdClass::$maintenance_is_enabled in /var/www/html/app/core/App.php on line 231
[26-May-2025 20:46:07 UTC] PHP Warning:  Undefined property: stdClass::$maintenance_is_enabled in /var/www/html/app/core/App.php on line 231
[26-May-2025 20:46:15 UTC] PHP Warning:  Undefined property: stdClass::$maintenance_is_enabled in /var/www/html/app/core/App.php on line 231
[26-May-2025 20:46:18 UTC] PHP Warning:  Undefined property: stdClass::$maintenance_is_enabled in /var/www/html/app/core/App.php on line 231
[26-May-2025 20:46:20 UTC] PHP Warning:  Undefined property: stdClass::$white_labeling_is_enabled in /var/www/html/app/core/App.php on line 210
[26-May-2025 20:46:20 UTC] PHP Warning:  Undefined property: stdClass::$maintenance_is_enabled in /var/www/html/app/core/App.php on line 231
[26-May-2025 20:46:20 UTC] PHP Warning:  Undefined property: stdClass::$admin_spotlight_is_enabled in /var/www/html/themes/phoenix/views/partials/footer.php on line 107
[26-May-2025 20:46:20 UTC] PHP Warning:  Undefined property: stdClass::$user_spotlight_is_enabled in /var/www/html/themes/phoenix/views/partials/footer.php on line 107
[26-May-2025 20:46:20 UTC] PHP Warning:  Undefined property: stdClass::$admin_spotlight_is_enabled in /var/www/html/themes/phoenix/views/app_wrapper.php on line 71
[26-May-2025 20:46:20 UTC] PHP Warning:  Undefined property: stdClass::$user_spotlight_is_enabled in /var/www/html/themes/phoenix/views/app_wrapper.php on line 71
[26-May-2025 20:46:28 UTC] PHP Warning:  Undefined property: stdClass::$white_labeling_is_enabled in /var/www/html/app/core/App.php on line 210
[26-May-2025 20:46:28 UTC] PHP Warning:  Undefined property: stdClass::$maintenance_is_enabled in /var/www/html/app/core/App.php on line 231
[26-May-2025 20:46:28 UTC] PHP Warning:  Undefined property: stdClass::$admin_spotlight_is_enabled in /var/www/html/themes/phoenix/views/partials/footer.php on line 107
[26-May-2025 20:46:28 UTC] PHP Warning:  Undefined property: stdClass::$user_spotlight_is_enabled in /var/www/html/themes/phoenix/views/partials/footer.php on line 107
[26-May-2025 20:46:28 UTC] PHP Warning:  Undefined property: stdClass::$admin_spotlight_is_enabled in /var/www/html/themes/phoenix/views/app_wrapper.php on line 71
[26-May-2025 20:46:28 UTC] PHP Warning:  Undefined property: stdClass::$user_spotlight_is_enabled in /var/www/html/themes/phoenix/views/app_wrapper.php on line 71
[26-May-2025 20:46:35 UTC] PHP Warning:  Undefined property: stdClass::$maintenance_is_enabled in /var/www/html/app/core/App.php on line 231
[26-May-2025 20:50:46 UTC] PHP Warning:  Undefined property: stdClass::$white_labeling_is_enabled in /var/www/html/app/core/App.php on line 210
[26-May-2025 20:50:46 UTC] PHP Warning:  Undefined property: stdClass::$maintenance_is_enabled in /var/www/html/app/core/App.php on line 231
[26-May-2025 20:50:47 UTC] PHP Warning:  Undefined property: stdClass::$admin_spotlight_is_enabled in /var/www/html/themes/phoenix/views/partials/footer.php on line 107
[26-May-2025 20:50:47 UTC] PHP Warning:  Undefined property: stdClass::$user_spotlight_is_enabled in /var/www/html/themes/phoenix/views/partials/footer.php on line 107
[26-May-2025 20:50:47 UTC] PHP Warning:  Undefined property: stdClass::$admin_spotlight_is_enabled in /var/www/html/themes/phoenix/views/app_wrapper.php on line 71
[26-May-2025 20:50:47 UTC] PHP Warning:  Undefined property: stdClass::$user_spotlight_is_enabled in /var/www/html/themes/phoenix/views/app_wrapper.php on line 71
[26-May-2025 20:50:53 UTC] PHP Warning:  Undefined property: stdClass::$maintenance_is_enabled in /var/www/html/app/core/App.php on line 231
[26-May-2025 20:51:12 UTC] PHP Warning:  Undefined property: stdClass::$maintenance_is_enabled in /var/www/html/app/core/App.php on line 231
[26-May-2025 20:51:25 UTC] PHP Warning:  Undefined property: stdClass::$maintenance_is_enabled in /var/www/html/app/core/App.php on line 231
[26-May-2025 20:51:30 UTC] PHP Warning:  Undefined property: stdClass::$maintenance_is_enabled in /var/www/html/app/core/App.php on line 231
[26-May-2025 20:51:37 UTC] PHP Warning:  Undefined property: stdClass::$maintenance_is_enabled in /var/www/html/app/core/App.php on line 231
[26-May-2025 20:51:44 UTC] PHP Warning:  Undefined property: stdClass::$maintenance_is_enabled in /var/www/html/app/core/App.php on line 231
[26-May-2025 20:51:44 UTC] PHP Warning:  Undefined property: stdClass::$maintenance_is_enabled in /var/www/html/app/core/App.php on line 231
[26-May-2025 20:51:44 UTC] PHP Warning:  Undefined property: stdClass::$admin_spotlight_is_enabled in /var/www/html/themes/phoenix/views/basic_wrapper.php on line 74
[26-May-2025 20:51:44 UTC] PHP Warning:  Undefined property: stdClass::$user_spotlight_is_enabled in /var/www/html/themes/phoenix/views/basic_wrapper.php on line 74
[26-May-2025 20:51:44 UTC] PHP Warning:  Undefined property: stdClass::$maintenance_is_enabled in /var/www/html/app/core/App.php on line 231
[26-May-2025 20:51:44 UTC] PHP Warning:  Undefined property: stdClass::$tools in /var/www/html/themes/phoenix/views/partials/menu.php on line 42
[26-May-2025 20:51:44 UTC] PHP Warning:  Attempt to read property "is_enabled" on null in /var/www/html/themes/phoenix/views/partials/menu.php on line 42
[26-May-2025 20:51:44 UTC] PHP Warning:  Undefined property: stdClass::$user_spotlight_is_enabled in /var/www/html/themes/phoenix/views/partials/footer.php on line 107
[26-May-2025 20:51:44 UTC] PHP Warning:  Undefined property: stdClass::$admin_spotlight_is_enabled in /var/www/html/themes/phoenix/views/wrapper.php on line 79
[26-May-2025 20:51:44 UTC] PHP Warning:  Undefined property: stdClass::$user_spotlight_is_enabled in /var/www/html/themes/phoenix/views/wrapper.php on line 79
[26-May-2025 20:54:08 UTC] PHP Warning:  Undefined property: stdClass::$white_labeling_is_enabled in /var/www/html/app/core/App.php on line 210
[26-May-2025 20:54:08 UTC] PHP Warning:  Undefined property: stdClass::$maintenance_is_enabled in /var/www/html/app/core/App.php on line 231
[26-May-2025 20:54:08 UTC] PHP Warning:  Undefined property: stdClass::$white_labeling_is_enabled in /var/www/html/app/core/App.php on line 210
[26-May-2025 20:54:08 UTC] PHP Warning:  Undefined property: stdClass::$maintenance_is_enabled in /var/www/html/app/core/App.php on line 231
[26-May-2025 20:54:08 UTC] PHP Warning:  Undefined property: stdClass::$white_labeling_is_enabled in /var/www/html/app/core/App.php on line 210
[26-May-2025 20:54:08 UTC] PHP Warning:  Undefined property: stdClass::$maintenance_is_enabled in /var/www/html/app/core/App.php on line 231
[26-May-2025 20:54:08 UTC] PHP Warning:  Undefined property: stdClass::$domains in /var/www/html/themes/phoenix/views/links/links_content.php on line 176
[26-May-2025 20:54:08 UTC] PHP Warning:  foreach() argument must be of type array|object, null given in /var/www/html/themes/phoenix/views/links/links_content.php on line 176
[26-May-2025 20:54:08 UTC] PHP Warning:  Undefined property: stdClass::$admin_spotlight_is_enabled in /var/www/html/themes/phoenix/views/partials/footer.php on line 107
[26-May-2025 20:54:08 UTC] PHP Warning:  Undefined property: stdClass::$user_spotlight_is_enabled in /var/www/html/themes/phoenix/views/partials/footer.php on line 107
[26-May-2025 20:54:08 UTC] PHP Warning:  Undefined property: stdClass::$admin_spotlight_is_enabled in /var/www/html/themes/phoenix/views/app_wrapper.php on line 71
[26-May-2025 20:54:08 UTC] PHP Warning:  Undefined property: stdClass::$user_spotlight_is_enabled in /var/www/html/themes/phoenix/views/app_wrapper.php on line 71
[26-May-2025 20:54:13 UTC] PHP Warning:  Undefined property: stdClass::$white_labeling_is_enabled in /var/www/html/app/core/App.php on line 210
[26-May-2025 20:54:13 UTC] PHP Warning:  Undefined property: stdClass::$maintenance_is_enabled in /var/www/html/app/core/App.php on line 231
[26-May-2025 20:54:13 UTC] PHP Warning:  Undefined property: stdClass::$admin_spotlight_is_enabled in /var/www/html/themes/phoenix/views/partials/footer.php on line 107
[26-May-2025 20:54:13 UTC] PHP Warning:  Undefined property: stdClass::$user_spotlight_is_enabled in /var/www/html/themes/phoenix/views/partials/footer.php on line 107
[26-May-2025 20:54:13 UTC] PHP Warning:  Undefined property: stdClass::$admin_spotlight_is_enabled in /var/www/html/themes/phoenix/views/app_wrapper.php on line 71
[26-May-2025 20:54:13 UTC] PHP Warning:  Undefined property: stdClass::$user_spotlight_is_enabled in /var/www/html/themes/phoenix/views/app_wrapper.php on line 71
[26-May-2025 20:54:14 UTC] PHP Warning:  Undefined property: stdClass::$white_labeling_is_enabled in /var/www/html/app/core/App.php on line 210
[26-May-2025 20:54:14 UTC] PHP Warning:  Undefined property: stdClass::$maintenance_is_enabled in /var/www/html/app/core/App.php on line 231
[26-May-2025 20:54:14 UTC] PHP Warning:  Undefined property: stdClass::$admin_spotlight_is_enabled in /var/www/html/themes/phoenix/views/partials/footer.php on line 107
[26-May-2025 20:54:14 UTC] PHP Warning:  Undefined property: stdClass::$user_spotlight_is_enabled in /var/www/html/themes/phoenix/views/partials/footer.php on line 107
[26-May-2025 20:54:14 UTC] PHP Warning:  Undefined property: stdClass::$admin_spotlight_is_enabled in /var/www/html/themes/phoenix/views/app_wrapper.php on line 71
[26-May-2025 20:54:14 UTC] PHP Warning:  Undefined property: stdClass::$user_spotlight_is_enabled in /var/www/html/themes/phoenix/views/app_wrapper.php on line 71
[26-May-2025 20:54:21 UTC] PHP Warning:  Undefined property: stdClass::$maintenance_is_enabled in /var/www/html/app/core/App.php on line 231
[26-May-2025 20:54:36 UTC] PHP Warning:  Undefined property: stdClass::$maintenance_is_enabled in /var/www/html/app/core/App.php on line 231
[26-May-2025 20:54:38 UTC] PHP Warning:  Undefined property: stdClass::$maintenance_is_enabled in /var/www/html/app/core/App.php on line 231
[26-May-2025 20:56:20 UTC] PHP Warning:  Undefined property: stdClass::$white_labeling_is_enabled in /var/www/html/app/core/App.php on line 210
[26-May-2025 20:56:20 UTC] PHP Warning:  Undefined property: stdClass::$maintenance_is_enabled in /var/www/html/app/core/App.php on line 231
[26-May-2025 20:56:20 UTC] PHP Warning:  Undefined property: stdClass::$admin_spotlight_is_enabled in /var/www/html/themes/phoenix/views/partials/footer.php on line 107
[26-May-2025 20:56:20 UTC] PHP Warning:  Undefined property: stdClass::$user_spotlight_is_enabled in /var/www/html/themes/phoenix/views/partials/footer.php on line 107
[26-May-2025 20:56:20 UTC] PHP Warning:  Undefined property: stdClass::$admin_spotlight_is_enabled in /var/www/html/themes/phoenix/views/app_wrapper.php on line 71
[26-May-2025 20:56:20 UTC] PHP Warning:  Undefined property: stdClass::$user_spotlight_is_enabled in /var/www/html/themes/phoenix/views/app_wrapper.php on line 71
[26-May-2025 20:56:26 UTC] PHP Warning:  Undefined property: stdClass::$maintenance_is_enabled in /var/www/html/app/core/App.php on line 231
[26-May-2025 20:56:38 UTC] PHP Warning:  Undefined property: stdClass::$maintenance_is_enabled in /var/www/html/app/core/App.php on line 231
[26-May-2025 20:56:39 UTC] PHP Warning:  Undefined property: stdClass::$maintenance_is_enabled in /var/www/html/app/core/App.php on line 231
[26-May-2025 20:57:28 UTC] PHP Warning:  Undefined property: stdClass::$white_labeling_is_enabled in /var/www/html/app/core/App.php on line 210
[26-May-2025 20:57:28 UTC] PHP Warning:  Undefined property: stdClass::$maintenance_is_enabled in /var/www/html/app/core/App.php on line 231
[26-May-2025 20:57:28 UTC] PHP Warning:  Undefined property: stdClass::$admin_spotlight_is_enabled in /var/www/html/themes/phoenix/views/admin/partials/footer.php on line 107
[26-May-2025 20:57:28 UTC] PHP Warning:  Undefined property: stdClass::$user_spotlight_is_enabled in /var/www/html/themes/phoenix/views/admin/partials/footer.php on line 107
[26-May-2025 20:57:28 UTC] PHP Warning:  Undefined property: stdClass::$admin_spotlight_is_enabled in /var/www/html/themes/phoenix/views/admin/wrapper.php on line 42
[26-May-2025 20:57:28 UTC] PHP Warning:  Undefined property: stdClass::$user_spotlight_is_enabled in /var/www/html/themes/phoenix/views/admin/wrapper.php on line 42
[26-May-2025 20:57:30 UTC] PHP Warning:  Undefined property: stdClass::$white_labeling_is_enabled in /var/www/html/app/core/App.php on line 210
[26-May-2025 20:57:30 UTC] PHP Warning:  Undefined property: stdClass::$maintenance_is_enabled in /var/www/html/app/core/App.php on line 231
[26-May-2025 20:57:30 UTC] PHP Warning:  Undefined property: stdClass::$white_labeling_is_enabled in /var/www/html/app/core/App.php on line 210
[26-May-2025 20:57:30 UTC] PHP Warning:  Undefined property: stdClass::$maintenance_is_enabled in /var/www/html/app/core/App.php on line 231
[26-May-2025 20:57:30 UTC] PHP Warning:  Undefined property: stdClass::$admin_spotlight_is_enabled in /var/www/html/themes/phoenix/views/admin/settings/partials/main.php on line 87
[26-May-2025 20:57:30 UTC] PHP Warning:  Undefined property: stdClass::$user_spotlight_is_enabled in /var/www/html/themes/phoenix/views/admin/settings/partials/main.php on line 93
[26-May-2025 20:57:30 UTC] PHP Warning:  Undefined property: stdClass::$white_labeling_is_enabled in /var/www/html/themes/phoenix/views/admin/settings/partials/main.php on line 99
[26-May-2025 20:57:30 UTC] PHP Warning:  Undefined property: stdClass::$maintenance_is_enabled in /var/www/html/themes/phoenix/views/admin/settings/partials/main.php on line 201
[26-May-2025 20:57:30 UTC] PHP Warning:  Undefined property: stdClass::$maintenance_title in /var/www/html/themes/phoenix/views/admin/settings/partials/main.php on line 208
[26-May-2025 20:57:30 UTC] PHP Warning:  Undefined property: stdClass::$maintenance_description in /var/www/html/themes/phoenix/views/admin/settings/partials/main.php on line 213
[26-May-2025 20:57:30 UTC] PHP Warning:  Undefined property: stdClass::$maintenance_button_text in /var/www/html/themes/phoenix/views/admin/settings/partials/main.php on line 218
[26-May-2025 20:57:30 UTC] PHP Warning:  Undefined property: stdClass::$maintenance_button_url in /var/www/html/themes/phoenix/views/admin/settings/partials/main.php on line 223
[26-May-2025 20:57:30 UTC] PHP Warning:  Undefined property: stdClass::$admin_spotlight_is_enabled in /var/www/html/themes/phoenix/views/admin/partials/footer.php on line 107
[26-May-2025 20:57:30 UTC] PHP Warning:  Undefined property: stdClass::$user_spotlight_is_enabled in /var/www/html/themes/phoenix/views/admin/partials/footer.php on line 107
[26-May-2025 20:57:30 UTC] PHP Warning:  Undefined property: stdClass::$admin_spotlight_is_enabled in /var/www/html/themes/phoenix/views/admin/wrapper.php on line 42
[26-May-2025 20:57:30 UTC] PHP Warning:  Undefined property: stdClass::$user_spotlight_is_enabled in /var/www/html/themes/phoenix/views/admin/wrapper.php on line 42
[26-May-2025 20:57:35 UTC] PHP Warning:  Undefined property: stdClass::$white_labeling_is_enabled in /var/www/html/app/core/App.php on line 210
[26-May-2025 20:57:35 UTC] PHP Warning:  Undefined property: stdClass::$maintenance_is_enabled in /var/www/html/app/core/App.php on line 231
[26-May-2025 20:57:35 UTC] PHP Warning:  Undefined property: stdClass::$admin_spotlight_is_enabled in /var/www/html/themes/phoenix/views/admin/partials/footer.php on line 107
[26-May-2025 20:57:35 UTC] PHP Warning:  Undefined property: stdClass::$user_spotlight_is_enabled in /var/www/html/themes/phoenix/views/admin/partials/footer.php on line 107
[26-May-2025 20:57:35 UTC] PHP Warning:  Undefined property: stdClass::$admin_spotlight_is_enabled in /var/www/html/themes/phoenix/views/admin/wrapper.php on line 42
[26-May-2025 20:57:35 UTC] PHP Warning:  Undefined property: stdClass::$user_spotlight_is_enabled in /var/www/html/themes/phoenix/views/admin/wrapper.php on line 42
[26-May-2025 20:57:38 UTC] PHP Warning:  Undefined property: stdClass::$white_labeling_is_enabled in /var/www/html/app/core/App.php on line 210
[26-May-2025 20:57:38 UTC] PHP Warning:  Undefined property: stdClass::$maintenance_is_enabled in /var/www/html/app/core/App.php on line 231
[26-May-2025 20:57:38 UTC] PHP Warning:  Undefined property: stdClass::$admin_spotlight_is_enabled in /var/www/html/themes/phoenix/views/admin/settings/partials/main.php on line 87
[26-May-2025 20:57:38 UTC] PHP Warning:  Undefined property: stdClass::$user_spotlight_is_enabled in /var/www/html/themes/phoenix/views/admin/settings/partials/main.php on line 93
[26-May-2025 20:57:38 UTC] PHP Warning:  Undefined property: stdClass::$white_labeling_is_enabled in /var/www/html/themes/phoenix/views/admin/settings/partials/main.php on line 99
[26-May-2025 20:57:38 UTC] PHP Warning:  Undefined property: stdClass::$maintenance_is_enabled in /var/www/html/themes/phoenix/views/admin/settings/partials/main.php on line 201
[26-May-2025 20:57:38 UTC] PHP Warning:  Undefined property: stdClass::$maintenance_title in /var/www/html/themes/phoenix/views/admin/settings/partials/main.php on line 208
[26-May-2025 20:57:38 UTC] PHP Warning:  Undefined property: stdClass::$maintenance_description in /var/www/html/themes/phoenix/views/admin/settings/partials/main.php on line 213
[26-May-2025 20:57:38 UTC] PHP Warning:  Undefined property: stdClass::$maintenance_button_text in /var/www/html/themes/phoenix/views/admin/settings/partials/main.php on line 218
[26-May-2025 20:57:38 UTC] PHP Warning:  Undefined property: stdClass::$maintenance_button_url in /var/www/html/themes/phoenix/views/admin/settings/partials/main.php on line 223
[26-May-2025 20:57:38 UTC] PHP Warning:  Undefined property: stdClass::$admin_spotlight_is_enabled in /var/www/html/themes/phoenix/views/admin/partials/footer.php on line 107
[26-May-2025 20:57:38 UTC] PHP Warning:  Undefined property: stdClass::$user_spotlight_is_enabled in /var/www/html/themes/phoenix/views/admin/partials/footer.php on line 107
[26-May-2025 20:57:38 UTC] PHP Warning:  Undefined property: stdClass::$admin_spotlight_is_enabled in /var/www/html/themes/phoenix/views/admin/wrapper.php on line 42
[26-May-2025 20:57:38 UTC] PHP Warning:  Undefined property: stdClass::$user_spotlight_is_enabled in /var/www/html/themes/phoenix/views/admin/wrapper.php on line 42
[26-May-2025 20:57:47 UTC] PHP Warning:  Undefined property: stdClass::$white_labeling_is_enabled in /var/www/html/app/core/App.php on line 210
[26-May-2025 20:57:47 UTC] PHP Warning:  Undefined property: stdClass::$maintenance_is_enabled in /var/www/html/app/core/App.php on line 231
[26-May-2025 20:57:47 UTC] PHP Warning:  Undefined property: stdClass::$admin_spotlight_is_enabled in /var/www/html/themes/phoenix/views/admin/settings/partials/main.php on line 87
[26-May-2025 20:57:47 UTC] PHP Warning:  Undefined property: stdClass::$user_spotlight_is_enabled in /var/www/html/themes/phoenix/views/admin/settings/partials/main.php on line 93
[26-May-2025 20:57:47 UTC] PHP Warning:  Undefined property: stdClass::$white_labeling_is_enabled in /var/www/html/themes/phoenix/views/admin/settings/partials/main.php on line 99
[26-May-2025 20:57:47 UTC] PHP Warning:  Undefined property: stdClass::$maintenance_is_enabled in /var/www/html/themes/phoenix/views/admin/settings/partials/main.php on line 201
[26-May-2025 20:57:47 UTC] PHP Warning:  Undefined property: stdClass::$maintenance_title in /var/www/html/themes/phoenix/views/admin/settings/partials/main.php on line 208
[26-May-2025 20:57:47 UTC] PHP Warning:  Undefined property: stdClass::$maintenance_description in /var/www/html/themes/phoenix/views/admin/settings/partials/main.php on line 213
[26-May-2025 20:57:47 UTC] PHP Warning:  Undefined property: stdClass::$maintenance_button_text in /var/www/html/themes/phoenix/views/admin/settings/partials/main.php on line 218
[26-May-2025 20:57:47 UTC] PHP Warning:  Undefined property: stdClass::$maintenance_button_url in /var/www/html/themes/phoenix/views/admin/settings/partials/main.php on line 223
[26-May-2025 20:58:14 UTC] PHP Warning:  Undefined property: stdClass::$projects_is_enabled in /var/www/html/app/core/CustomHooks.php on line 270
[26-May-2025 20:58:14 UTC] PHP Warning:  Undefined property: stdClass::$claim_url_is_enabled in /var/www/html/themes/phoenix/views/links/create_link_modals.php on line 409
[26-May-2025 20:58:14 UTC] PHP Warning:  Undefined property: stdClass::$projects_is_enabled in /var/www/html/app/models/Projects.php on line 17
[26-May-2025 20:58:14 UTC] PHP Warning:  Undefined property: stdClass::$projects_is_enabled in /var/www/html/themes/phoenix/views/links/links_content.php on line 153
[26-May-2025 20:58:14 UTC] PHP Warning:  Undefined property: stdClass::$domains in /var/www/html/themes/phoenix/views/links/links_content.php on line 176
[26-May-2025 20:58:14 UTC] PHP Warning:  foreach() argument must be of type array|object, null given in /var/www/html/themes/phoenix/views/links/links_content.php on line 176
[26-May-2025 20:58:14 UTC] PHP Warning:  Undefined property: stdClass::$projects_is_enabled in /var/www/html/themes/phoenix/views/links/links_content.php on line 335
[26-May-2025 20:58:14 UTC] PHP Warning:  Undefined property: stdClass::$projects_is_enabled in /var/www/html/themes/phoenix/views/partials/app_sidebar.php on line 144
[26-May-2025 20:58:17 UTC] PHP Warning:  Undefined property: stdClass::$projects_is_enabled in /var/www/html/app/models/Projects.php on line 17
[26-May-2025 20:58:17 UTC] PHP Warning:  Undefined property: stdClass::$projects_is_enabled in /var/www/html/themes/phoenix/views/qr-codes/index.php on line 80
[26-May-2025 20:58:17 UTC] PHP Warning:  Undefined property: stdClass::$projects_is_enabled in /var/www/html/themes/phoenix/views/partials/app_sidebar.php on line 144
[26-May-2025 20:58:18 UTC] PHP Warning:  Undefined property: stdClass::$projects_is_enabled in /var/www/html/app/models/Projects.php on line 17
[26-May-2025 20:58:18 UTC] PHP Warning:  Undefined property: stdClass::$projects_is_enabled in /var/www/html/themes/phoenix/views/qr-code-create/index.php on line 72
[26-May-2025 20:58:18 UTC] PHP Warning:  Undefined property: stdClass::$projects_is_enabled in /var/www/html/themes/phoenix/views/partials/app_sidebar.php on line 144
